ARM GAS  /tmp/cc2Jo1hw.s 			page 1


   1              		.cpu cortex-m4
   2              		.eabi_attribute 27, 1
   3              		.eabi_attribute 28, 1
   4              		.eabi_attribute 20, 1
   5              		.eabi_attribute 21, 1
   6              		.eabi_attribute 23, 3
   7              		.eabi_attribute 24, 1
   8              		.eabi_attribute 25, 1
   9              		.eabi_attribute 26, 1
  10              		.eabi_attribute 30, 1
  11              		.eabi_attribute 34, 1
  12              		.eabi_attribute 18, 4
  13              		.file	"stm32g4xx_hal_msp.c"
  14              		.text
  15              	.Ltext0:
  16              		.cfi_sections	.debug_frame
  17              		.section	.text.HAL_MspInit,"ax",%progbits
  18              		.align	1
  19              		.global	HAL_MspInit
  20              		.arch armv7e-m
  21              		.syntax unified
  22              		.thumb
  23              		.thumb_func
  24              		.fpu fpv4-sp-d16
  26              	HAL_MspInit:
  27              	.LFB329:
  28              		.file 1 "Core/Src/stm32g4xx_hal_msp.c"
   1:Core/Src/stm32g4xx_hal_msp.c **** /* USER CODE BEGIN Header */
   2:Core/Src/stm32g4xx_hal_msp.c **** /**
   3:Core/Src/stm32g4xx_hal_msp.c ****   ******************************************************************************
   4:Core/Src/stm32g4xx_hal_msp.c ****   * @file         stm32g4xx_hal_msp.c
   5:Core/Src/stm32g4xx_hal_msp.c ****   * @brief        This file provides code for the MSP Initialization
   6:Core/Src/stm32g4xx_hal_msp.c ****   *               and de-Initialization codes.
   7:Core/Src/stm32g4xx_hal_msp.c ****   ******************************************************************************
   8:Core/Src/stm32g4xx_hal_msp.c ****   * @attention
   9:Core/Src/stm32g4xx_hal_msp.c ****   *
  10:Core/Src/stm32g4xx_hal_msp.c ****   * Copyright (c) 2026 STMicroelectronics.
  11:Core/Src/stm32g4xx_hal_msp.c ****   * All rights reserved.
  12:Core/Src/stm32g4xx_hal_msp.c ****   *
  13:Core/Src/stm32g4xx_hal_msp.c ****   * This software is licensed under terms that can be found in the LICENSE file
  14:Core/Src/stm32g4xx_hal_msp.c ****   * in the root directory of this software component.
  15:Core/Src/stm32g4xx_hal_msp.c ****   * If no LICENSE file comes with this software, it is provided AS-IS.
  16:Core/Src/stm32g4xx_hal_msp.c ****   *
  17:Core/Src/stm32g4xx_hal_msp.c ****   ******************************************************************************
  18:Core/Src/stm32g4xx_hal_msp.c ****   */
  19:Core/Src/stm32g4xx_hal_msp.c **** /* USER CODE END Header */
  20:Core/Src/stm32g4xx_hal_msp.c **** /* Includes ------------------------------------------------------------------*/
  21:Core/Src/stm32g4xx_hal_msp.c **** #include "main.h"
  22:Core/Src/stm32g4xx_hal_msp.c **** /* USER CODE BEGIN Includes */
  23:Core/Src/stm32g4xx_hal_msp.c **** 
  24:Core/Src/stm32g4xx_hal_msp.c **** /* USER CODE END Includes */
  25:Core/Src/stm32g4xx_hal_msp.c **** 
  26:Core/Src/stm32g4xx_hal_msp.c **** /* Private typedef -----------------------------------------------------------*/
  27:Core/Src/stm32g4xx_hal_msp.c **** /* USER CODE BEGIN TD */
  28:Core/Src/stm32g4xx_hal_msp.c **** 
  29:Core/Src/stm32g4xx_hal_msp.c **** /* USER CODE END TD */
  30:Core/Src/stm32g4xx_hal_msp.c **** 
ARM GAS  /tmp/cc2Jo1hw.s 			page 2


  31:Core/Src/stm32g4xx_hal_msp.c **** /* Private define ------------------------------------------------------------*/
  32:Core/Src/stm32g4xx_hal_msp.c **** /* USER CODE BEGIN Define */
  33:Core/Src/stm32g4xx_hal_msp.c **** 
  34:Core/Src/stm32g4xx_hal_msp.c **** /* USER CODE END Define */
  35:Core/Src/stm32g4xx_hal_msp.c **** 
  36:Core/Src/stm32g4xx_hal_msp.c **** /* Private macro -------------------------------------------------------------*/
  37:Core/Src/stm32g4xx_hal_msp.c **** /* USER CODE BEGIN Macro */
  38:Core/Src/stm32g4xx_hal_msp.c **** 
  39:Core/Src/stm32g4xx_hal_msp.c **** /* USER CODE END Macro */
  40:Core/Src/stm32g4xx_hal_msp.c **** 
  41:Core/Src/stm32g4xx_hal_msp.c **** /* Private variables ---------------------------------------------------------*/
  42:Core/Src/stm32g4xx_hal_msp.c **** /* USER CODE BEGIN PV */
  43:Core/Src/stm32g4xx_hal_msp.c **** 
  44:Core/Src/stm32g4xx_hal_msp.c **** /* USER CODE END PV */
  45:Core/Src/stm32g4xx_hal_msp.c **** 
  46:Core/Src/stm32g4xx_hal_msp.c **** /* Private function prototypes -----------------------------------------------*/
  47:Core/Src/stm32g4xx_hal_msp.c **** /* USER CODE BEGIN PFP */
  48:Core/Src/stm32g4xx_hal_msp.c **** 
  49:Core/Src/stm32g4xx_hal_msp.c **** /* USER CODE END PFP */
  50:Core/Src/stm32g4xx_hal_msp.c **** 
  51:Core/Src/stm32g4xx_hal_msp.c **** /* External functions --------------------------------------------------------*/
  52:Core/Src/stm32g4xx_hal_msp.c **** /* USER CODE BEGIN ExternalFunctions */
  53:Core/Src/stm32g4xx_hal_msp.c **** 
  54:Core/Src/stm32g4xx_hal_msp.c **** /* USER CODE END ExternalFunctions */
  55:Core/Src/stm32g4xx_hal_msp.c **** 
  56:Core/Src/stm32g4xx_hal_msp.c **** /* USER CODE BEGIN 0 */
  57:Core/Src/stm32g4xx_hal_msp.c **** 
  58:Core/Src/stm32g4xx_hal_msp.c **** /* USER CODE END 0 */
  59:Core/Src/stm32g4xx_hal_msp.c **** 
  60:Core/Src/stm32g4xx_hal_msp.c **** void HAL_TIM_MspPostInit(TIM_HandleTypeDef *htim);
  61:Core/Src/stm32g4xx_hal_msp.c ****                     /**
  62:Core/Src/stm32g4xx_hal_msp.c ****   * Initializes the Global MSP.
  63:Core/Src/stm32g4xx_hal_msp.c ****   */
  64:Core/Src/stm32g4xx_hal_msp.c **** void HAL_MspInit(void)
  65:Core/Src/stm32g4xx_hal_msp.c **** {
  29              		.loc 1 65 1 view -0
  30              		.cfi_startproc
  31              		@ args = 0, pretend = 0, frame = 8
  32              		@ frame_needed = 0, uses_anonymous_args = 0
  33 0000 00B5     		push	{lr}
  34              	.LCFI0:
  35              		.cfi_def_cfa_offset 4
  36              		.cfi_offset 14, -4
  37 0002 83B0     		sub	sp, sp, #12
  38              	.LCFI1:
  39              		.cfi_def_cfa_offset 16
  66:Core/Src/stm32g4xx_hal_msp.c **** 
  67:Core/Src/stm32g4xx_hal_msp.c ****   /* USER CODE BEGIN MspInit 0 */
  68:Core/Src/stm32g4xx_hal_msp.c **** 
  69:Core/Src/stm32g4xx_hal_msp.c ****   /* USER CODE END MspInit 0 */
  70:Core/Src/stm32g4xx_hal_msp.c **** 
  71:Core/Src/stm32g4xx_hal_msp.c ****   __HAL_RCC_SYSCFG_CLK_ENABLE();
  40              		.loc 1 71 3 view .LVU1
  41              	.LBB2:
  42              		.loc 1 71 3 view .LVU2
  43              		.loc 1 71 3 view .LVU3
  44 0004 0B4B     		ldr	r3, .L3
ARM GAS  /tmp/cc2Jo1hw.s 			page 3


  45 0006 1A6E     		ldr	r2, [r3, #96]
  46 0008 42F00102 		orr	r2, r2, #1
  47 000c 1A66     		str	r2, [r3, #96]
  48              		.loc 1 71 3 view .LVU4
  49 000e 1A6E     		ldr	r2, [r3, #96]
  50 0010 02F00102 		and	r2, r2, #1
  51 0014 0092     		str	r2, [sp]
  52              		.loc 1 71 3 view .LVU5
  53 0016 009A     		ldr	r2, [sp]
  54              	.LBE2:
  55              		.loc 1 71 3 view .LVU6
  72:Core/Src/stm32g4xx_hal_msp.c ****   __HAL_RCC_PWR_CLK_ENABLE();
  56              		.loc 1 72 3 view .LVU7
  57              	.LBB3:
  58              		.loc 1 72 3 view .LVU8
  59              		.loc 1 72 3 view .LVU9
  60 0018 9A6D     		ldr	r2, [r3, #88]
  61 001a 42F08052 		orr	r2, r2, #268435456
  62 001e 9A65     		str	r2, [r3, #88]
  63              		.loc 1 72 3 view .LVU10
  64 0020 9B6D     		ldr	r3, [r3, #88]
  65 0022 03F08053 		and	r3, r3, #268435456
  66 0026 0193     		str	r3, [sp, #4]
  67              		.loc 1 72 3 view .LVU11
  68 0028 019B     		ldr	r3, [sp, #4]
  69              	.LBE3:
  70              		.loc 1 72 3 view .LVU12
  73:Core/Src/stm32g4xx_hal_msp.c **** 
  74:Core/Src/stm32g4xx_hal_msp.c ****   /* System interrupt init*/
  75:Core/Src/stm32g4xx_hal_msp.c **** 
  76:Core/Src/stm32g4xx_hal_msp.c ****   /** Disable the internal Pull-Up in Dead Battery pins of UCPD peripheral
  77:Core/Src/stm32g4xx_hal_msp.c ****   */
  78:Core/Src/stm32g4xx_hal_msp.c ****   HAL_PWREx_DisableUCPDDeadBattery();
  71              		.loc 1 78 3 view .LVU13
  72 002a FFF7FEFF 		bl	HAL_PWREx_DisableUCPDDeadBattery
  73              	.LVL0:
  79:Core/Src/stm32g4xx_hal_msp.c **** 
  80:Core/Src/stm32g4xx_hal_msp.c ****   /* USER CODE BEGIN MspInit 1 */
  81:Core/Src/stm32g4xx_hal_msp.c **** 
  82:Core/Src/stm32g4xx_hal_msp.c ****   /* USER CODE END MspInit 1 */
  83:Core/Src/stm32g4xx_hal_msp.c **** }
  74              		.loc 1 83 1 is_stmt 0 view .LVU14
  75 002e 03B0     		add	sp, sp, #12
  76              	.LCFI2:
  77              		.cfi_def_cfa_offset 4
  78              		@ sp needed
  79 0030 5DF804FB 		ldr	pc, [sp], #4
  80              	.L4:
  81              		.align	2
  82              	.L3:
  83 0034 00100240 		.word	1073876992
  84              		.cfi_endproc
  85              	.LFE329:
  87              		.section	.text.HAL_ADC_MspInit,"ax",%progbits
  88              		.align	1
  89              		.global	HAL_ADC_MspInit
  90              		.syntax unified
ARM GAS  /tmp/cc2Jo1hw.s 			page 4


  91              		.thumb
  92              		.thumb_func
  93              		.fpu fpv4-sp-d16
  95              	HAL_ADC_MspInit:
  96              	.LVL1:
  97              	.LFB330:
  84:Core/Src/stm32g4xx_hal_msp.c **** 
  85:Core/Src/stm32g4xx_hal_msp.c **** /**
  86:Core/Src/stm32g4xx_hal_msp.c ****   * @brief ADC MSP Initialization
  87:Core/Src/stm32g4xx_hal_msp.c ****   * This function configures the hardware resources used in this example
  88:Core/Src/stm32g4xx_hal_msp.c ****   * @param hadc: ADC handle pointer
  89:Core/Src/stm32g4xx_hal_msp.c ****   * @retval None
  90:Core/Src/stm32g4xx_hal_msp.c ****   */
  91:Core/Src/stm32g4xx_hal_msp.c **** void HAL_ADC_MspInit(ADC_HandleTypeDef* hadc)
  92:Core/Src/stm32g4xx_hal_msp.c **** {
  98              		.loc 1 92 1 is_stmt 1 view -0
  99              		.cfi_startproc
 100              		@ args = 0, pretend = 0, frame = 120
 101              		@ frame_needed = 0, uses_anonymous_args = 0
 102              		.loc 1 92 1 is_stmt 0 view .LVU16
 103 0000 30B5     		push	{r4, r5, lr}
 104              	.LCFI3:
 105              		.cfi_def_cfa_offset 12
 106              		.cfi_offset 4, -12
 107              		.cfi_offset 5, -8
 108              		.cfi_offset 14, -4
 109 0002 9FB0     		sub	sp, sp, #124
 110              	.LCFI4:
 111              		.cfi_def_cfa_offset 136
 112 0004 0446     		mov	r4, r0
  93:Core/Src/stm32g4xx_hal_msp.c ****   GPIO_InitTypeDef GPIO_InitStruct = {0};
 113              		.loc 1 93 3 is_stmt 1 view .LVU17
 114              		.loc 1 93 20 is_stmt 0 view .LVU18
 115 0006 0021     		movs	r1, #0
 116 0008 1991     		str	r1, [sp, #100]
 117 000a 1A91     		str	r1, [sp, #104]
 118 000c 1B91     		str	r1, [sp, #108]
 119 000e 1C91     		str	r1, [sp, #112]
 120 0010 1D91     		str	r1, [sp, #116]
  94:Core/Src/stm32g4xx_hal_msp.c ****   RCC_PeriphCLKInitTypeDef PeriphClkInit = {0};
 121              		.loc 1 94 3 is_stmt 1 view .LVU19
 122              		.loc 1 94 28 is_stmt 0 view .LVU20
 123 0012 5422     		movs	r2, #84
 124 0014 04A8     		add	r0, sp, #16
 125              	.LVL2:
 126              		.loc 1 94 28 view .LVU21
 127 0016 FFF7FEFF 		bl	memset
 128              	.LVL3:
  95:Core/Src/stm32g4xx_hal_msp.c ****   if(hadc->Instance==ADC1)
 129              		.loc 1 95 3 is_stmt 1 view .LVU22
 130              		.loc 1 95 10 is_stmt 0 view .LVU23
 131 001a 2368     		ldr	r3, [r4]
 132              		.loc 1 95 5 view .LVU24
 133 001c B3F1A04F 		cmp	r3, #1342177280
 134 0020 01D0     		beq	.L9
 135              	.LVL4:
 136              	.L5:
ARM GAS  /tmp/cc2Jo1hw.s 			page 5


  96:Core/Src/stm32g4xx_hal_msp.c ****   {
  97:Core/Src/stm32g4xx_hal_msp.c ****     /* USER CODE BEGIN ADC1_MspInit 0 */
  98:Core/Src/stm32g4xx_hal_msp.c **** 
  99:Core/Src/stm32g4xx_hal_msp.c ****     /* USER CODE END ADC1_MspInit 0 */
 100:Core/Src/stm32g4xx_hal_msp.c **** 
 101:Core/Src/stm32g4xx_hal_msp.c ****   /** Initializes the peripherals clocks
 102:Core/Src/stm32g4xx_hal_msp.c ****   */
 103:Core/Src/stm32g4xx_hal_msp.c ****     PeriphClkInit.PeriphClockSelection = RCC_PERIPHCLK_ADC12;
 104:Core/Src/stm32g4xx_hal_msp.c ****     PeriphClkInit.Adc12ClockSelection = RCC_ADC12CLKSOURCE_SYSCLK;
 105:Core/Src/stm32g4xx_hal_msp.c ****     if (HAL_RCCEx_PeriphCLKConfig(&PeriphClkInit) != HAL_OK)
 106:Core/Src/stm32g4xx_hal_msp.c ****     {
 107:Core/Src/stm32g4xx_hal_msp.c ****       Error_Handler();
 108:Core/Src/stm32g4xx_hal_msp.c ****     }
 109:Core/Src/stm32g4xx_hal_msp.c **** 
 110:Core/Src/stm32g4xx_hal_msp.c ****     /* Peripheral clock enable */
 111:Core/Src/stm32g4xx_hal_msp.c ****     __HAL_RCC_ADC12_CLK_ENABLE();
 112:Core/Src/stm32g4xx_hal_msp.c **** 
 113:Core/Src/stm32g4xx_hal_msp.c ****     __HAL_RCC_GPIOA_CLK_ENABLE();
 114:Core/Src/stm32g4xx_hal_msp.c ****     __HAL_RCC_GPIOB_CLK_ENABLE();
 115:Core/Src/stm32g4xx_hal_msp.c ****     /**ADC1 GPIO Configuration
 116:Core/Src/stm32g4xx_hal_msp.c ****     PA0     ------> ADC1_IN1
 117:Core/Src/stm32g4xx_hal_msp.c ****     PA1     ------> ADC1_IN2
 118:Core/Src/stm32g4xx_hal_msp.c ****     PA2     ------> ADC1_IN3
 119:Core/Src/stm32g4xx_hal_msp.c ****     PA3     ------> ADC1_IN4
 120:Core/Src/stm32g4xx_hal_msp.c ****     PB0     ------> ADC1_IN15
 121:Core/Src/stm32g4xx_hal_msp.c ****     PB1     ------> ADC1_IN12
 122:Core/Src/stm32g4xx_hal_msp.c ****     PB11     ------> ADC1_IN14
 123:Core/Src/stm32g4xx_hal_msp.c ****     PB12     ------> ADC1_IN11
 124:Core/Src/stm32g4xx_hal_msp.c ****     */
 125:Core/Src/stm32g4xx_hal_msp.c ****     GPIO_InitStruct.Pin = GPIO_PIN_0|GPIO_PIN_1|GPIO_PIN_2|GPIO_PIN_3;
 126:Core/Src/stm32g4xx_hal_msp.c ****     GPIO_InitStruct.Mode = GPIO_MODE_ANALOG;
 127:Core/Src/stm32g4xx_hal_msp.c ****     GPIO_InitStruct.Pull = GPIO_NOPULL;
 128:Core/Src/stm32g4xx_hal_msp.c ****     HAL_GPIO_Init(GPIOA, &GPIO_InitStruct);
 129:Core/Src/stm32g4xx_hal_msp.c **** 
 130:Core/Src/stm32g4xx_hal_msp.c ****     GPIO_InitStruct.Pin = GPIO_PIN_0|GPIO_PIN_1|GPIO_PIN_11|GPIO_PIN_12;
 131:Core/Src/stm32g4xx_hal_msp.c ****     GPIO_InitStruct.Mode = GPIO_MODE_ANALOG;
 132:Core/Src/stm32g4xx_hal_msp.c ****     GPIO_InitStruct.Pull = GPIO_NOPULL;
 133:Core/Src/stm32g4xx_hal_msp.c ****     HAL_GPIO_Init(GPIOB, &GPIO_InitStruct);
 134:Core/Src/stm32g4xx_hal_msp.c **** 
 135:Core/Src/stm32g4xx_hal_msp.c ****     /* ADC1 interrupt Init */
 136:Core/Src/stm32g4xx_hal_msp.c ****     HAL_NVIC_SetPriority(ADC1_2_IRQn, 0, 0);
 137:Core/Src/stm32g4xx_hal_msp.c ****     HAL_NVIC_EnableIRQ(ADC1_2_IRQn);
 138:Core/Src/stm32g4xx_hal_msp.c ****     /* USER CODE BEGIN ADC1_MspInit 1 */
 139:Core/Src/stm32g4xx_hal_msp.c **** 
 140:Core/Src/stm32g4xx_hal_msp.c ****     /* USER CODE END ADC1_MspInit 1 */
 141:Core/Src/stm32g4xx_hal_msp.c **** 
 142:Core/Src/stm32g4xx_hal_msp.c ****   }
 143:Core/Src/stm32g4xx_hal_msp.c **** 
 144:Core/Src/stm32g4xx_hal_msp.c **** }
 137              		.loc 1 144 1 view .LVU25
 138 0022 1FB0     		add	sp, sp, #124
 139              	.LCFI5:
 140              		.cfi_remember_state
 141              		.cfi_def_cfa_offset 12
 142              		@ sp needed
 143 0024 30BD     		pop	{r4, r5, pc}
 144              	.LVL5:
ARM GAS  /tmp/cc2Jo1hw.s 			page 6


 145              	.L9:
 146              	.LCFI6:
 147              		.cfi_restore_state
 103:Core/Src/stm32g4xx_hal_msp.c ****     PeriphClkInit.Adc12ClockSelection = RCC_ADC12CLKSOURCE_SYSCLK;
 148              		.loc 1 103 5 is_stmt 1 view .LVU26
 103:Core/Src/stm32g4xx_hal_msp.c ****     PeriphClkInit.Adc12ClockSelection = RCC_ADC12CLKSOURCE_SYSCLK;
 149              		.loc 1 103 40 is_stmt 0 view .LVU27
 150 0026 4FF40043 		mov	r3, #32768
 151 002a 0493     		str	r3, [sp, #16]
 104:Core/Src/stm32g4xx_hal_msp.c ****     if (HAL_RCCEx_PeriphCLKConfig(&PeriphClkInit) != HAL_OK)
 152              		.loc 1 104 5 is_stmt 1 view .LVU28
 104:Core/Src/stm32g4xx_hal_msp.c ****     if (HAL_RCCEx_PeriphCLKConfig(&PeriphClkInit) != HAL_OK)
 153              		.loc 1 104 39 is_stmt 0 view .LVU29
 154 002c 4FF00053 		mov	r3, #536870912
 155 0030 1593     		str	r3, [sp, #84]
 105:Core/Src/stm32g4xx_hal_msp.c ****     {
 156              		.loc 1 105 5 is_stmt 1 view .LVU30
 105:Core/Src/stm32g4xx_hal_msp.c ****     {
 157              		.loc 1 105 9 is_stmt 0 view .LVU31
 158 0032 04A8     		add	r0, sp, #16
 159 0034 FFF7FEFF 		bl	HAL_RCCEx_PeriphCLKConfig
 160              	.LVL6:
 105:Core/Src/stm32g4xx_hal_msp.c ****     {
 161              		.loc 1 105 8 view .LVU32
 162 0038 0028     		cmp	r0, #0
 163 003a 38D1     		bne	.L10
 164              	.L7:
 111:Core/Src/stm32g4xx_hal_msp.c **** 
 165              		.loc 1 111 5 is_stmt 1 view .LVU33
 166              	.LBB4:
 111:Core/Src/stm32g4xx_hal_msp.c **** 
 167              		.loc 1 111 5 view .LVU34
 111:Core/Src/stm32g4xx_hal_msp.c **** 
 168              		.loc 1 111 5 view .LVU35
 169 003c 1D4B     		ldr	r3, .L11
 170 003e DA6C     		ldr	r2, [r3, #76]
 171 0040 42F40052 		orr	r2, r2, #8192
 172 0044 DA64     		str	r2, [r3, #76]
 111:Core/Src/stm32g4xx_hal_msp.c **** 
 173              		.loc 1 111 5 view .LVU36
 174 0046 DA6C     		ldr	r2, [r3, #76]
 175 0048 02F40052 		and	r2, r2, #8192
 176 004c 0192     		str	r2, [sp, #4]
 111:Core/Src/stm32g4xx_hal_msp.c **** 
 177              		.loc 1 111 5 view .LVU37
 178 004e 019A     		ldr	r2, [sp, #4]
 179              	.LBE4:
 111:Core/Src/stm32g4xx_hal_msp.c **** 
 180              		.loc 1 111 5 view .LVU38
 113:Core/Src/stm32g4xx_hal_msp.c ****     __HAL_RCC_GPIOB_CLK_ENABLE();
 181              		.loc 1 113 5 view .LVU39
 182              	.LBB5:
 113:Core/Src/stm32g4xx_hal_msp.c ****     __HAL_RCC_GPIOB_CLK_ENABLE();
 183              		.loc 1 113 5 view .LVU40
 113:Core/Src/stm32g4xx_hal_msp.c ****     __HAL_RCC_GPIOB_CLK_ENABLE();
 184              		.loc 1 113 5 view .LVU41
 185 0050 DA6C     		ldr	r2, [r3, #76]
ARM GAS  /tmp/cc2Jo1hw.s 			page 7


 186 0052 42F00102 		orr	r2, r2, #1
 187 0056 DA64     		str	r2, [r3, #76]
 113:Core/Src/stm32g4xx_hal_msp.c ****     __HAL_RCC_GPIOB_CLK_ENABLE();
 188              		.loc 1 113 5 view .LVU42
 189 0058 DA6C     		ldr	r2, [r3, #76]
 190 005a 02F00102 		and	r2, r2, #1
 191 005e 0292     		str	r2, [sp, #8]
 113:Core/Src/stm32g4xx_hal_msp.c ****     __HAL_RCC_GPIOB_CLK_ENABLE();
 192              		.loc 1 113 5 view .LVU43
 193 0060 029A     		ldr	r2, [sp, #8]
 194              	.LBE5:
 113:Core/Src/stm32g4xx_hal_msp.c ****     __HAL_RCC_GPIOB_CLK_ENABLE();
 195              		.loc 1 113 5 view .LVU44
 114:Core/Src/stm32g4xx_hal_msp.c ****     /**ADC1 GPIO Configuration
 196              		.loc 1 114 5 view .LVU45
 197              	.LBB6:
 114:Core/Src/stm32g4xx_hal_msp.c ****     /**ADC1 GPIO Configuration
 198              		.loc 1 114 5 view .LVU46
 114:Core/Src/stm32g4xx_hal_msp.c ****     /**ADC1 GPIO Configuration
 199              		.loc 1 114 5 view .LVU47
 200 0062 DA6C     		ldr	r2, [r3, #76]
 201 0064 42F00202 		orr	r2, r2, #2
 202 0068 DA64     		str	r2, [r3, #76]
 114:Core/Src/stm32g4xx_hal_msp.c ****     /**ADC1 GPIO Configuration
 203              		.loc 1 114 5 view .LVU48
 204 006a DB6C     		ldr	r3, [r3, #76]
 205 006c 03F00203 		and	r3, r3, #2
 206 0070 0393     		str	r3, [sp, #12]
 114:Core/Src/stm32g4xx_hal_msp.c ****     /**ADC1 GPIO Configuration
 207              		.loc 1 114 5 view .LVU49
 208 0072 039B     		ldr	r3, [sp, #12]
 209              	.LBE6:
 114:Core/Src/stm32g4xx_hal_msp.c ****     /**ADC1 GPIO Configuration
 210              		.loc 1 114 5 view .LVU50
 125:Core/Src/stm32g4xx_hal_msp.c ****     GPIO_InitStruct.Mode = GPIO_MODE_ANALOG;
 211              		.loc 1 125 5 view .LVU51
 125:Core/Src/stm32g4xx_hal_msp.c ****     GPIO_InitStruct.Mode = GPIO_MODE_ANALOG;
 212              		.loc 1 125 25 is_stmt 0 view .LVU52
 213 0074 0F23     		movs	r3, #15
 214 0076 1993     		str	r3, [sp, #100]
 126:Core/Src/stm32g4xx_hal_msp.c ****     GPIO_InitStruct.Pull = GPIO_NOPULL;
 215              		.loc 1 126 5 is_stmt 1 view .LVU53
 126:Core/Src/stm32g4xx_hal_msp.c ****     GPIO_InitStruct.Pull = GPIO_NOPULL;
 216              		.loc 1 126 26 is_stmt 0 view .LVU54
 217 0078 0325     		movs	r5, #3
 218 007a 1A95     		str	r5, [sp, #104]
 127:Core/Src/stm32g4xx_hal_msp.c ****     HAL_GPIO_Init(GPIOA, &GPIO_InitStruct);
 219              		.loc 1 127 5 is_stmt 1 view .LVU55
 127:Core/Src/stm32g4xx_hal_msp.c ****     HAL_GPIO_Init(GPIOA, &GPIO_InitStruct);
 220              		.loc 1 127 26 is_stmt 0 view .LVU56
 221 007c 0024     		movs	r4, #0
 222              	.LVL7:
 127:Core/Src/stm32g4xx_hal_msp.c ****     HAL_GPIO_Init(GPIOA, &GPIO_InitStruct);
 223              		.loc 1 127 26 view .LVU57
 224 007e 1B94     		str	r4, [sp, #108]
 128:Core/Src/stm32g4xx_hal_msp.c **** 
 225              		.loc 1 128 5 is_stmt 1 view .LVU58
ARM GAS  /tmp/cc2Jo1hw.s 			page 8


 226 0080 19A9     		add	r1, sp, #100
 227 0082 4FF09040 		mov	r0, #1207959552
 228 0086 FFF7FEFF 		bl	HAL_GPIO_Init
 229              	.LVL8:
 130:Core/Src/stm32g4xx_hal_msp.c ****     GPIO_InitStruct.Mode = GPIO_MODE_ANALOG;
 230              		.loc 1 130 5 view .LVU59
 130:Core/Src/stm32g4xx_hal_msp.c ****     GPIO_InitStruct.Mode = GPIO_MODE_ANALOG;
 231              		.loc 1 130 25 is_stmt 0 view .LVU60
 232 008a 41F60303 		movw	r3, #6147
 233 008e 1993     		str	r3, [sp, #100]
 131:Core/Src/stm32g4xx_hal_msp.c ****     GPIO_InitStruct.Pull = GPIO_NOPULL;
 234              		.loc 1 131 5 is_stmt 1 view .LVU61
 131:Core/Src/stm32g4xx_hal_msp.c ****     GPIO_InitStruct.Pull = GPIO_NOPULL;
 235              		.loc 1 131 26 is_stmt 0 view .LVU62
 236 0090 1A95     		str	r5, [sp, #104]
 132:Core/Src/stm32g4xx_hal_msp.c ****     HAL_GPIO_Init(GPIOB, &GPIO_InitStruct);
 237              		.loc 1 132 5 is_stmt 1 view .LVU63
 132:Core/Src/stm32g4xx_hal_msp.c ****     HAL_GPIO_Init(GPIOB, &GPIO_InitStruct);
 238              		.loc 1 132 26 is_stmt 0 view .LVU64
 239 0092 1B94     		str	r4, [sp, #108]
 133:Core/Src/stm32g4xx_hal_msp.c **** 
 240              		.loc 1 133 5 is_stmt 1 view .LVU65
 241 0094 19A9     		add	r1, sp, #100
 242 0096 0848     		ldr	r0, .L11+4
 243 0098 FFF7FEFF 		bl	HAL_GPIO_Init
 244              	.LVL9:
 136:Core/Src/stm32g4xx_hal_msp.c ****     HAL_NVIC_EnableIRQ(ADC1_2_IRQn);
 245              		.loc 1 136 5 view .LVU66
 246 009c 2246     		mov	r2, r4
 247 009e 2146     		mov	r1, r4
 248 00a0 1220     		movs	r0, #18
 249 00a2 FFF7FEFF 		bl	HAL_NVIC_SetPriority
 250              	.LVL10:
 137:Core/Src/stm32g4xx_hal_msp.c ****     /* USER CODE BEGIN ADC1_MspInit 1 */
 251              		.loc 1 137 5 view .LVU67
 252 00a6 1220     		movs	r0, #18
 253 00a8 FFF7FEFF 		bl	HAL_NVIC_EnableIRQ
 254              	.LVL11:
 255              		.loc 1 144 1 is_stmt 0 view .LVU68
 256 00ac B9E7     		b	.L5
 257              	.LVL12:
 258              	.L10:
 107:Core/Src/stm32g4xx_hal_msp.c ****     }
 259              		.loc 1 107 7 is_stmt 1 view .LVU69
 260 00ae FFF7FEFF 		bl	Error_Handler
 261              	.LVL13:
 262 00b2 C3E7     		b	.L7
 263              	.L12:
 264              		.align	2
 265              	.L11:
 266 00b4 00100240 		.word	1073876992
 267 00b8 00040048 		.word	1207960576
 268              		.cfi_endproc
 269              	.LFE330:
 271              		.section	.text.HAL_ADC_MspDeInit,"ax",%progbits
 272              		.align	1
 273              		.global	HAL_ADC_MspDeInit
ARM GAS  /tmp/cc2Jo1hw.s 			page 9


 274              		.syntax unified
 275              		.thumb
 276              		.thumb_func
 277              		.fpu fpv4-sp-d16
 279              	HAL_ADC_MspDeInit:
 280              	.LVL14:
 281              	.LFB331:
 145:Core/Src/stm32g4xx_hal_msp.c **** 
 146:Core/Src/stm32g4xx_hal_msp.c **** /**
 147:Core/Src/stm32g4xx_hal_msp.c ****   * @brief ADC MSP De-Initialization
 148:Core/Src/stm32g4xx_hal_msp.c ****   * This function freeze the hardware resources used in this example
 149:Core/Src/stm32g4xx_hal_msp.c ****   * @param hadc: ADC handle pointer
 150:Core/Src/stm32g4xx_hal_msp.c ****   * @retval None
 151:Core/Src/stm32g4xx_hal_msp.c ****   */
 152:Core/Src/stm32g4xx_hal_msp.c **** void HAL_ADC_MspDeInit(ADC_HandleTypeDef* hadc)
 153:Core/Src/stm32g4xx_hal_msp.c **** {
 282              		.loc 1 153 1 view -0
 283              		.cfi_startproc
 284              		@ args = 0, pretend = 0, frame = 0
 285              		@ frame_needed = 0, uses_anonymous_args = 0
 286              		.loc 1 153 1 is_stmt 0 view .LVU71
 287 0000 08B5     		push	{r3, lr}
 288              	.LCFI7:
 289              		.cfi_def_cfa_offset 8
 290              		.cfi_offset 3, -8
 291              		.cfi_offset 14, -4
 154:Core/Src/stm32g4xx_hal_msp.c ****   if(hadc->Instance==ADC1)
 292              		.loc 1 154 3 is_stmt 1 view .LVU72
 293              		.loc 1 154 10 is_stmt 0 view .LVU73
 294 0002 0368     		ldr	r3, [r0]
 295              		.loc 1 154 5 view .LVU74
 296 0004 B3F1A04F 		cmp	r3, #1342177280
 297 0008 00D0     		beq	.L16
 298              	.LVL15:
 299              	.L13:
 155:Core/Src/stm32g4xx_hal_msp.c ****   {
 156:Core/Src/stm32g4xx_hal_msp.c ****     /* USER CODE BEGIN ADC1_MspDeInit 0 */
 157:Core/Src/stm32g4xx_hal_msp.c **** 
 158:Core/Src/stm32g4xx_hal_msp.c ****     /* USER CODE END ADC1_MspDeInit 0 */
 159:Core/Src/stm32g4xx_hal_msp.c ****     /* Peripheral clock disable */
 160:Core/Src/stm32g4xx_hal_msp.c ****     __HAL_RCC_ADC12_CLK_DISABLE();
 161:Core/Src/stm32g4xx_hal_msp.c **** 
 162:Core/Src/stm32g4xx_hal_msp.c ****     /**ADC1 GPIO Configuration
 163:Core/Src/stm32g4xx_hal_msp.c ****     PA0     ------> ADC1_IN1
 164:Core/Src/stm32g4xx_hal_msp.c ****     PA1     ------> ADC1_IN2
 165:Core/Src/stm32g4xx_hal_msp.c ****     PA2     ------> ADC1_IN3
 166:Core/Src/stm32g4xx_hal_msp.c ****     PA3     ------> ADC1_IN4
 167:Core/Src/stm32g4xx_hal_msp.c ****     PB0     ------> ADC1_IN15
 168:Core/Src/stm32g4xx_hal_msp.c ****     PB1     ------> ADC1_IN12
 169:Core/Src/stm32g4xx_hal_msp.c ****     PB11     ------> ADC1_IN14
 170:Core/Src/stm32g4xx_hal_msp.c ****     PB12     ------> ADC1_IN11
 171:Core/Src/stm32g4xx_hal_msp.c ****     */
 172:Core/Src/stm32g4xx_hal_msp.c ****     HAL_GPIO_DeInit(GPIOA, GPIO_PIN_0|GPIO_PIN_1|GPIO_PIN_2|GPIO_PIN_3);
 173:Core/Src/stm32g4xx_hal_msp.c **** 
 174:Core/Src/stm32g4xx_hal_msp.c ****     HAL_GPIO_DeInit(GPIOB, GPIO_PIN_0|GPIO_PIN_1|GPIO_PIN_11|GPIO_PIN_12);
 175:Core/Src/stm32g4xx_hal_msp.c **** 
 176:Core/Src/stm32g4xx_hal_msp.c ****     /* ADC1 interrupt DeInit */
ARM GAS  /tmp/cc2Jo1hw.s 			page 10


 177:Core/Src/stm32g4xx_hal_msp.c ****     HAL_NVIC_DisableIRQ(ADC1_2_IRQn);
 178:Core/Src/stm32g4xx_hal_msp.c ****     /* USER CODE BEGIN ADC1_MspDeInit 1 */
 179:Core/Src/stm32g4xx_hal_msp.c **** 
 180:Core/Src/stm32g4xx_hal_msp.c ****     /* USER CODE END ADC1_MspDeInit 1 */
 181:Core/Src/stm32g4xx_hal_msp.c ****   }
 182:Core/Src/stm32g4xx_hal_msp.c **** 
 183:Core/Src/stm32g4xx_hal_msp.c **** }
 300              		.loc 1 183 1 view .LVU75
 301 000a 08BD     		pop	{r3, pc}
 302              	.LVL16:
 303              	.L16:
 160:Core/Src/stm32g4xx_hal_msp.c **** 
 304              		.loc 1 160 5 is_stmt 1 view .LVU76
 305 000c 094A     		ldr	r2, .L17
 306 000e D36C     		ldr	r3, [r2, #76]
 307 0010 23F40053 		bic	r3, r3, #8192
 308 0014 D364     		str	r3, [r2, #76]
 172:Core/Src/stm32g4xx_hal_msp.c **** 
 309              		.loc 1 172 5 view .LVU77
 310 0016 0F21     		movs	r1, #15
 311 0018 4FF09040 		mov	r0, #1207959552
 312              	.LVL17:
 172:Core/Src/stm32g4xx_hal_msp.c **** 
 313              		.loc 1 172 5 is_stmt 0 view .LVU78
 314 001c FFF7FEFF 		bl	HAL_GPIO_DeInit
 315              	.LVL18:
 174:Core/Src/stm32g4xx_hal_msp.c **** 
 316              		.loc 1 174 5 is_stmt 1 view .LVU79
 317 0020 41F60301 		movw	r1, #6147
 318 0024 0448     		ldr	r0, .L17+4
 319 0026 FFF7FEFF 		bl	HAL_GPIO_DeInit
 320              	.LVL19:
 177:Core/Src/stm32g4xx_hal_msp.c ****     /* USER CODE BEGIN ADC1_MspDeInit 1 */
 321              		.loc 1 177 5 view .LVU80
 322 002a 1220     		movs	r0, #18
 323 002c FFF7FEFF 		bl	HAL_NVIC_DisableIRQ
 324              	.LVL20:
 325              		.loc 1 183 1 is_stmt 0 view .LVU81
 326 0030 EBE7     		b	.L13
 327              	.L18:
 328 0032 00BF     		.align	2
 329              	.L17:
 330 0034 00100240 		.word	1073876992
 331 0038 00040048 		.word	1207960576
 332              		.cfi_endproc
 333              	.LFE331:
 335              		.section	.text.HAL_SPI_MspInit,"ax",%progbits
 336              		.align	1
 337              		.global	HAL_SPI_MspInit
 338              		.syntax unified
 339              		.thumb
 340              		.thumb_func
 341              		.fpu fpv4-sp-d16
 343              	HAL_SPI_MspInit:
 344              	.LVL21:
 345              	.LFB332:
 184:Core/Src/stm32g4xx_hal_msp.c **** 
ARM GAS  /tmp/cc2Jo1hw.s 			page 11


 185:Core/Src/stm32g4xx_hal_msp.c **** /**
 186:Core/Src/stm32g4xx_hal_msp.c ****   * @brief SPI MSP Initialization
 187:Core/Src/stm32g4xx_hal_msp.c ****   * This function configures the hardware resources used in this example
 188:Core/Src/stm32g4xx_hal_msp.c ****   * @param hspi: SPI handle pointer
 189:Core/Src/stm32g4xx_hal_msp.c ****   * @retval None
 190:Core/Src/stm32g4xx_hal_msp.c ****   */
 191:Core/Src/stm32g4xx_hal_msp.c **** void HAL_SPI_MspInit(SPI_HandleTypeDef* hspi)
 192:Core/Src/stm32g4xx_hal_msp.c **** {
 346              		.loc 1 192 1 is_stmt 1 view -0
 347              		.cfi_startproc
 348              		@ args = 0, pretend = 0, frame = 32
 349              		@ frame_needed = 0, uses_anonymous_args = 0
 350              		.loc 1 192 1 is_stmt 0 view .LVU83
 351 0000 00B5     		push	{lr}
 352              	.LCFI8:
 353              		.cfi_def_cfa_offset 4
 354              		.cfi_offset 14, -4
 355 0002 89B0     		sub	sp, sp, #36
 356              	.LCFI9:
 357              		.cfi_def_cfa_offset 40
 193:Core/Src/stm32g4xx_hal_msp.c ****   GPIO_InitTypeDef GPIO_InitStruct = {0};
 358              		.loc 1 193 3 is_stmt 1 view .LVU84
 359              		.loc 1 193 20 is_stmt 0 view .LVU85
 360 0004 0023     		movs	r3, #0
 361 0006 0393     		str	r3, [sp, #12]
 362 0008 0493     		str	r3, [sp, #16]
 363 000a 0593     		str	r3, [sp, #20]
 364 000c 0693     		str	r3, [sp, #24]
 365 000e 0793     		str	r3, [sp, #28]
 194:Core/Src/stm32g4xx_hal_msp.c ****   if(hspi->Instance==SPI1)
 366              		.loc 1 194 3 is_stmt 1 view .LVU86
 367              		.loc 1 194 10 is_stmt 0 view .LVU87
 368 0010 0268     		ldr	r2, [r0]
 369              		.loc 1 194 5 view .LVU88
 370 0012 134B     		ldr	r3, .L23
 371 0014 9A42     		cmp	r2, r3
 372 0016 02D0     		beq	.L22
 373              	.LVL22:
 374              	.L19:
 195:Core/Src/stm32g4xx_hal_msp.c ****   {
 196:Core/Src/stm32g4xx_hal_msp.c ****     /* USER CODE BEGIN SPI1_MspInit 0 */
 197:Core/Src/stm32g4xx_hal_msp.c **** 
 198:Core/Src/stm32g4xx_hal_msp.c ****     /* USER CODE END SPI1_MspInit 0 */
 199:Core/Src/stm32g4xx_hal_msp.c ****     /* Peripheral clock enable */
 200:Core/Src/stm32g4xx_hal_msp.c ****     __HAL_RCC_SPI1_CLK_ENABLE();
 201:Core/Src/stm32g4xx_hal_msp.c **** 
 202:Core/Src/stm32g4xx_hal_msp.c ****     __HAL_RCC_GPIOA_CLK_ENABLE();
 203:Core/Src/stm32g4xx_hal_msp.c ****     /**SPI1 GPIO Configuration
 204:Core/Src/stm32g4xx_hal_msp.c ****     PA5     ------> SPI1_SCK
 205:Core/Src/stm32g4xx_hal_msp.c ****     PA6     ------> SPI1_MISO
 206:Core/Src/stm32g4xx_hal_msp.c ****     PA7     ------> SPI1_MOSI
 207:Core/Src/stm32g4xx_hal_msp.c ****     */
 208:Core/Src/stm32g4xx_hal_msp.c ****     GPIO_InitStruct.Pin = GPIO_PIN_5|GPIO_PIN_6|GPIO_PIN_7;
 209:Core/Src/stm32g4xx_hal_msp.c ****     GPIO_InitStruct.Mode = GPIO_MODE_AF_PP;
 210:Core/Src/stm32g4xx_hal_msp.c ****     GPIO_InitStruct.Pull = GPIO_NOPULL;
 211:Core/Src/stm32g4xx_hal_msp.c ****     GPIO_InitStruct.Speed = GPIO_SPEED_FREQ_LOW;
 212:Core/Src/stm32g4xx_hal_msp.c ****     GPIO_InitStruct.Alternate = GPIO_AF5_SPI1;
ARM GAS  /tmp/cc2Jo1hw.s 			page 12


 213:Core/Src/stm32g4xx_hal_msp.c ****     HAL_GPIO_Init(GPIOA, &GPIO_InitStruct);
 214:Core/Src/stm32g4xx_hal_msp.c **** 
 215:Core/Src/stm32g4xx_hal_msp.c ****     /* USER CODE BEGIN SPI1_MspInit 1 */
 216:Core/Src/stm32g4xx_hal_msp.c **** 
 217:Core/Src/stm32g4xx_hal_msp.c ****     /* USER CODE END SPI1_MspInit 1 */
 218:Core/Src/stm32g4xx_hal_msp.c **** 
 219:Core/Src/stm32g4xx_hal_msp.c ****   }
 220:Core/Src/stm32g4xx_hal_msp.c **** 
 221:Core/Src/stm32g4xx_hal_msp.c **** }
 375              		.loc 1 221 1 view .LVU89
 376 0018 09B0     		add	sp, sp, #36
 377              	.LCFI10:
 378              		.cfi_remember_state
 379              		.cfi_def_cfa_offset 4
 380              		@ sp needed
 381 001a 5DF804FB 		ldr	pc, [sp], #4
 382              	.LVL23:
 383              	.L22:
 384              	.LCFI11:
 385              		.cfi_restore_state
 200:Core/Src/stm32g4xx_hal_msp.c **** 
 386              		.loc 1 200 5 is_stmt 1 view .LVU90
 387              	.LBB7:
 200:Core/Src/stm32g4xx_hal_msp.c **** 
 388              		.loc 1 200 5 view .LVU91
 200:Core/Src/stm32g4xx_hal_msp.c **** 
 389              		.loc 1 200 5 view .LVU92
 390 001e 03F56043 		add	r3, r3, #57344
 391 0022 1A6E     		ldr	r2, [r3, #96]
 392 0024 42F48052 		orr	r2, r2, #4096
 393 0028 1A66     		str	r2, [r3, #96]
 200:Core/Src/stm32g4xx_hal_msp.c **** 
 394              		.loc 1 200 5 view .LVU93
 395 002a 1A6E     		ldr	r2, [r3, #96]
 396 002c 02F48052 		and	r2, r2, #4096
 397 0030 0192     		str	r2, [sp, #4]
 200:Core/Src/stm32g4xx_hal_msp.c **** 
 398              		.loc 1 200 5 view .LVU94
 399 0032 019A     		ldr	r2, [sp, #4]
 400              	.LBE7:
 200:Core/Src/stm32g4xx_hal_msp.c **** 
 401              		.loc 1 200 5 view .LVU95
 202:Core/Src/stm32g4xx_hal_msp.c ****     /**SPI1 GPIO Configuration
 402              		.loc 1 202 5 view .LVU96
 403              	.LBB8:
 202:Core/Src/stm32g4xx_hal_msp.c ****     /**SPI1 GPIO Configuration
 404              		.loc 1 202 5 view .LVU97
 202:Core/Src/stm32g4xx_hal_msp.c ****     /**SPI1 GPIO Configuration
 405              		.loc 1 202 5 view .LVU98
 406 0034 DA6C     		ldr	r2, [r3, #76]
 407 0036 42F00102 		orr	r2, r2, #1
 408 003a DA64     		str	r2, [r3, #76]
 202:Core/Src/stm32g4xx_hal_msp.c ****     /**SPI1 GPIO Configuration
 409              		.loc 1 202 5 view .LVU99
 410 003c DB6C     		ldr	r3, [r3, #76]
 411 003e 03F00103 		and	r3, r3, #1
 412 0042 0293     		str	r3, [sp, #8]
ARM GAS  /tmp/cc2Jo1hw.s 			page 13


 202:Core/Src/stm32g4xx_hal_msp.c ****     /**SPI1 GPIO Configuration
 413              		.loc 1 202 5 view .LVU100
 414 0044 029B     		ldr	r3, [sp, #8]
 415              	.LBE8:
 202:Core/Src/stm32g4xx_hal_msp.c ****     /**SPI1 GPIO Configuration
 416              		.loc 1 202 5 view .LVU101
 208:Core/Src/stm32g4xx_hal_msp.c ****     GPIO_InitStruct.Mode = GPIO_MODE_AF_PP;
 417              		.loc 1 208 5 view .LVU102
 208:Core/Src/stm32g4xx_hal_msp.c ****     GPIO_InitStruct.Mode = GPIO_MODE_AF_PP;
 418              		.loc 1 208 25 is_stmt 0 view .LVU103
 419 0046 E023     		movs	r3, #224
 420 0048 0393     		str	r3, [sp, #12]
 209:Core/Src/stm32g4xx_hal_msp.c ****     GPIO_InitStruct.Pull = GPIO_NOPULL;
 421              		.loc 1 209 5 is_stmt 1 view .LVU104
 209:Core/Src/stm32g4xx_hal_msp.c ****     GPIO_InitStruct.Pull = GPIO_NOPULL;
 422              		.loc 1 209 26 is_stmt 0 view .LVU105
 423 004a 0223     		movs	r3, #2
 424 004c 0493     		str	r3, [sp, #16]
 210:Core/Src/stm32g4xx_hal_msp.c ****     GPIO_InitStruct.Speed = GPIO_SPEED_FREQ_LOW;
 425              		.loc 1 210 5 is_stmt 1 view .LVU106
 211:Core/Src/stm32g4xx_hal_msp.c ****     GPIO_InitStruct.Alternate = GPIO_AF5_SPI1;
 426              		.loc 1 211 5 view .LVU107
 212:Core/Src/stm32g4xx_hal_msp.c ****     HAL_GPIO_Init(GPIOA, &GPIO_InitStruct);
 427              		.loc 1 212 5 view .LVU108
 212:Core/Src/stm32g4xx_hal_msp.c ****     HAL_GPIO_Init(GPIOA, &GPIO_InitStruct);
 428              		.loc 1 212 31 is_stmt 0 view .LVU109
 429 004e 0523     		movs	r3, #5
 430 0050 0793     		str	r3, [sp, #28]
 213:Core/Src/stm32g4xx_hal_msp.c **** 
 431              		.loc 1 213 5 is_stmt 1 view .LVU110
 432 0052 03A9     		add	r1, sp, #12
 433 0054 4FF09040 		mov	r0, #1207959552
 434              	.LVL24:
 213:Core/Src/stm32g4xx_hal_msp.c **** 
 435              		.loc 1 213 5 is_stmt 0 view .LVU111
 436 0058 FFF7FEFF 		bl	HAL_GPIO_Init
 437              	.LVL25:
 438              		.loc 1 221 1 view .LVU112
 439 005c DCE7     		b	.L19
 440              	.L24:
 441 005e 00BF     		.align	2
 442              	.L23:
 443 0060 00300140 		.word	1073819648
 444              		.cfi_endproc
 445              	.LFE332:
 447              		.section	.text.HAL_SPI_MspDeInit,"ax",%progbits
 448              		.align	1
 449              		.global	HAL_SPI_MspDeInit
 450              		.syntax unified
 451              		.thumb
 452              		.thumb_func
 453              		.fpu fpv4-sp-d16
 455              	HAL_SPI_MspDeInit:
 456              	.LVL26:
 457              	.LFB333:
 222:Core/Src/stm32g4xx_hal_msp.c **** 
 223:Core/Src/stm32g4xx_hal_msp.c **** /**
ARM GAS  /tmp/cc2Jo1hw.s 			page 14


 224:Core/Src/stm32g4xx_hal_msp.c ****   * @brief SPI MSP De-Initialization
 225:Core/Src/stm32g4xx_hal_msp.c ****   * This function freeze the hardware resources used in this example
 226:Core/Src/stm32g4xx_hal_msp.c ****   * @param hspi: SPI handle pointer
 227:Core/Src/stm32g4xx_hal_msp.c ****   * @retval None
 228:Core/Src/stm32g4xx_hal_msp.c ****   */
 229:Core/Src/stm32g4xx_hal_msp.c **** void HAL_SPI_MspDeInit(SPI_HandleTypeDef* hspi)
 230:Core/Src/stm32g4xx_hal_msp.c **** {
 458              		.loc 1 230 1 is_stmt 1 view -0
 459              		.cfi_startproc
 460              		@ args = 0, pretend = 0, frame = 0
 461              		@ frame_needed = 0, uses_anonymous_args = 0
 462              		.loc 1 230 1 is_stmt 0 view .LVU114
 463 0000 08B5     		push	{r3, lr}
 464              	.LCFI12:
 465              		.cfi_def_cfa_offset 8
 466              		.cfi_offset 3, -8
 467              		.cfi_offset 14, -4
 231:Core/Src/stm32g4xx_hal_msp.c ****   if(hspi->Instance==SPI1)
 468              		.loc 1 231 3 is_stmt 1 view .LVU115
 469              		.loc 1 231 10 is_stmt 0 view .LVU116
 470 0002 0268     		ldr	r2, [r0]
 471              		.loc 1 231 5 view .LVU117
 472 0004 074B     		ldr	r3, .L29
 473 0006 9A42     		cmp	r2, r3
 474 0008 00D0     		beq	.L28
 475              	.LVL27:
 476              	.L25:
 232:Core/Src/stm32g4xx_hal_msp.c ****   {
 233:Core/Src/stm32g4xx_hal_msp.c ****     /* USER CODE BEGIN SPI1_MspDeInit 0 */
 234:Core/Src/stm32g4xx_hal_msp.c **** 
 235:Core/Src/stm32g4xx_hal_msp.c ****     /* USER CODE END SPI1_MspDeInit 0 */
 236:Core/Src/stm32g4xx_hal_msp.c ****     /* Peripheral clock disable */
 237:Core/Src/stm32g4xx_hal_msp.c ****     __HAL_RCC_SPI1_CLK_DISABLE();
 238:Core/Src/stm32g4xx_hal_msp.c **** 
 239:Core/Src/stm32g4xx_hal_msp.c ****     /**SPI1 GPIO Configuration
 240:Core/Src/stm32g4xx_hal_msp.c ****     PA5     ------> SPI1_SCK
 241:Core/Src/stm32g4xx_hal_msp.c ****     PA6     ------> SPI1_MISO
 242:Core/Src/stm32g4xx_hal_msp.c ****     PA7     ------> SPI1_MOSI
 243:Core/Src/stm32g4xx_hal_msp.c ****     */
 244:Core/Src/stm32g4xx_hal_msp.c ****     HAL_GPIO_DeInit(GPIOA, GPIO_PIN_5|GPIO_PIN_6|GPIO_PIN_7);
 245:Core/Src/stm32g4xx_hal_msp.c **** 
 246:Core/Src/stm32g4xx_hal_msp.c ****     /* USER CODE BEGIN SPI1_MspDeInit 1 */
 247:Core/Src/stm32g4xx_hal_msp.c **** 
 248:Core/Src/stm32g4xx_hal_msp.c ****     /* USER CODE END SPI1_MspDeInit 1 */
 249:Core/Src/stm32g4xx_hal_msp.c ****   }
 250:Core/Src/stm32g4xx_hal_msp.c **** 
 251:Core/Src/stm32g4xx_hal_msp.c **** }
 477              		.loc 1 251 1 view .LVU118
 478 000a 08BD     		pop	{r3, pc}
 479              	.LVL28:
 480              	.L28:
 237:Core/Src/stm32g4xx_hal_msp.c **** 
 481              		.loc 1 237 5 is_stmt 1 view .LVU119
 482 000c 064A     		ldr	r2, .L29+4
 483 000e 136E     		ldr	r3, [r2, #96]
 484 0010 23F48053 		bic	r3, r3, #4096
 485 0014 1366     		str	r3, [r2, #96]
ARM GAS  /tmp/cc2Jo1hw.s 			page 15


 244:Core/Src/stm32g4xx_hal_msp.c **** 
 486              		.loc 1 244 5 view .LVU120
 487 0016 E021     		movs	r1, #224
 488 0018 4FF09040 		mov	r0, #1207959552
 489              	.LVL29:
 244:Core/Src/stm32g4xx_hal_msp.c **** 
 490              		.loc 1 244 5 is_stmt 0 view .LVU121
 491 001c FFF7FEFF 		bl	HAL_GPIO_DeInit
 492              	.LVL30:
 493              		.loc 1 251 1 view .LVU122
 494 0020 F3E7     		b	.L25
 495              	.L30:
 496 0022 00BF     		.align	2
 497              	.L29:
 498 0024 00300140 		.word	1073819648
 499 0028 00100240 		.word	1073876992
 500              		.cfi_endproc
 501              	.LFE333:
 503              		.section	.text.HAL_TIM_PWM_MspInit,"ax",%progbits
 504              		.align	1
 505              		.global	HAL_TIM_PWM_MspInit
 506              		.syntax unified
 507              		.thumb
 508              		.thumb_func
 509              		.fpu fpv4-sp-d16
 511              	HAL_TIM_PWM_MspInit:
 512              	.LVL31:
 513              	.LFB334:
 252:Core/Src/stm32g4xx_hal_msp.c **** 
 253:Core/Src/stm32g4xx_hal_msp.c **** /**
 254:Core/Src/stm32g4xx_hal_msp.c ****   * @brief TIM_PWM MSP Initialization
 255:Core/Src/stm32g4xx_hal_msp.c ****   * This function configures the hardware resources used in this example
 256:Core/Src/stm32g4xx_hal_msp.c ****   * @param htim_pwm: TIM_PWM handle pointer
 257:Core/Src/stm32g4xx_hal_msp.c ****   * @retval None
 258:Core/Src/stm32g4xx_hal_msp.c ****   */
 259:Core/Src/stm32g4xx_hal_msp.c **** void HAL_TIM_PWM_MspInit(TIM_HandleTypeDef* htim_pwm)
 260:Core/Src/stm32g4xx_hal_msp.c **** {
 514              		.loc 1 260 1 is_stmt 1 view -0
 515              		.cfi_startproc
 516              		@ args = 0, pretend = 0, frame = 8
 517              		@ frame_needed = 0, uses_anonymous_args = 0
 518              		@ link register save eliminated.
 261:Core/Src/stm32g4xx_hal_msp.c ****   if(htim_pwm->Instance==TIM1)
 519              		.loc 1 261 3 view .LVU124
 520              		.loc 1 261 14 is_stmt 0 view .LVU125
 521 0000 0268     		ldr	r2, [r0]
 522              		.loc 1 261 5 view .LVU126
 523 0002 094B     		ldr	r3, .L38
 524 0004 9A42     		cmp	r2, r3
 525 0006 00D0     		beq	.L37
 526 0008 7047     		bx	lr
 527              	.L37:
 260:Core/Src/stm32g4xx_hal_msp.c ****   if(htim_pwm->Instance==TIM1)
 528              		.loc 1 260 1 view .LVU127
 529 000a 82B0     		sub	sp, sp, #8
 530              	.LCFI13:
 531              		.cfi_def_cfa_offset 8
ARM GAS  /tmp/cc2Jo1hw.s 			page 16


 262:Core/Src/stm32g4xx_hal_msp.c ****   {
 263:Core/Src/stm32g4xx_hal_msp.c ****     /* USER CODE BEGIN TIM1_MspInit 0 */
 264:Core/Src/stm32g4xx_hal_msp.c **** 
 265:Core/Src/stm32g4xx_hal_msp.c ****     /* USER CODE END TIM1_MspInit 0 */
 266:Core/Src/stm32g4xx_hal_msp.c ****     /* Peripheral clock enable */
 267:Core/Src/stm32g4xx_hal_msp.c ****     __HAL_RCC_TIM1_CLK_ENABLE();
 532              		.loc 1 267 5 is_stmt 1 view .LVU128
 533              	.LBB9:
 534              		.loc 1 267 5 view .LVU129
 535              		.loc 1 267 5 view .LVU130
 536 000c 03F56443 		add	r3, r3, #58368
 537 0010 1A6E     		ldr	r2, [r3, #96]
 538 0012 42F40062 		orr	r2, r2, #2048
 539 0016 1A66     		str	r2, [r3, #96]
 540              		.loc 1 267 5 view .LVU131
 541 0018 1B6E     		ldr	r3, [r3, #96]
 542 001a 03F40063 		and	r3, r3, #2048
 543 001e 0193     		str	r3, [sp, #4]
 544              		.loc 1 267 5 view .LVU132
 545 0020 019B     		ldr	r3, [sp, #4]
 546              	.LBE9:
 547              		.loc 1 267 5 view .LVU133
 268:Core/Src/stm32g4xx_hal_msp.c ****     /* USER CODE BEGIN TIM1_MspInit 1 */
 269:Core/Src/stm32g4xx_hal_msp.c **** 
 270:Core/Src/stm32g4xx_hal_msp.c ****     /* USER CODE END TIM1_MspInit 1 */
 271:Core/Src/stm32g4xx_hal_msp.c **** 
 272:Core/Src/stm32g4xx_hal_msp.c ****   }
 273:Core/Src/stm32g4xx_hal_msp.c **** 
 274:Core/Src/stm32g4xx_hal_msp.c **** }
 548              		.loc 1 274 1 is_stmt 0 view .LVU134
 549 0022 02B0     		add	sp, sp, #8
 550              	.LCFI14:
 551              		.cfi_def_cfa_offset 0
 552              		@ sp needed
 553 0024 7047     		bx	lr
 554              	.L39:
 555 0026 00BF     		.align	2
 556              	.L38:
 557 0028 002C0140 		.word	1073818624
 558              		.cfi_endproc
 559              	.LFE334:
 561              		.section	.text.HAL_TIM_MspPostInit,"ax",%progbits
 562              		.align	1
 563              		.global	HAL_TIM_MspPostInit
 564              		.syntax unified
 565              		.thumb
 566              		.thumb_func
 567              		.fpu fpv4-sp-d16
 569              	HAL_TIM_MspPostInit:
 570              	.LVL32:
 571              	.LFB335:
 275:Core/Src/stm32g4xx_hal_msp.c **** 
 276:Core/Src/stm32g4xx_hal_msp.c **** void HAL_TIM_MspPostInit(TIM_HandleTypeDef* htim)
 277:Core/Src/stm32g4xx_hal_msp.c **** {
 572              		.loc 1 277 1 is_stmt 1 view -0
 573              		.cfi_startproc
 574              		@ args = 0, pretend = 0, frame = 32
ARM GAS  /tmp/cc2Jo1hw.s 			page 17


 575              		@ frame_needed = 0, uses_anonymous_args = 0
 576              		.loc 1 277 1 is_stmt 0 view .LVU136
 577 0000 F0B5     		push	{r4, r5, r6, r7, lr}
 578              	.LCFI15:
 579              		.cfi_def_cfa_offset 20
 580              		.cfi_offset 4, -20
 581              		.cfi_offset 5, -16
 582              		.cfi_offset 6, -12
 583              		.cfi_offset 7, -8
 584              		.cfi_offset 14, -4
 585 0002 89B0     		sub	sp, sp, #36
 586              	.LCFI16:
 587              		.cfi_def_cfa_offset 56
 278:Core/Src/stm32g4xx_hal_msp.c ****   GPIO_InitTypeDef GPIO_InitStruct = {0};
 588              		.loc 1 278 3 is_stmt 1 view .LVU137
 589              		.loc 1 278 20 is_stmt 0 view .LVU138
 590 0004 0023     		movs	r3, #0
 591 0006 0393     		str	r3, [sp, #12]
 592 0008 0493     		str	r3, [sp, #16]
 593 000a 0593     		str	r3, [sp, #20]
 594 000c 0693     		str	r3, [sp, #24]
 595 000e 0793     		str	r3, [sp, #28]
 279:Core/Src/stm32g4xx_hal_msp.c ****   if(htim->Instance==TIM1)
 596              		.loc 1 279 3 is_stmt 1 view .LVU139
 597              		.loc 1 279 10 is_stmt 0 view .LVU140
 598 0010 0268     		ldr	r2, [r0]
 599              		.loc 1 279 5 view .LVU141
 600 0012 1F4B     		ldr	r3, .L44
 601 0014 9A42     		cmp	r2, r3
 602 0016 01D0     		beq	.L43
 603              	.LVL33:
 604              	.L40:
 280:Core/Src/stm32g4xx_hal_msp.c ****   {
 281:Core/Src/stm32g4xx_hal_msp.c ****     /* USER CODE BEGIN TIM1_MspPostInit 0 */
 282:Core/Src/stm32g4xx_hal_msp.c **** 
 283:Core/Src/stm32g4xx_hal_msp.c ****     /* USER CODE END TIM1_MspPostInit 0 */
 284:Core/Src/stm32g4xx_hal_msp.c **** 
 285:Core/Src/stm32g4xx_hal_msp.c ****     __HAL_RCC_GPIOB_CLK_ENABLE();
 286:Core/Src/stm32g4xx_hal_msp.c ****     __HAL_RCC_GPIOA_CLK_ENABLE();
 287:Core/Src/stm32g4xx_hal_msp.c ****     /**TIM1 GPIO Configuration
 288:Core/Src/stm32g4xx_hal_msp.c ****     PB13     ------> TIM1_CH1N
 289:Core/Src/stm32g4xx_hal_msp.c ****     PB14     ------> TIM1_CH2N
 290:Core/Src/stm32g4xx_hal_msp.c ****     PB15     ------> TIM1_CH3N
 291:Core/Src/stm32g4xx_hal_msp.c ****     PA8     ------> TIM1_CH1
 292:Core/Src/stm32g4xx_hal_msp.c ****     PA9     ------> TIM1_CH2
 293:Core/Src/stm32g4xx_hal_msp.c ****     PA10     ------> TIM1_CH3
 294:Core/Src/stm32g4xx_hal_msp.c ****     */
 295:Core/Src/stm32g4xx_hal_msp.c ****     GPIO_InitStruct.Pin = GPIO_PIN_13|GPIO_PIN_14;
 296:Core/Src/stm32g4xx_hal_msp.c ****     GPIO_InitStruct.Mode = GPIO_MODE_AF_PP;
 297:Core/Src/stm32g4xx_hal_msp.c ****     GPIO_InitStruct.Pull = GPIO_NOPULL;
 298:Core/Src/stm32g4xx_hal_msp.c ****     GPIO_InitStruct.Speed = GPIO_SPEED_FREQ_LOW;
 299:Core/Src/stm32g4xx_hal_msp.c ****     GPIO_InitStruct.Alternate = GPIO_AF6_TIM1;
 300:Core/Src/stm32g4xx_hal_msp.c ****     HAL_GPIO_Init(GPIOB, &GPIO_InitStruct);
 301:Core/Src/stm32g4xx_hal_msp.c **** 
 302:Core/Src/stm32g4xx_hal_msp.c ****     GPIO_InitStruct.Pin = GPIO_PIN_15;
 303:Core/Src/stm32g4xx_hal_msp.c ****     GPIO_InitStruct.Mode = GPIO_MODE_AF_PP;
 304:Core/Src/stm32g4xx_hal_msp.c ****     GPIO_InitStruct.Pull = GPIO_NOPULL;
ARM GAS  /tmp/cc2Jo1hw.s 			page 18


 305:Core/Src/stm32g4xx_hal_msp.c ****     GPIO_InitStruct.Speed = GPIO_SPEED_FREQ_LOW;
 306:Core/Src/stm32g4xx_hal_msp.c ****     GPIO_InitStruct.Alternate = GPIO_AF4_TIM1;
 307:Core/Src/stm32g4xx_hal_msp.c ****     HAL_GPIO_Init(GPIOB, &GPIO_InitStruct);
 308:Core/Src/stm32g4xx_hal_msp.c **** 
 309:Core/Src/stm32g4xx_hal_msp.c ****     GPIO_InitStruct.Pin = GPIO_PIN_8|GPIO_PIN_9|GPIO_PIN_10;
 310:Core/Src/stm32g4xx_hal_msp.c ****     GPIO_InitStruct.Mode = GPIO_MODE_AF_PP;
 311:Core/Src/stm32g4xx_hal_msp.c ****     GPIO_InitStruct.Pull = GPIO_NOPULL;
 312:Core/Src/stm32g4xx_hal_msp.c ****     GPIO_InitStruct.Speed = GPIO_SPEED_FREQ_LOW;
 313:Core/Src/stm32g4xx_hal_msp.c ****     GPIO_InitStruct.Alternate = GPIO_AF6_TIM1;
 314:Core/Src/stm32g4xx_hal_msp.c ****     HAL_GPIO_Init(GPIOA, &GPIO_InitStruct);
 315:Core/Src/stm32g4xx_hal_msp.c **** 
 316:Core/Src/stm32g4xx_hal_msp.c ****     /* USER CODE BEGIN TIM1_MspPostInit 1 */
 317:Core/Src/stm32g4xx_hal_msp.c **** 
 318:Core/Src/stm32g4xx_hal_msp.c ****     /* USER CODE END TIM1_MspPostInit 1 */
 319:Core/Src/stm32g4xx_hal_msp.c ****   }
 320:Core/Src/stm32g4xx_hal_msp.c **** 
 321:Core/Src/stm32g4xx_hal_msp.c **** }
 605              		.loc 1 321 1 view .LVU142
 606 0018 09B0     		add	sp, sp, #36
 607              	.LCFI17:
 608              		.cfi_remember_state
 609              		.cfi_def_cfa_offset 20
 610              		@ sp needed
 611 001a F0BD     		pop	{r4, r5, r6, r7, pc}
 612              	.LVL34:
 613              	.L43:
 614              	.LCFI18:
 615              		.cfi_restore_state
 285:Core/Src/stm32g4xx_hal_msp.c ****     __HAL_RCC_GPIOA_CLK_ENABLE();
 616              		.loc 1 285 5 is_stmt 1 view .LVU143
 617              	.LBB10:
 285:Core/Src/stm32g4xx_hal_msp.c ****     __HAL_RCC_GPIOA_CLK_ENABLE();
 618              		.loc 1 285 5 view .LVU144
 285:Core/Src/stm32g4xx_hal_msp.c ****     __HAL_RCC_GPIOA_CLK_ENABLE();
 619              		.loc 1 285 5 view .LVU145
 620 001c 03F56443 		add	r3, r3, #58368
 621 0020 DA6C     		ldr	r2, [r3, #76]
 622 0022 42F00202 		orr	r2, r2, #2
 623 0026 DA64     		str	r2, [r3, #76]
 285:Core/Src/stm32g4xx_hal_msp.c ****     __HAL_RCC_GPIOA_CLK_ENABLE();
 624              		.loc 1 285 5 view .LVU146
 625 0028 DA6C     		ldr	r2, [r3, #76]
 626 002a 02F00202 		and	r2, r2, #2
 627 002e 0192     		str	r2, [sp, #4]
 285:Core/Src/stm32g4xx_hal_msp.c ****     __HAL_RCC_GPIOA_CLK_ENABLE();
 628              		.loc 1 285 5 view .LVU147
 629 0030 019A     		ldr	r2, [sp, #4]
 630              	.LBE10:
 285:Core/Src/stm32g4xx_hal_msp.c ****     __HAL_RCC_GPIOA_CLK_ENABLE();
 631              		.loc 1 285 5 view .LVU148
 286:Core/Src/stm32g4xx_hal_msp.c ****     /**TIM1 GPIO Configuration
 632              		.loc 1 286 5 view .LVU149
 633              	.LBB11:
 286:Core/Src/stm32g4xx_hal_msp.c ****     /**TIM1 GPIO Configuration
 634              		.loc 1 286 5 view .LVU150
 286:Core/Src/stm32g4xx_hal_msp.c ****     /**TIM1 GPIO Configuration
 635              		.loc 1 286 5 view .LVU151
ARM GAS  /tmp/cc2Jo1hw.s 			page 19


 636 0032 DA6C     		ldr	r2, [r3, #76]
 637 0034 42F00102 		orr	r2, r2, #1
 638 0038 DA64     		str	r2, [r3, #76]
 286:Core/Src/stm32g4xx_hal_msp.c ****     /**TIM1 GPIO Configuration
 639              		.loc 1 286 5 view .LVU152
 640 003a DB6C     		ldr	r3, [r3, #76]
 641 003c 03F00103 		and	r3, r3, #1
 642 0040 0293     		str	r3, [sp, #8]
 286:Core/Src/stm32g4xx_hal_msp.c ****     /**TIM1 GPIO Configuration
 643              		.loc 1 286 5 view .LVU153
 644 0042 029B     		ldr	r3, [sp, #8]
 645              	.LBE11:
 286:Core/Src/stm32g4xx_hal_msp.c ****     /**TIM1 GPIO Configuration
 646              		.loc 1 286 5 view .LVU154
 295:Core/Src/stm32g4xx_hal_msp.c ****     GPIO_InitStruct.Mode = GPIO_MODE_AF_PP;
 647              		.loc 1 295 5 view .LVU155
 295:Core/Src/stm32g4xx_hal_msp.c ****     GPIO_InitStruct.Mode = GPIO_MODE_AF_PP;
 648              		.loc 1 295 25 is_stmt 0 view .LVU156
 649 0044 4FF4C043 		mov	r3, #24576
 650 0048 0393     		str	r3, [sp, #12]
 296:Core/Src/stm32g4xx_hal_msp.c ****     GPIO_InitStruct.Pull = GPIO_NOPULL;
 651              		.loc 1 296 5 is_stmt 1 view .LVU157
 296:Core/Src/stm32g4xx_hal_msp.c ****     GPIO_InitStruct.Pull = GPIO_NOPULL;
 652              		.loc 1 296 26 is_stmt 0 view .LVU158
 653 004a 0225     		movs	r5, #2
 654 004c 0495     		str	r5, [sp, #16]
 297:Core/Src/stm32g4xx_hal_msp.c ****     GPIO_InitStruct.Speed = GPIO_SPEED_FREQ_LOW;
 655              		.loc 1 297 5 is_stmt 1 view .LVU159
 298:Core/Src/stm32g4xx_hal_msp.c ****     GPIO_InitStruct.Alternate = GPIO_AF6_TIM1;
 656              		.loc 1 298 5 view .LVU160
 299:Core/Src/stm32g4xx_hal_msp.c ****     HAL_GPIO_Init(GPIOB, &GPIO_InitStruct);
 657              		.loc 1 299 5 view .LVU161
 299:Core/Src/stm32g4xx_hal_msp.c ****     HAL_GPIO_Init(GPIOB, &GPIO_InitStruct);
 658              		.loc 1 299 31 is_stmt 0 view .LVU162
 659 004e 0626     		movs	r6, #6
 660 0050 0796     		str	r6, [sp, #28]
 300:Core/Src/stm32g4xx_hal_msp.c **** 
 661              		.loc 1 300 5 is_stmt 1 view .LVU163
 662 0052 104F     		ldr	r7, .L44+4
 663 0054 03A9     		add	r1, sp, #12
 664 0056 3846     		mov	r0, r7
 665              	.LVL35:
 300:Core/Src/stm32g4xx_hal_msp.c **** 
 666              		.loc 1 300 5 is_stmt 0 view .LVU164
 667 0058 FFF7FEFF 		bl	HAL_GPIO_Init
 668              	.LVL36:
 302:Core/Src/stm32g4xx_hal_msp.c ****     GPIO_InitStruct.Mode = GPIO_MODE_AF_PP;
 669              		.loc 1 302 5 is_stmt 1 view .LVU165
 302:Core/Src/stm32g4xx_hal_msp.c ****     GPIO_InitStruct.Mode = GPIO_MODE_AF_PP;
 670              		.loc 1 302 25 is_stmt 0 view .LVU166
 671 005c 4FF40043 		mov	r3, #32768
 672 0060 0393     		str	r3, [sp, #12]
 303:Core/Src/stm32g4xx_hal_msp.c ****     GPIO_InitStruct.Pull = GPIO_NOPULL;
 673              		.loc 1 303 5 is_stmt 1 view .LVU167
 303:Core/Src/stm32g4xx_hal_msp.c ****     GPIO_InitStruct.Pull = GPIO_NOPULL;
 674              		.loc 1 303 26 is_stmt 0 view .LVU168
 675 0062 0495     		str	r5, [sp, #16]
ARM GAS  /tmp/cc2Jo1hw.s 			page 20


 304:Core/Src/stm32g4xx_hal_msp.c ****     GPIO_InitStruct.Speed = GPIO_SPEED_FREQ_LOW;
 676              		.loc 1 304 5 is_stmt 1 view .LVU169
 304:Core/Src/stm32g4xx_hal_msp.c ****     GPIO_InitStruct.Speed = GPIO_SPEED_FREQ_LOW;
 677              		.loc 1 304 26 is_stmt 0 view .LVU170
 678 0064 0024     		movs	r4, #0
 679 0066 0594     		str	r4, [sp, #20]
 305:Core/Src/stm32g4xx_hal_msp.c ****     GPIO_InitStruct.Alternate = GPIO_AF4_TIM1;
 680              		.loc 1 305 5 is_stmt 1 view .LVU171
 305:Core/Src/stm32g4xx_hal_msp.c ****     GPIO_InitStruct.Alternate = GPIO_AF4_TIM1;
 681              		.loc 1 305 27 is_stmt 0 view .LVU172
 682 0068 0694     		str	r4, [sp, #24]
 306:Core/Src/stm32g4xx_hal_msp.c ****     HAL_GPIO_Init(GPIOB, &GPIO_InitStruct);
 683              		.loc 1 306 5 is_stmt 1 view .LVU173
 306:Core/Src/stm32g4xx_hal_msp.c ****     HAL_GPIO_Init(GPIOB, &GPIO_InitStruct);
 684              		.loc 1 306 31 is_stmt 0 view .LVU174
 685 006a 0423     		movs	r3, #4
 686 006c 0793     		str	r3, [sp, #28]
 307:Core/Src/stm32g4xx_hal_msp.c **** 
 687              		.loc 1 307 5 is_stmt 1 view .LVU175
 688 006e 03A9     		add	r1, sp, #12
 689 0070 3846     		mov	r0, r7
 690 0072 FFF7FEFF 		bl	HAL_GPIO_Init
 691              	.LVL37:
 309:Core/Src/stm32g4xx_hal_msp.c ****     GPIO_InitStruct.Mode = GPIO_MODE_AF_PP;
 692              		.loc 1 309 5 view .LVU176
 309:Core/Src/stm32g4xx_hal_msp.c ****     GPIO_InitStruct.Mode = GPIO_MODE_AF_PP;
 693              		.loc 1 309 25 is_stmt 0 view .LVU177
 694 0076 4FF4E063 		mov	r3, #1792
 695 007a 0393     		str	r3, [sp, #12]
 310:Core/Src/stm32g4xx_hal_msp.c ****     GPIO_InitStruct.Pull = GPIO_NOPULL;
 696              		.loc 1 310 5 is_stmt 1 view .LVU178
 310:Core/Src/stm32g4xx_hal_msp.c ****     GPIO_InitStruct.Pull = GPIO_NOPULL;
 697              		.loc 1 310 26 is_stmt 0 view .LVU179
 698 007c 0495     		str	r5, [sp, #16]
 311:Core/Src/stm32g4xx_hal_msp.c ****     GPIO_InitStruct.Speed = GPIO_SPEED_FREQ_LOW;
 699              		.loc 1 311 5 is_stmt 1 view .LVU180
 311:Core/Src/stm32g4xx_hal_msp.c ****     GPIO_InitStruct.Speed = GPIO_SPEED_FREQ_LOW;
 700              		.loc 1 311 26 is_stmt 0 view .LVU181
 701 007e 0594     		str	r4, [sp, #20]
 312:Core/Src/stm32g4xx_hal_msp.c ****     GPIO_InitStruct.Alternate = GPIO_AF6_TIM1;
 702              		.loc 1 312 5 is_stmt 1 view .LVU182
 312:Core/Src/stm32g4xx_hal_msp.c ****     GPIO_InitStruct.Alternate = GPIO_AF6_TIM1;
 703              		.loc 1 312 27 is_stmt 0 view .LVU183
 704 0080 0694     		str	r4, [sp, #24]
 313:Core/Src/stm32g4xx_hal_msp.c ****     HAL_GPIO_Init(GPIOA, &GPIO_InitStruct);
 705              		.loc 1 313 5 is_stmt 1 view .LVU184
 313:Core/Src/stm32g4xx_hal_msp.c ****     HAL_GPIO_Init(GPIOA, &GPIO_InitStruct);
 706              		.loc 1 313 31 is_stmt 0 view .LVU185
 707 0082 0796     		str	r6, [sp, #28]
 314:Core/Src/stm32g4xx_hal_msp.c **** 
 708              		.loc 1 314 5 is_stmt 1 view .LVU186
 709 0084 03A9     		add	r1, sp, #12
 710 0086 4FF09040 		mov	r0, #1207959552
 711 008a FFF7FEFF 		bl	HAL_GPIO_Init
 712              	.LVL38:
 713              		.loc 1 321 1 is_stmt 0 view .LVU187
 714 008e C3E7     		b	.L40
ARM GAS  /tmp/cc2Jo1hw.s 			page 21


 715              	.L45:
 716              		.align	2
 717              	.L44:
 718 0090 002C0140 		.word	1073818624
 719 0094 00040048 		.word	1207960576
 720              		.cfi_endproc
 721              	.LFE335:
 723              		.section	.text.HAL_TIM_PWM_MspDeInit,"ax",%progbits
 724              		.align	1
 725              		.global	HAL_TIM_PWM_MspDeInit
 726              		.syntax unified
 727              		.thumb
 728              		.thumb_func
 729              		.fpu fpv4-sp-d16
 731              	HAL_TIM_PWM_MspDeInit:
 732              	.LVL39:
 733              	.LFB336:
 322:Core/Src/stm32g4xx_hal_msp.c **** /**
 323:Core/Src/stm32g4xx_hal_msp.c ****   * @brief TIM_PWM MSP De-Initialization
 324:Core/Src/stm32g4xx_hal_msp.c ****   * This function freeze the hardware resources used in this example
 325:Core/Src/stm32g4xx_hal_msp.c ****   * @param htim_pwm: TIM_PWM handle pointer
 326:Core/Src/stm32g4xx_hal_msp.c ****   * @retval None
 327:Core/Src/stm32g4xx_hal_msp.c ****   */
 328:Core/Src/stm32g4xx_hal_msp.c **** void HAL_TIM_PWM_MspDeInit(TIM_HandleTypeDef* htim_pwm)
 329:Core/Src/stm32g4xx_hal_msp.c **** {
 734              		.loc 1 329 1 is_stmt 1 view -0
 735              		.cfi_startproc
 736              		@ args = 0, pretend = 0, frame = 0
 737              		@ frame_needed = 0, uses_anonymous_args = 0
 738              		@ link register save eliminated.
 330:Core/Src/stm32g4xx_hal_msp.c ****   if(htim_pwm->Instance==TIM1)
 739              		.loc 1 330 3 view .LVU189
 740              		.loc 1 330 14 is_stmt 0 view .LVU190
 741 0000 0268     		ldr	r2, [r0]
 742              		.loc 1 330 5 view .LVU191
 743 0002 054B     		ldr	r3, .L49
 744 0004 9A42     		cmp	r2, r3
 745 0006 00D0     		beq	.L48
 746              	.L46:
 331:Core/Src/stm32g4xx_hal_msp.c ****   {
 332:Core/Src/stm32g4xx_hal_msp.c ****     /* USER CODE BEGIN TIM1_MspDeInit 0 */
 333:Core/Src/stm32g4xx_hal_msp.c **** 
 334:Core/Src/stm32g4xx_hal_msp.c ****     /* USER CODE END TIM1_MspDeInit 0 */
 335:Core/Src/stm32g4xx_hal_msp.c ****     /* Peripheral clock disable */
 336:Core/Src/stm32g4xx_hal_msp.c ****     __HAL_RCC_TIM1_CLK_DISABLE();
 337:Core/Src/stm32g4xx_hal_msp.c ****     /* USER CODE BEGIN TIM1_MspDeInit 1 */
 338:Core/Src/stm32g4xx_hal_msp.c **** 
 339:Core/Src/stm32g4xx_hal_msp.c ****     /* USER CODE END TIM1_MspDeInit 1 */
 340:Core/Src/stm32g4xx_hal_msp.c ****   }
 341:Core/Src/stm32g4xx_hal_msp.c **** 
 342:Core/Src/stm32g4xx_hal_msp.c **** }
 747              		.loc 1 342 1 view .LVU192
 748 0008 7047     		bx	lr
 749              	.L48:
 336:Core/Src/stm32g4xx_hal_msp.c ****     /* USER CODE BEGIN TIM1_MspDeInit 1 */
 750              		.loc 1 336 5 is_stmt 1 view .LVU193
 751 000a 044A     		ldr	r2, .L49+4
ARM GAS  /tmp/cc2Jo1hw.s 			page 22


 752 000c 136E     		ldr	r3, [r2, #96]
 753 000e 23F40063 		bic	r3, r3, #2048
 754 0012 1366     		str	r3, [r2, #96]
 755              		.loc 1 342 1 is_stmt 0 view .LVU194
 756 0014 F8E7     		b	.L46
 757              	.L50:
 758 0016 00BF     		.align	2
 759              	.L49:
 760 0018 002C0140 		.word	1073818624
 761 001c 00100240 		.word	1073876992
 762              		.cfi_endproc
 763              	.LFE336:
 765              		.section	.text.HAL_UART_MspInit,"ax",%progbits
 766              		.align	1
 767              		.global	HAL_UART_MspInit
 768              		.syntax unified
 769              		.thumb
 770              		.thumb_func
 771              		.fpu fpv4-sp-d16
 773              	HAL_UART_MspInit:
 774              	.LVL40:
 775              	.LFB337:
 343:Core/Src/stm32g4xx_hal_msp.c **** 
 344:Core/Src/stm32g4xx_hal_msp.c **** /**
 345:Core/Src/stm32g4xx_hal_msp.c ****   * @brief UART MSP Initialization
 346:Core/Src/stm32g4xx_hal_msp.c ****   * This function configures the hardware resources used in this example
 347:Core/Src/stm32g4xx_hal_msp.c ****   * @param huart: UART handle pointer
 348:Core/Src/stm32g4xx_hal_msp.c ****   * @retval None
 349:Core/Src/stm32g4xx_hal_msp.c ****   */
 350:Core/Src/stm32g4xx_hal_msp.c **** void HAL_UART_MspInit(UART_HandleTypeDef* huart)
 351:Core/Src/stm32g4xx_hal_msp.c **** {
 776              		.loc 1 351 1 is_stmt 1 view -0
 777              		.cfi_startproc
 778              		@ args = 0, pretend = 0, frame = 112
 779              		@ frame_needed = 0, uses_anonymous_args = 0
 780              		.loc 1 351 1 is_stmt 0 view .LVU196
 781 0000 10B5     		push	{r4, lr}
 782              	.LCFI19:
 783              		.cfi_def_cfa_offset 8
 784              		.cfi_offset 4, -8
 785              		.cfi_offset 14, -4
 786 0002 9CB0     		sub	sp, sp, #112
 787              	.LCFI20:
 788              		.cfi_def_cfa_offset 120
 789 0004 0446     		mov	r4, r0
 352:Core/Src/stm32g4xx_hal_msp.c ****   GPIO_InitTypeDef GPIO_InitStruct = {0};
 790              		.loc 1 352 3 is_stmt 1 view .LVU197
 791              		.loc 1 352 20 is_stmt 0 view .LVU198
 792 0006 0021     		movs	r1, #0
 793 0008 1791     		str	r1, [sp, #92]
 794 000a 1891     		str	r1, [sp, #96]
 795 000c 1991     		str	r1, [sp, #100]
 796 000e 1A91     		str	r1, [sp, #104]
 797 0010 1B91     		str	r1, [sp, #108]
 353:Core/Src/stm32g4xx_hal_msp.c ****   RCC_PeriphCLKInitTypeDef PeriphClkInit = {0};
 798              		.loc 1 353 3 is_stmt 1 view .LVU199
 799              		.loc 1 353 28 is_stmt 0 view .LVU200
ARM GAS  /tmp/cc2Jo1hw.s 			page 23


 800 0012 5422     		movs	r2, #84
 801 0014 02A8     		add	r0, sp, #8
 802              	.LVL41:
 803              		.loc 1 353 28 view .LVU201
 804 0016 FFF7FEFF 		bl	memset
 805              	.LVL42:
 354:Core/Src/stm32g4xx_hal_msp.c ****   if(huart->Instance==USART1)
 806              		.loc 1 354 3 is_stmt 1 view .LVU202
 807              		.loc 1 354 11 is_stmt 0 view .LVU203
 808 001a 2268     		ldr	r2, [r4]
 809              		.loc 1 354 5 view .LVU204
 810 001c 174B     		ldr	r3, .L57
 811 001e 9A42     		cmp	r2, r3
 812 0020 01D0     		beq	.L55
 813              	.L51:
 355:Core/Src/stm32g4xx_hal_msp.c ****   {
 356:Core/Src/stm32g4xx_hal_msp.c ****     /* USER CODE BEGIN USART1_MspInit 0 */
 357:Core/Src/stm32g4xx_hal_msp.c **** 
 358:Core/Src/stm32g4xx_hal_msp.c ****     /* USER CODE END USART1_MspInit 0 */
 359:Core/Src/stm32g4xx_hal_msp.c **** 
 360:Core/Src/stm32g4xx_hal_msp.c ****   /** Initializes the peripherals clocks
 361:Core/Src/stm32g4xx_hal_msp.c ****   */
 362:Core/Src/stm32g4xx_hal_msp.c ****     PeriphClkInit.PeriphClockSelection = RCC_PERIPHCLK_USART1;
 363:Core/Src/stm32g4xx_hal_msp.c ****     PeriphClkInit.Usart1ClockSelection = RCC_USART1CLKSOURCE_PCLK2;
 364:Core/Src/stm32g4xx_hal_msp.c ****     if (HAL_RCCEx_PeriphCLKConfig(&PeriphClkInit) != HAL_OK)
 365:Core/Src/stm32g4xx_hal_msp.c ****     {
 366:Core/Src/stm32g4xx_hal_msp.c ****       Error_Handler();
 367:Core/Src/stm32g4xx_hal_msp.c ****     }
 368:Core/Src/stm32g4xx_hal_msp.c **** 
 369:Core/Src/stm32g4xx_hal_msp.c ****     /* Peripheral clock enable */
 370:Core/Src/stm32g4xx_hal_msp.c ****     __HAL_RCC_USART1_CLK_ENABLE();
 371:Core/Src/stm32g4xx_hal_msp.c **** 
 372:Core/Src/stm32g4xx_hal_msp.c ****     __HAL_RCC_GPIOB_CLK_ENABLE();
 373:Core/Src/stm32g4xx_hal_msp.c ****     /**USART1 GPIO Configuration
 374:Core/Src/stm32g4xx_hal_msp.c ****     PB6     ------> USART1_TX
 375:Core/Src/stm32g4xx_hal_msp.c ****     PB7     ------> USART1_RX
 376:Core/Src/stm32g4xx_hal_msp.c ****     */
 377:Core/Src/stm32g4xx_hal_msp.c ****     GPIO_InitStruct.Pin = GPIO_PIN_6|GPIO_PIN_7;
 378:Core/Src/stm32g4xx_hal_msp.c ****     GPIO_InitStruct.Mode = GPIO_MODE_AF_PP;
 379:Core/Src/stm32g4xx_hal_msp.c ****     GPIO_InitStruct.Pull = GPIO_NOPULL;
 380:Core/Src/stm32g4xx_hal_msp.c ****     GPIO_InitStruct.Speed = GPIO_SPEED_FREQ_LOW;
 381:Core/Src/stm32g4xx_hal_msp.c ****     GPIO_InitStruct.Alternate = GPIO_AF7_USART1;
 382:Core/Src/stm32g4xx_hal_msp.c ****     HAL_GPIO_Init(GPIOB, &GPIO_InitStruct);
 383:Core/Src/stm32g4xx_hal_msp.c **** 
 384:Core/Src/stm32g4xx_hal_msp.c ****     /* USER CODE BEGIN USART1_MspInit 1 */
 385:Core/Src/stm32g4xx_hal_msp.c **** 
 386:Core/Src/stm32g4xx_hal_msp.c ****     /* USER CODE END USART1_MspInit 1 */
 387:Core/Src/stm32g4xx_hal_msp.c **** 
 388:Core/Src/stm32g4xx_hal_msp.c ****   }
 389:Core/Src/stm32g4xx_hal_msp.c **** 
 390:Core/Src/stm32g4xx_hal_msp.c **** }
 814              		.loc 1 390 1 view .LVU205
 815 0022 1CB0     		add	sp, sp, #112
 816              	.LCFI21:
 817              		.cfi_remember_state
 818              		.cfi_def_cfa_offset 8
 819              		@ sp needed
ARM GAS  /tmp/cc2Jo1hw.s 			page 24


 820 0024 10BD     		pop	{r4, pc}
 821              	.LVL43:
 822              	.L55:
 823              	.LCFI22:
 824              		.cfi_restore_state
 362:Core/Src/stm32g4xx_hal_msp.c ****     PeriphClkInit.Usart1ClockSelection = RCC_USART1CLKSOURCE_PCLK2;
 825              		.loc 1 362 5 is_stmt 1 view .LVU206
 362:Core/Src/stm32g4xx_hal_msp.c ****     PeriphClkInit.Usart1ClockSelection = RCC_USART1CLKSOURCE_PCLK2;
 826              		.loc 1 362 40 is_stmt 0 view .LVU207
 827 0026 0123     		movs	r3, #1
 828 0028 0293     		str	r3, [sp, #8]
 363:Core/Src/stm32g4xx_hal_msp.c ****     if (HAL_RCCEx_PeriphCLKConfig(&PeriphClkInit) != HAL_OK)
 829              		.loc 1 363 5 is_stmt 1 view .LVU208
 364:Core/Src/stm32g4xx_hal_msp.c ****     {
 830              		.loc 1 364 5 view .LVU209
 364:Core/Src/stm32g4xx_hal_msp.c ****     {
 831              		.loc 1 364 9 is_stmt 0 view .LVU210
 832 002a 02A8     		add	r0, sp, #8
 833 002c FFF7FEFF 		bl	HAL_RCCEx_PeriphCLKConfig
 834              	.LVL44:
 364:Core/Src/stm32g4xx_hal_msp.c ****     {
 835              		.loc 1 364 8 view .LVU211
 836 0030 00BB     		cbnz	r0, .L56
 837              	.L53:
 370:Core/Src/stm32g4xx_hal_msp.c **** 
 838              		.loc 1 370 5 is_stmt 1 view .LVU212
 839              	.LBB12:
 370:Core/Src/stm32g4xx_hal_msp.c **** 
 840              		.loc 1 370 5 view .LVU213
 370:Core/Src/stm32g4xx_hal_msp.c **** 
 841              		.loc 1 370 5 view .LVU214
 842 0032 134B     		ldr	r3, .L57+4
 843 0034 1A6E     		ldr	r2, [r3, #96]
 844 0036 42F48042 		orr	r2, r2, #16384
 845 003a 1A66     		str	r2, [r3, #96]
 370:Core/Src/stm32g4xx_hal_msp.c **** 
 846              		.loc 1 370 5 view .LVU215
 847 003c 1A6E     		ldr	r2, [r3, #96]
 848 003e 02F48042 		and	r2, r2, #16384
 849 0042 0092     		str	r2, [sp]
 370:Core/Src/stm32g4xx_hal_msp.c **** 
 850              		.loc 1 370 5 view .LVU216
 851 0044 009A     		ldr	r2, [sp]
 852              	.LBE12:
 370:Core/Src/stm32g4xx_hal_msp.c **** 
 853              		.loc 1 370 5 view .LVU217
 372:Core/Src/stm32g4xx_hal_msp.c ****     /**USART1 GPIO Configuration
 854              		.loc 1 372 5 view .LVU218
 855              	.LBB13:
 372:Core/Src/stm32g4xx_hal_msp.c ****     /**USART1 GPIO Configuration
 856              		.loc 1 372 5 view .LVU219
 372:Core/Src/stm32g4xx_hal_msp.c ****     /**USART1 GPIO Configuration
 857              		.loc 1 372 5 view .LVU220
 858 0046 DA6C     		ldr	r2, [r3, #76]
 859 0048 42F00202 		orr	r2, r2, #2
 860 004c DA64     		str	r2, [r3, #76]
 372:Core/Src/stm32g4xx_hal_msp.c ****     /**USART1 GPIO Configuration
ARM GAS  /tmp/cc2Jo1hw.s 			page 25


 861              		.loc 1 372 5 view .LVU221
 862 004e DB6C     		ldr	r3, [r3, #76]
 863 0050 03F00203 		and	r3, r3, #2
 864 0054 0193     		str	r3, [sp, #4]
 372:Core/Src/stm32g4xx_hal_msp.c ****     /**USART1 GPIO Configuration
 865              		.loc 1 372 5 view .LVU222
 866 0056 019B     		ldr	r3, [sp, #4]
 867              	.LBE13:
 372:Core/Src/stm32g4xx_hal_msp.c ****     /**USART1 GPIO Configuration
 868              		.loc 1 372 5 view .LVU223
 377:Core/Src/stm32g4xx_hal_msp.c ****     GPIO_InitStruct.Mode = GPIO_MODE_AF_PP;
 869              		.loc 1 377 5 view .LVU224
 377:Core/Src/stm32g4xx_hal_msp.c ****     GPIO_InitStruct.Mode = GPIO_MODE_AF_PP;
 870              		.loc 1 377 25 is_stmt 0 view .LVU225
 871 0058 C023     		movs	r3, #192
 872 005a 1793     		str	r3, [sp, #92]
 378:Core/Src/stm32g4xx_hal_msp.c ****     GPIO_InitStruct.Pull = GPIO_NOPULL;
 873              		.loc 1 378 5 is_stmt 1 view .LVU226
 378:Core/Src/stm32g4xx_hal_msp.c ****     GPIO_InitStruct.Pull = GPIO_NOPULL;
 874              		.loc 1 378 26 is_stmt 0 view .LVU227
 875 005c 0223     		movs	r3, #2
 876 005e 1893     		str	r3, [sp, #96]
 379:Core/Src/stm32g4xx_hal_msp.c ****     GPIO_InitStruct.Speed = GPIO_SPEED_FREQ_LOW;
 877              		.loc 1 379 5 is_stmt 1 view .LVU228
 379:Core/Src/stm32g4xx_hal_msp.c ****     GPIO_InitStruct.Speed = GPIO_SPEED_FREQ_LOW;
 878              		.loc 1 379 26 is_stmt 0 view .LVU229
 879 0060 0023     		movs	r3, #0
 880 0062 1993     		str	r3, [sp, #100]
 380:Core/Src/stm32g4xx_hal_msp.c ****     GPIO_InitStruct.Alternate = GPIO_AF7_USART1;
 881              		.loc 1 380 5 is_stmt 1 view .LVU230
 380:Core/Src/stm32g4xx_hal_msp.c ****     GPIO_InitStruct.Alternate = GPIO_AF7_USART1;
 882              		.loc 1 380 27 is_stmt 0 view .LVU231
 883 0064 1A93     		str	r3, [sp, #104]
 381:Core/Src/stm32g4xx_hal_msp.c ****     HAL_GPIO_Init(GPIOB, &GPIO_InitStruct);
 884              		.loc 1 381 5 is_stmt 1 view .LVU232
 381:Core/Src/stm32g4xx_hal_msp.c ****     HAL_GPIO_Init(GPIOB, &GPIO_InitStruct);
 885              		.loc 1 381 31 is_stmt 0 view .LVU233
 886 0066 0723     		movs	r3, #7
 887 0068 1B93     		str	r3, [sp, #108]
 382:Core/Src/stm32g4xx_hal_msp.c **** 
 888              		.loc 1 382 5 is_stmt 1 view .LVU234
 889 006a 17A9     		add	r1, sp, #92
 890 006c 0548     		ldr	r0, .L57+8
 891 006e FFF7FEFF 		bl	HAL_GPIO_Init
 892              	.LVL45:
 893              		.loc 1 390 1 is_stmt 0 view .LVU235
 894 0072 D6E7     		b	.L51
 895              	.L56:
 366:Core/Src/stm32g4xx_hal_msp.c ****     }
 896              		.loc 1 366 7 is_stmt 1 view .LVU236
 897 0074 FFF7FEFF 		bl	Error_Handler
 898              	.LVL46:
 899 0078 DBE7     		b	.L53
 900              	.L58:
 901 007a 00BF     		.align	2
 902              	.L57:
 903 007c 00380140 		.word	1073821696
ARM GAS  /tmp/cc2Jo1hw.s 			page 26


 904 0080 00100240 		.word	1073876992
 905 0084 00040048 		.word	1207960576
 906              		.cfi_endproc
 907              	.LFE337:
 909              		.section	.text.HAL_UART_MspDeInit,"ax",%progbits
 910              		.align	1
 911              		.global	HAL_UART_MspDeInit
 912              		.syntax unified
 913              		.thumb
 914              		.thumb_func
 915              		.fpu fpv4-sp-d16
 917              	HAL_UART_MspDeInit:
 918              	.LVL47:
 919              	.LFB338:
 391:Core/Src/stm32g4xx_hal_msp.c **** 
 392:Core/Src/stm32g4xx_hal_msp.c **** /**
 393:Core/Src/stm32g4xx_hal_msp.c ****   * @brief UART MSP De-Initialization
 394:Core/Src/stm32g4xx_hal_msp.c ****   * This function freeze the hardware resources used in this example
 395:Core/Src/stm32g4xx_hal_msp.c ****   * @param huart: UART handle pointer
 396:Core/Src/stm32g4xx_hal_msp.c ****   * @retval None
 397:Core/Src/stm32g4xx_hal_msp.c ****   */
 398:Core/Src/stm32g4xx_hal_msp.c **** void HAL_UART_MspDeInit(UART_HandleTypeDef* huart)
 399:Core/Src/stm32g4xx_hal_msp.c **** {
 920              		.loc 1 399 1 view -0
 921              		.cfi_startproc
 922              		@ args = 0, pretend = 0, frame = 0
 923              		@ frame_needed = 0, uses_anonymous_args = 0
 924              		.loc 1 399 1 is_stmt 0 view .LVU238
 925 0000 08B5     		push	{r3, lr}
 926              	.LCFI23:
 927              		.cfi_def_cfa_offset 8
 928              		.cfi_offset 3, -8
 929              		.cfi_offset 14, -4
 400:Core/Src/stm32g4xx_hal_msp.c ****   if(huart->Instance==USART1)
 930              		.loc 1 400 3 is_stmt 1 view .LVU239
 931              		.loc 1 400 11 is_stmt 0 view .LVU240
 932 0002 0268     		ldr	r2, [r0]
 933              		.loc 1 400 5 view .LVU241
 934 0004 064B     		ldr	r3, .L63
 935 0006 9A42     		cmp	r2, r3
 936 0008 00D0     		beq	.L62
 937              	.LVL48:
 938              	.L59:
 401:Core/Src/stm32g4xx_hal_msp.c ****   {
 402:Core/Src/stm32g4xx_hal_msp.c ****     /* USER CODE BEGIN USART1_MspDeInit 0 */
 403:Core/Src/stm32g4xx_hal_msp.c **** 
 404:Core/Src/stm32g4xx_hal_msp.c ****     /* USER CODE END USART1_MspDeInit 0 */
 405:Core/Src/stm32g4xx_hal_msp.c ****     /* Peripheral clock disable */
 406:Core/Src/stm32g4xx_hal_msp.c ****     __HAL_RCC_USART1_CLK_DISABLE();
 407:Core/Src/stm32g4xx_hal_msp.c **** 
 408:Core/Src/stm32g4xx_hal_msp.c ****     /**USART1 GPIO Configuration
 409:Core/Src/stm32g4xx_hal_msp.c ****     PB6     ------> USART1_TX
 410:Core/Src/stm32g4xx_hal_msp.c ****     PB7     ------> USART1_RX
 411:Core/Src/stm32g4xx_hal_msp.c ****     */
 412:Core/Src/stm32g4xx_hal_msp.c ****     HAL_GPIO_DeInit(GPIOB, GPIO_PIN_6|GPIO_PIN_7);
 413:Core/Src/stm32g4xx_hal_msp.c **** 
 414:Core/Src/stm32g4xx_hal_msp.c ****     /* USER CODE BEGIN USART1_MspDeInit 1 */
ARM GAS  /tmp/cc2Jo1hw.s 			page 27


 415:Core/Src/stm32g4xx_hal_msp.c **** 
 416:Core/Src/stm32g4xx_hal_msp.c ****     /* USER CODE END USART1_MspDeInit 1 */
 417:Core/Src/stm32g4xx_hal_msp.c ****   }
 418:Core/Src/stm32g4xx_hal_msp.c **** 
 419:Core/Src/stm32g4xx_hal_msp.c **** }
 939              		.loc 1 419 1 view .LVU242
 940 000a 08BD     		pop	{r3, pc}
 941              	.LVL49:
 942              	.L62:
 406:Core/Src/stm32g4xx_hal_msp.c **** 
 943              		.loc 1 406 5 is_stmt 1 view .LVU243
 944 000c 054A     		ldr	r2, .L63+4
 945 000e 136E     		ldr	r3, [r2, #96]
 946 0010 23F48043 		bic	r3, r3, #16384
 947 0014 1366     		str	r3, [r2, #96]
 412:Core/Src/stm32g4xx_hal_msp.c **** 
 948              		.loc 1 412 5 view .LVU244
 949 0016 C021     		movs	r1, #192
 950 0018 0348     		ldr	r0, .L63+8
 951              	.LVL50:
 412:Core/Src/stm32g4xx_hal_msp.c **** 
 952              		.loc 1 412 5 is_stmt 0 view .LVU245
 953 001a FFF7FEFF 		bl	HAL_GPIO_DeInit
 954              	.LVL51:
 955              		.loc 1 419 1 view .LVU246
 956 001e F4E7     		b	.L59
 957              	.L64:
 958              		.align	2
 959              	.L63:
 960 0020 00380140 		.word	1073821696
 961 0024 00100240 		.word	1073876992
 962 0028 00040048 		.word	1207960576
 963              		.cfi_endproc
 964              	.LFE338:
 966              		.section	.text.HAL_PCD_MspInit,"ax",%progbits
 967              		.align	1
 968              		.global	HAL_PCD_MspInit
 969              		.syntax unified
 970              		.thumb
 971              		.thumb_func
 972              		.fpu fpv4-sp-d16
 974              	HAL_PCD_MspInit:
 975              	.LVL52:
 976              	.LFB339:
 420:Core/Src/stm32g4xx_hal_msp.c **** 
 421:Core/Src/stm32g4xx_hal_msp.c **** /**
 422:Core/Src/stm32g4xx_hal_msp.c ****   * @brief PCD MSP Initialization
 423:Core/Src/stm32g4xx_hal_msp.c ****   * This function configures the hardware resources used in this example
 424:Core/Src/stm32g4xx_hal_msp.c ****   * @param hpcd: PCD handle pointer
 425:Core/Src/stm32g4xx_hal_msp.c ****   * @retval None
 426:Core/Src/stm32g4xx_hal_msp.c ****   */
 427:Core/Src/stm32g4xx_hal_msp.c **** void HAL_PCD_MspInit(PCD_HandleTypeDef* hpcd)
 428:Core/Src/stm32g4xx_hal_msp.c **** {
 977              		.loc 1 428 1 is_stmt 1 view -0
 978              		.cfi_startproc
 979              		@ args = 0, pretend = 0, frame = 88
 980              		@ frame_needed = 0, uses_anonymous_args = 0
ARM GAS  /tmp/cc2Jo1hw.s 			page 28


 981              		.loc 1 428 1 is_stmt 0 view .LVU248
 982 0000 10B5     		push	{r4, lr}
 983              	.LCFI24:
 984              		.cfi_def_cfa_offset 8
 985              		.cfi_offset 4, -8
 986              		.cfi_offset 14, -4
 987 0002 96B0     		sub	sp, sp, #88
 988              	.LCFI25:
 989              		.cfi_def_cfa_offset 96
 990 0004 0446     		mov	r4, r0
 429:Core/Src/stm32g4xx_hal_msp.c ****   RCC_PeriphCLKInitTypeDef PeriphClkInit = {0};
 991              		.loc 1 429 3 is_stmt 1 view .LVU249
 992              		.loc 1 429 28 is_stmt 0 view .LVU250
 993 0006 5422     		movs	r2, #84
 994 0008 0021     		movs	r1, #0
 995 000a 01A8     		add	r0, sp, #4
 996              	.LVL53:
 997              		.loc 1 429 28 view .LVU251
 998 000c FFF7FEFF 		bl	memset
 999              	.LVL54:
 430:Core/Src/stm32g4xx_hal_msp.c ****   if(hpcd->Instance==USB)
 1000              		.loc 1 430 3 is_stmt 1 view .LVU252
 1001              		.loc 1 430 10 is_stmt 0 view .LVU253
 1002 0010 2268     		ldr	r2, [r4]
 1003              		.loc 1 430 5 view .LVU254
 1004 0012 0E4B     		ldr	r3, .L71
 1005 0014 9A42     		cmp	r2, r3
 1006 0016 01D0     		beq	.L69
 1007              	.L65:
 431:Core/Src/stm32g4xx_hal_msp.c ****   {
 432:Core/Src/stm32g4xx_hal_msp.c ****     /* USER CODE BEGIN USB_MspInit 0 */
 433:Core/Src/stm32g4xx_hal_msp.c **** 
 434:Core/Src/stm32g4xx_hal_msp.c ****     /* USER CODE END USB_MspInit 0 */
 435:Core/Src/stm32g4xx_hal_msp.c **** 
 436:Core/Src/stm32g4xx_hal_msp.c ****   /** Initializes the peripherals clocks
 437:Core/Src/stm32g4xx_hal_msp.c ****   */
 438:Core/Src/stm32g4xx_hal_msp.c ****     PeriphClkInit.PeriphClockSelection = RCC_PERIPHCLK_USB;
 439:Core/Src/stm32g4xx_hal_msp.c ****     PeriphClkInit.UsbClockSelection = RCC_USBCLKSOURCE_PLL;
 440:Core/Src/stm32g4xx_hal_msp.c ****     if (HAL_RCCEx_PeriphCLKConfig(&PeriphClkInit) != HAL_OK)
 441:Core/Src/stm32g4xx_hal_msp.c ****     {
 442:Core/Src/stm32g4xx_hal_msp.c ****       Error_Handler();
 443:Core/Src/stm32g4xx_hal_msp.c ****     }
 444:Core/Src/stm32g4xx_hal_msp.c **** 
 445:Core/Src/stm32g4xx_hal_msp.c ****     /* Peripheral clock enable */
 446:Core/Src/stm32g4xx_hal_msp.c ****     __HAL_RCC_USB_CLK_ENABLE();
 447:Core/Src/stm32g4xx_hal_msp.c ****     /* USER CODE BEGIN USB_MspInit 1 */
 448:Core/Src/stm32g4xx_hal_msp.c **** 
 449:Core/Src/stm32g4xx_hal_msp.c ****     /* USER CODE END USB_MspInit 1 */
 450:Core/Src/stm32g4xx_hal_msp.c **** 
 451:Core/Src/stm32g4xx_hal_msp.c ****   }
 452:Core/Src/stm32g4xx_hal_msp.c **** 
 453:Core/Src/stm32g4xx_hal_msp.c **** }
 1008              		.loc 1 453 1 view .LVU255
 1009 0018 16B0     		add	sp, sp, #88
 1010              	.LCFI26:
 1011              		.cfi_remember_state
 1012              		.cfi_def_cfa_offset 8
ARM GAS  /tmp/cc2Jo1hw.s 			page 29


 1013              		@ sp needed
 1014 001a 10BD     		pop	{r4, pc}
 1015              	.LVL55:
 1016              	.L69:
 1017              	.LCFI27:
 1018              		.cfi_restore_state
 438:Core/Src/stm32g4xx_hal_msp.c ****     PeriphClkInit.UsbClockSelection = RCC_USBCLKSOURCE_PLL;
 1019              		.loc 1 438 5 is_stmt 1 view .LVU256
 438:Core/Src/stm32g4xx_hal_msp.c ****     PeriphClkInit.UsbClockSelection = RCC_USBCLKSOURCE_PLL;
 1020              		.loc 1 438 40 is_stmt 0 view .LVU257
 1021 001c 4FF40053 		mov	r3, #8192
 1022 0020 0193     		str	r3, [sp, #4]
 439:Core/Src/stm32g4xx_hal_msp.c ****     if (HAL_RCCEx_PeriphCLKConfig(&PeriphClkInit) != HAL_OK)
 1023              		.loc 1 439 5 is_stmt 1 view .LVU258
 439:Core/Src/stm32g4xx_hal_msp.c ****     if (HAL_RCCEx_PeriphCLKConfig(&PeriphClkInit) != HAL_OK)
 1024              		.loc 1 439 37 is_stmt 0 view .LVU259
 1025 0022 4FF00063 		mov	r3, #134217728
 1026 0026 1093     		str	r3, [sp, #64]
 440:Core/Src/stm32g4xx_hal_msp.c ****     {
 1027              		.loc 1 440 5 is_stmt 1 view .LVU260
 440:Core/Src/stm32g4xx_hal_msp.c ****     {
 1028              		.loc 1 440 9 is_stmt 0 view .LVU261
 1029 0028 01A8     		add	r0, sp, #4
 1030 002a FFF7FEFF 		bl	HAL_RCCEx_PeriphCLKConfig
 1031              	.LVL56:
 440:Core/Src/stm32g4xx_hal_msp.c ****     {
 1032              		.loc 1 440 8 view .LVU262
 1033 002e 50B9     		cbnz	r0, .L70
 1034              	.L67:
 446:Core/Src/stm32g4xx_hal_msp.c ****     /* USER CODE BEGIN USB_MspInit 1 */
 1035              		.loc 1 446 5 is_stmt 1 view .LVU263
 1036              	.LBB14:
 446:Core/Src/stm32g4xx_hal_msp.c ****     /* USER CODE BEGIN USB_MspInit 1 */
 1037              		.loc 1 446 5 view .LVU264
 446:Core/Src/stm32g4xx_hal_msp.c ****     /* USER CODE BEGIN USB_MspInit 1 */
 1038              		.loc 1 446 5 view .LVU265
 1039 0030 074B     		ldr	r3, .L71+4
 1040 0032 9A6D     		ldr	r2, [r3, #88]
 1041 0034 42F40002 		orr	r2, r2, #8388608
 1042 0038 9A65     		str	r2, [r3, #88]
 446:Core/Src/stm32g4xx_hal_msp.c ****     /* USER CODE BEGIN USB_MspInit 1 */
 1043              		.loc 1 446 5 view .LVU266
 1044 003a 9B6D     		ldr	r3, [r3, #88]
 1045 003c 03F40003 		and	r3, r3, #8388608
 1046 0040 0093     		str	r3, [sp]
 446:Core/Src/stm32g4xx_hal_msp.c ****     /* USER CODE BEGIN USB_MspInit 1 */
 1047              		.loc 1 446 5 view .LVU267
 1048 0042 009B     		ldr	r3, [sp]
 1049              	.LBE14:
 446:Core/Src/stm32g4xx_hal_msp.c ****     /* USER CODE BEGIN USB_MspInit 1 */
 1050              		.loc 1 446 5 view .LVU268
 1051              		.loc 1 453 1 is_stmt 0 view .LVU269
 1052 0044 E8E7     		b	.L65
 1053              	.L70:
 442:Core/Src/stm32g4xx_hal_msp.c ****     }
 1054              		.loc 1 442 7 is_stmt 1 view .LVU270
 1055 0046 FFF7FEFF 		bl	Error_Handler
ARM GAS  /tmp/cc2Jo1hw.s 			page 30


 1056              	.LVL57:
 1057 004a F1E7     		b	.L67
 1058              	.L72:
 1059              		.align	2
 1060              	.L71:
 1061 004c 005C0040 		.word	1073765376
 1062 0050 00100240 		.word	1073876992
 1063              		.cfi_endproc
 1064              	.LFE339:
 1066              		.section	.text.HAL_PCD_MspDeInit,"ax",%progbits
 1067              		.align	1
 1068              		.global	HAL_PCD_MspDeInit
 1069              		.syntax unified
 1070              		.thumb
 1071              		.thumb_func
 1072              		.fpu fpv4-sp-d16
 1074              	HAL_PCD_MspDeInit:
 1075              	.LVL58:
 1076              	.LFB340:
 454:Core/Src/stm32g4xx_hal_msp.c **** 
 455:Core/Src/stm32g4xx_hal_msp.c **** /**
 456:Core/Src/stm32g4xx_hal_msp.c ****   * @brief PCD MSP De-Initialization
 457:Core/Src/stm32g4xx_hal_msp.c ****   * This function freeze the hardware resources used in this example
 458:Core/Src/stm32g4xx_hal_msp.c ****   * @param hpcd: PCD handle pointer
 459:Core/Src/stm32g4xx_hal_msp.c ****   * @retval None
 460:Core/Src/stm32g4xx_hal_msp.c ****   */
 461:Core/Src/stm32g4xx_hal_msp.c **** void HAL_PCD_MspDeInit(PCD_HandleTypeDef* hpcd)
 462:Core/Src/stm32g4xx_hal_msp.c **** {
 1077              		.loc 1 462 1 view -0
 1078              		.cfi_startproc
 1079              		@ args = 0, pretend = 0, frame = 0
 1080              		@ frame_needed = 0, uses_anonymous_args = 0
 1081              		@ link register save eliminated.
 463:Core/Src/stm32g4xx_hal_msp.c ****   if(hpcd->Instance==USB)
 1082              		.loc 1 463 3 view .LVU272
 1083              		.loc 1 463 10 is_stmt 0 view .LVU273
 1084 0000 0268     		ldr	r2, [r0]
 1085              		.loc 1 463 5 view .LVU274
 1086 0002 054B     		ldr	r3, .L76
 1087 0004 9A42     		cmp	r2, r3
 1088 0006 00D0     		beq	.L75
 1089              	.L73:
 464:Core/Src/stm32g4xx_hal_msp.c ****   {
 465:Core/Src/stm32g4xx_hal_msp.c ****     /* USER CODE BEGIN USB_MspDeInit 0 */
 466:Core/Src/stm32g4xx_hal_msp.c **** 
 467:Core/Src/stm32g4xx_hal_msp.c ****     /* USER CODE END USB_MspDeInit 0 */
 468:Core/Src/stm32g4xx_hal_msp.c ****     /* Peripheral clock disable */
 469:Core/Src/stm32g4xx_hal_msp.c ****     __HAL_RCC_USB_CLK_DISABLE();
 470:Core/Src/stm32g4xx_hal_msp.c ****     /* USER CODE BEGIN USB_MspDeInit 1 */
 471:Core/Src/stm32g4xx_hal_msp.c **** 
 472:Core/Src/stm32g4xx_hal_msp.c ****     /* USER CODE END USB_MspDeInit 1 */
 473:Core/Src/stm32g4xx_hal_msp.c ****   }
 474:Core/Src/stm32g4xx_hal_msp.c **** 
 475:Core/Src/stm32g4xx_hal_msp.c **** }
 1090              		.loc 1 475 1 view .LVU275
 1091 0008 7047     		bx	lr
 1092              	.L75:
ARM GAS  /tmp/cc2Jo1hw.s 			page 31


 469:Core/Src/stm32g4xx_hal_msp.c ****     /* USER CODE BEGIN USB_MspDeInit 1 */
 1093              		.loc 1 469 5 is_stmt 1 view .LVU276
 1094 000a 044A     		ldr	r2, .L76+4
 1095 000c 936D     		ldr	r3, [r2, #88]
 1096 000e 23F40003 		bic	r3, r3, #8388608
 1097 0012 9365     		str	r3, [r2, #88]
 1098              		.loc 1 475 1 is_stmt 0 view .LVU277
 1099 0014 F8E7     		b	.L73
 1100              	.L77:
 1101 0016 00BF     		.align	2
 1102              	.L76:
 1103 0018 005C0040 		.word	1073765376
 1104 001c 00100240 		.word	1073876992
 1105              		.cfi_endproc
 1106              	.LFE340:
 1108              		.text
 1109              	.Letext0:
 1110              		.file 2 "/usr/lib/gcc/arm-none-eabi/10.3.1/include/stdint.h"
 1111              		.file 3 "Drivers/CMSIS/Device/ST/STM32G4xx/Include/stm32g474xx.h"
 1112              		.file 4 "Drivers/CMSIS/Device/ST/STM32G4xx/Include/stm32g4xx.h"
 1113              		.file 5 "Drivers/STM32G4xx_HAL_Driver/Inc/stm32g4xx_hal_def.h"
 1114              		.file 6 "Drivers/STM32G4xx_HAL_Driver/Inc/stm32g4xx_hal_rcc_ex.h"
 1115              		.file 7 "Drivers/STM32G4xx_HAL_Driver/Inc/stm32g4xx_hal_gpio.h"
 1116              		.file 8 "Drivers/STM32G4xx_HAL_Driver/Inc/stm32g4xx_hal_dma.h"
 1117              		.file 9 "Drivers/STM32G4xx_HAL_Driver/Inc/stm32g4xx_hal_adc.h"
 1118              		.file 10 "Drivers/STM32G4xx_HAL_Driver/Inc/stm32g4xx_ll_usb.h"
 1119              		.file 11 "Drivers/STM32G4xx_HAL_Driver/Inc/stm32g4xx_hal_pcd.h"
 1120              		.file 12 "Drivers/STM32G4xx_HAL_Driver/Inc/stm32g4xx_hal_spi.h"
 1121              		.file 13 "Drivers/STM32G4xx_HAL_Driver/Inc/stm32g4xx_hal_tim.h"
 1122              		.file 14 "Drivers/STM32G4xx_HAL_Driver/Inc/stm32g4xx_hal_uart.h"
 1123              		.file 15 "Core/Inc/main.h"
 1124              		.file 16 "Drivers/STM32G4xx_HAL_Driver/Inc/stm32g4xx_hal_cortex.h"
 1125              		.file 17 "Drivers/STM32G4xx_HAL_Driver/Inc/stm32g4xx_hal_pwr_ex.h"
 1126              		.file 18 "<built-in>"
ARM GAS  /tmp/cc2Jo1hw.s 			page 32


DEFINED SYMBOLS
                            *ABS*:0000000000000000 stm32g4xx_hal_msp.c
     /tmp/cc2Jo1hw.s:18     .text.HAL_MspInit:0000000000000000 $t
     /tmp/cc2Jo1hw.s:26     .text.HAL_MspInit:0000000000000000 HAL_MspInit
     /tmp/cc2Jo1hw.s:83     .text.HAL_MspInit:0000000000000034 $d
     /tmp/cc2Jo1hw.s:88     .text.HAL_ADC_MspInit:0000000000000000 $t
     /tmp/cc2Jo1hw.s:95     .text.HAL_ADC_MspInit:0000000000000000 HAL_ADC_MspInit
     /tmp/cc2Jo1hw.s:266    .text.HAL_ADC_MspInit:00000000000000b4 $d
     /tmp/cc2Jo1hw.s:272    .text.HAL_ADC_MspDeInit:0000000000000000 $t
     /tmp/cc2Jo1hw.s:279    .text.HAL_ADC_MspDeInit:0000000000000000 HAL_ADC_MspDeInit
     /tmp/cc2Jo1hw.s:330    .text.HAL_ADC_MspDeInit:0000000000000034 $d
     /tmp/cc2Jo1hw.s:336    .text.HAL_SPI_MspInit:0000000000000000 $t
     /tmp/cc2Jo1hw.s:343    .text.HAL_SPI_MspInit:0000000000000000 HAL_SPI_MspInit
     /tmp/cc2Jo1hw.s:443    .text.HAL_SPI_MspInit:0000000000000060 $d
     /tmp/cc2Jo1hw.s:448    .text.HAL_SPI_MspDeInit:0000000000000000 $t
     /tmp/cc2Jo1hw.s:455    .text.HAL_SPI_MspDeInit:0000000000000000 HAL_SPI_MspDeInit
     /tmp/cc2Jo1hw.s:498    .text.HAL_SPI_MspDeInit:0000000000000024 $d
     /tmp/cc2Jo1hw.s:504    .text.HAL_TIM_PWM_MspInit:0000000000000000 $t
     /tmp/cc2Jo1hw.s:511    .text.HAL_TIM_PWM_MspInit:0000000000000000 HAL_TIM_PWM_MspInit
     /tmp/cc2Jo1hw.s:557    .text.HAL_TIM_PWM_MspInit:0000000000000028 $d
     /tmp/cc2Jo1hw.s:562    .text.HAL_TIM_MspPostInit:0000000000000000 $t
     /tmp/cc2Jo1hw.s:569    .text.HAL_TIM_MspPostInit:0000000000000000 HAL_TIM_MspPostInit
     /tmp/cc2Jo1hw.s:718    .text.HAL_TIM_MspPostInit:0000000000000090 $d
     /tmp/cc2Jo1hw.s:724    .text.HAL_TIM_PWM_MspDeInit:0000000000000000 $t
     /tmp/cc2Jo1hw.s:731    .text.HAL_TIM_PWM_MspDeInit:0000000000000000 HAL_TIM_PWM_MspDeInit
     /tmp/cc2Jo1hw.s:760    .text.HAL_TIM_PWM_MspDeInit:0000000000000018 $d
     /tmp/cc2Jo1hw.s:766    .text.HAL_UART_MspInit:0000000000000000 $t
     /tmp/cc2Jo1hw.s:773    .text.HAL_UART_MspInit:0000000000000000 HAL_UART_MspInit
     /tmp/cc2Jo1hw.s:903    .text.HAL_UART_MspInit:000000000000007c $d
     /tmp/cc2Jo1hw.s:910    .text.HAL_UART_MspDeInit:0000000000000000 $t
     /tmp/cc2Jo1hw.s:917    .text.HAL_UART_MspDeInit:0000000000000000 HAL_UART_MspDeInit
     /tmp/cc2Jo1hw.s:960    .text.HAL_UART_MspDeInit:0000000000000020 $d
     /tmp/cc2Jo1hw.s:967    .text.HAL_PCD_MspInit:0000000000000000 $t
     /tmp/cc2Jo1hw.s:974    .text.HAL_PCD_MspInit:0000000000000000 HAL_PCD_MspInit
     /tmp/cc2Jo1hw.s:1061   .text.HAL_PCD_MspInit:000000000000004c $d
     /tmp/cc2Jo1hw.s:1067   .text.HAL_PCD_MspDeInit:0000000000000000 $t
     /tmp/cc2Jo1hw.s:1074   .text.HAL_PCD_MspDeInit:0000000000000000 HAL_PCD_MspDeInit
     /tmp/cc2Jo1hw.s:1103   .text.HAL_PCD_MspDeInit:0000000000000018 $d

UNDEFINED SYMBOLS
HAL_PWREx_DisableUCPDDeadBattery
memset
HAL_RCCEx_PeriphCLKConfig
HAL_GPIO_Init
HAL_NVIC_SetPriority
HAL_NVIC_EnableIRQ
Error_Handler
HAL_GPIO_DeInit
HAL_NVIC_DisableIRQ
