ARM GAS  /tmp/cclfvdy5.s 			page 1


   1              		.cpu cortex-m4
   2              		.eabi_attribute 27, 1
   3              		.eabi_attribute 28, 1
   4              		.eabi_attribute 20, 1
   5              		.eabi_attribute 21, 1
   6              		.eabi_attribute 23, 3
   7              		.eabi_attribute 24, 1
   8              		.eabi_attribute 25, 1
   9              		.eabi_attribute 26, 1
  10              		.eabi_attribute 30, 1
  11              		.eabi_attribute 34, 1
  12              		.eabi_attribute 18, 4
  13              		.file	"voltage_monitor.c"
  14              		.text
  15              	.Ltext0:
  16              		.cfi_sections	.debug_frame
  17              		.section	.text.MX_GPIO_Init,"ax",%progbits
  18              		.align	1
  19              		.arch armv7e-m
  20              		.syntax unified
  21              		.thumb
  22              		.thumb_func
  23              		.fpu fpv4-sp-d16
  25              	MX_GPIO_Init:
  26              	.LFB337:
  27              		.file 1 "Core/Src/voltage_monitor.c"
   1:Core/Src/voltage_monitor.c **** /* USER CODE BEGIN Header */
   2:Core/Src/voltage_monitor.c **** /**
   3:Core/Src/voltage_monitor.c ****   ******************************************************************************
   4:Core/Src/voltage_monitor.c ****   * @file           : voltage_monitor.c
   5:Core/Src/voltage_monitor.c ****   * @brief          : Stripped-down build: measure the USB-C port voltage on
   6:Core/Src/voltage_monitor.c ****   *                   ADC1_IN1 (PA0) and stream it over USART1 (PB6=TX, PB7=RX,
   7:Core/Src/voltage_monitor.c ****   *                   115200 8N1) for the YP-05 USB-serial bridge.
   8:Core/Src/voltage_monitor.c ****   *
   9:Core/Src/voltage_monitor.c ****   *                   No motor / STGIPN IPM control, no SPI, no USB device, no
  10:Core/Src/voltage_monitor.c ****   *                   encoder communication — only ADC -> UART.
  11:Core/Src/voltage_monitor.c ****   ******************************************************************************
  12:Core/Src/voltage_monitor.c ****   */
  13:Core/Src/voltage_monitor.c **** /* USER CODE END Header */
  14:Core/Src/voltage_monitor.c **** /* Includes ------------------------------------------------------------------*/
  15:Core/Src/voltage_monitor.c **** #include "main.h"
  16:Core/Src/voltage_monitor.c **** #include <stdio.h>
  17:Core/Src/voltage_monitor.c **** #include <string.h>
  18:Core/Src/voltage_monitor.c **** 
  19:Core/Src/voltage_monitor.c **** /* Private define ------------------------------------------------------------*/
  20:Core/Src/voltage_monitor.c **** /* USER CODE BEGIN PD */
  21:Core/Src/voltage_monitor.c **** 
  22:Core/Src/voltage_monitor.c **** /* ADC reference voltage in millivolts (STM32 VDDA / VREF+). */
  23:Core/Src/voltage_monitor.c **** #define VREF_MV            3300u
  24:Core/Src/voltage_monitor.c **** 
  25:Core/Src/voltage_monitor.c **** /* 12-bit ADC -> full scale count. */
  26:Core/Src/voltage_monitor.c **** #define ADC_FULL_SCALE     4095u
  27:Core/Src/voltage_monitor.c **** 
  28:Core/Src/voltage_monitor.c **** /* --------------------------------------------------------------------------
  29:Core/Src/voltage_monitor.c ****  * Input voltage divider in front of PA0 (ADC1_IN1).
  30:Core/Src/voltage_monitor.c ****  *
  31:Core/Src/voltage_monitor.c ****  *      USB-C VBUS ---[ R_TOP ]---+--- PA0 (ADC pin, 0..3.3 V max)
ARM GAS  /tmp/cclfvdy5.s 			page 2


  32:Core/Src/voltage_monitor.c ****  *                                |
  33:Core/Src/voltage_monitor.c ****  *                             [ R_BOTTOM ]
  34:Core/Src/voltage_monitor.c ****  *                                |
  35:Core/Src/voltage_monitor.c ****  *                               GND
  36:Core/Src/voltage_monitor.c ****  *
  37:Core/Src/voltage_monitor.c ****  *   Vusb = Vpin * (R_TOP + R_BOTTOM) / R_BOTTOM
  38:Core/Src/voltage_monitor.c ****  *
  39:Core/Src/voltage_monitor.c ****  * SET THESE to your actual resistor values (any consistent unit, e.g. kOhm).
  40:Core/Src/voltage_monitor.c ****  * Defaults below mean "no divider" (R_TOP = 0) -> Vusb is reported equal to
  41:Core/Src/voltage_monitor.c ****  * the raw pin voltage. With a 5 V or 20 V USB-C rail you MUST add a divider
  42:Core/Src/voltage_monitor.c ****  * and enter its resistor values here, otherwise the reported volts are wrong.
  43:Core/Src/voltage_monitor.c ****  * -------------------------------------------------------------------------- */
  44:Core/Src/voltage_monitor.c **** #define VDIV_R_TOP         0u    /* high-side resistor */
  45:Core/Src/voltage_monitor.c **** #define VDIV_R_BOTTOM      1u    /* low-side resistor (must be > 0)            */
  46:Core/Src/voltage_monitor.c **** 
  47:Core/Src/voltage_monitor.c **** /* How often to send a reading, in milliseconds. */
  48:Core/Src/voltage_monitor.c **** #define SAMPLE_PERIOD_MS   200u
  49:Core/Src/voltage_monitor.c **** 
  50:Core/Src/voltage_monitor.c **** /* USER CODE END PD */
  51:Core/Src/voltage_monitor.c **** 
  52:Core/Src/voltage_monitor.c **** /* Private variables ---------------------------------------------------------*/
  53:Core/Src/voltage_monitor.c **** ADC_HandleTypeDef hadc1;
  54:Core/Src/voltage_monitor.c **** UART_HandleTypeDef huart1;
  55:Core/Src/voltage_monitor.c **** 
  56:Core/Src/voltage_monitor.c **** /* Private function prototypes -----------------------------------------------*/
  57:Core/Src/voltage_monitor.c **** void SystemClock_Config(void);
  58:Core/Src/voltage_monitor.c **** static void MX_GPIO_Init(void);
  59:Core/Src/voltage_monitor.c **** static void MX_ADC1_Init(void);
  60:Core/Src/voltage_monitor.c **** static void MX_USART1_UART_Init(void);
  61:Core/Src/voltage_monitor.c **** 
  62:Core/Src/voltage_monitor.c **** /* USER CODE BEGIN PFP */
  63:Core/Src/voltage_monitor.c **** static uint32_t ADC_ReadOnce(void);
  64:Core/Src/voltage_monitor.c **** /* USER CODE END PFP */
  65:Core/Src/voltage_monitor.c **** 
  66:Core/Src/voltage_monitor.c **** /**
  67:Core/Src/voltage_monitor.c ****   * @brief  The application entry point.
  68:Core/Src/voltage_monitor.c ****   * @retval int
  69:Core/Src/voltage_monitor.c ****   */
  70:Core/Src/voltage_monitor.c **** int main(void)
  71:Core/Src/voltage_monitor.c **** {
  72:Core/Src/voltage_monitor.c ****   /* MCU Configuration--------------------------------------------------------*/
  73:Core/Src/voltage_monitor.c ****   HAL_Init();
  74:Core/Src/voltage_monitor.c ****   SystemClock_Config();
  75:Core/Src/voltage_monitor.c **** 
  76:Core/Src/voltage_monitor.c ****   /* Initialize only the peripherals this build needs. */
  77:Core/Src/voltage_monitor.c ****   MX_GPIO_Init();
  78:Core/Src/voltage_monitor.c ****   MX_ADC1_Init();
  79:Core/Src/voltage_monitor.c ****   MX_USART1_UART_Init();
  80:Core/Src/voltage_monitor.c **** 
  81:Core/Src/voltage_monitor.c ****   /* USER CODE BEGIN 2 */
  82:Core/Src/voltage_monitor.c ****   /* Calibrate the ADC once for an accurate reading. */
  83:Core/Src/voltage_monitor.c ****   HAL_ADCEx_Calibration_Start(&hadc1, ADC_SINGLE_ENDED);
  84:Core/Src/voltage_monitor.c **** 
  85:Core/Src/voltage_monitor.c ****   {
  86:Core/Src/voltage_monitor.c ****     const char *banner = "USB-C voltage monitor ready\r\n";
  87:Core/Src/voltage_monitor.c ****     HAL_UART_Transmit(&huart1, (uint8_t *)banner, strlen(banner), HAL_MAX_DELAY);
  88:Core/Src/voltage_monitor.c ****   }
ARM GAS  /tmp/cclfvdy5.s 			page 3


  89:Core/Src/voltage_monitor.c ****   /* USER CODE END 2 */
  90:Core/Src/voltage_monitor.c **** 
  91:Core/Src/voltage_monitor.c ****   /* Infinite loop */
  92:Core/Src/voltage_monitor.c ****   while (1)
  93:Core/Src/voltage_monitor.c ****   {
  94:Core/Src/voltage_monitor.c ****     /* USER CODE BEGIN 3 */
  95:Core/Src/voltage_monitor.c ****     uint32_t adc  = ADC_ReadOnce();
  96:Core/Src/voltage_monitor.c **** 
  97:Core/Src/voltage_monitor.c ****     /* Voltage at the ADC pin, in millivolts. */
  98:Core/Src/voltage_monitor.c ****     uint32_t vpin_mv = (adc * VREF_MV) / ADC_FULL_SCALE;
  99:Core/Src/voltage_monitor.c **** 
 100:Core/Src/voltage_monitor.c ****     /* Scale back up through the input divider to the real USB-C voltage. */
 101:Core/Src/voltage_monitor.c ****     uint32_t vusb_mv = vpin_mv * (VDIV_R_TOP + VDIV_R_BOTTOM) / VDIV_R_BOTTOM;
 102:Core/Src/voltage_monitor.c **** 
 103:Core/Src/voltage_monitor.c ****     char line[80];
 104:Core/Src/voltage_monitor.c ****     int n = snprintf(line, sizeof(line),
 105:Core/Src/voltage_monitor.c ****                      "VUSB=%lu.%03lu V  (adc=%lu, vpin=%lu mV)\r\n",
 106:Core/Src/voltage_monitor.c ****                      (unsigned long)(vusb_mv / 1000u),
 107:Core/Src/voltage_monitor.c ****                      (unsigned long)(vusb_mv % 1000u),
 108:Core/Src/voltage_monitor.c ****                      (unsigned long)adc,
 109:Core/Src/voltage_monitor.c ****                      (unsigned long)vpin_mv);
 110:Core/Src/voltage_monitor.c ****     HAL_UART_Transmit(&huart1, (uint8_t *)line, (uint16_t)n, HAL_MAX_DELAY);
 111:Core/Src/voltage_monitor.c **** 
 112:Core/Src/voltage_monitor.c ****     HAL_Delay(SAMPLE_PERIOD_MS);
 113:Core/Src/voltage_monitor.c ****     /* USER CODE END 3 */
 114:Core/Src/voltage_monitor.c ****   }
 115:Core/Src/voltage_monitor.c **** }
 116:Core/Src/voltage_monitor.c **** 
 117:Core/Src/voltage_monitor.c **** /* USER CODE BEGIN 4 */
 118:Core/Src/voltage_monitor.c **** /**
 119:Core/Src/voltage_monitor.c ****   * @brief  Trigger a single ADC conversion and return the raw count.
 120:Core/Src/voltage_monitor.c ****   * @retval 12-bit ADC value (0..4095)
 121:Core/Src/voltage_monitor.c ****   */
 122:Core/Src/voltage_monitor.c **** static uint32_t ADC_ReadOnce(void)
 123:Core/Src/voltage_monitor.c **** {
 124:Core/Src/voltage_monitor.c ****   uint32_t value = 0;
 125:Core/Src/voltage_monitor.c **** 
 126:Core/Src/voltage_monitor.c ****   HAL_ADC_Start(&hadc1);
 127:Core/Src/voltage_monitor.c ****   if (HAL_ADC_PollForConversion(&hadc1, 10u) == HAL_OK)
 128:Core/Src/voltage_monitor.c ****   {
 129:Core/Src/voltage_monitor.c ****     value = HAL_ADC_GetValue(&hadc1);
 130:Core/Src/voltage_monitor.c ****   }
 131:Core/Src/voltage_monitor.c ****   HAL_ADC_Stop(&hadc1);
 132:Core/Src/voltage_monitor.c **** 
 133:Core/Src/voltage_monitor.c ****   return value;
 134:Core/Src/voltage_monitor.c **** }
 135:Core/Src/voltage_monitor.c **** /* USER CODE END 4 */
 136:Core/Src/voltage_monitor.c **** 
 137:Core/Src/voltage_monitor.c **** /**
 138:Core/Src/voltage_monitor.c ****   * @brief System Clock Configuration
 139:Core/Src/voltage_monitor.c ****   * @retval None
 140:Core/Src/voltage_monitor.c ****   */
 141:Core/Src/voltage_monitor.c **** void SystemClock_Config(void)
 142:Core/Src/voltage_monitor.c **** {
 143:Core/Src/voltage_monitor.c ****   RCC_OscInitTypeDef RCC_OscInitStruct = {0};
 144:Core/Src/voltage_monitor.c ****   RCC_ClkInitTypeDef RCC_ClkInitStruct = {0};
 145:Core/Src/voltage_monitor.c **** 
ARM GAS  /tmp/cclfvdy5.s 			page 4


 146:Core/Src/voltage_monitor.c ****   HAL_PWREx_ControlVoltageScaling(PWR_REGULATOR_VOLTAGE_SCALE1);
 147:Core/Src/voltage_monitor.c **** 
 148:Core/Src/voltage_monitor.c ****   RCC_OscInitStruct.OscillatorType = RCC_OSCILLATORTYPE_HSI;
 149:Core/Src/voltage_monitor.c ****   RCC_OscInitStruct.HSIState = RCC_HSI_ON;
 150:Core/Src/voltage_monitor.c ****   RCC_OscInitStruct.HSICalibrationValue = RCC_HSICALIBRATION_DEFAULT;
 151:Core/Src/voltage_monitor.c ****   RCC_OscInitStruct.PLL.PLLState = RCC_PLL_ON;
 152:Core/Src/voltage_monitor.c ****   RCC_OscInitStruct.PLL.PLLSource = RCC_PLLSOURCE_HSI;
 153:Core/Src/voltage_monitor.c ****   RCC_OscInitStruct.PLL.PLLM = RCC_PLLM_DIV1;
 154:Core/Src/voltage_monitor.c ****   RCC_OscInitStruct.PLL.PLLN = 12;
 155:Core/Src/voltage_monitor.c ****   RCC_OscInitStruct.PLL.PLLP = RCC_PLLP_DIV2;
 156:Core/Src/voltage_monitor.c ****   RCC_OscInitStruct.PLL.PLLQ = RCC_PLLQ_DIV4;
 157:Core/Src/voltage_monitor.c ****   RCC_OscInitStruct.PLL.PLLR = RCC_PLLR_DIV2;
 158:Core/Src/voltage_monitor.c ****   if (HAL_RCC_OscConfig(&RCC_OscInitStruct) != HAL_OK)
 159:Core/Src/voltage_monitor.c ****   {
 160:Core/Src/voltage_monitor.c ****     Error_Handler();
 161:Core/Src/voltage_monitor.c ****   }
 162:Core/Src/voltage_monitor.c **** 
 163:Core/Src/voltage_monitor.c ****   RCC_ClkInitStruct.ClockType = RCC_CLOCKTYPE_HCLK|RCC_CLOCKTYPE_SYSCLK
 164:Core/Src/voltage_monitor.c ****                               |RCC_CLOCKTYPE_PCLK1|RCC_CLOCKTYPE_PCLK2;
 165:Core/Src/voltage_monitor.c ****   RCC_ClkInitStruct.SYSCLKSource = RCC_SYSCLKSOURCE_HSI;
 166:Core/Src/voltage_monitor.c ****   RCC_ClkInitStruct.AHBCLKDivider = RCC_SYSCLK_DIV1;
 167:Core/Src/voltage_monitor.c ****   RCC_ClkInitStruct.APB1CLKDivider = RCC_HCLK_DIV1;
 168:Core/Src/voltage_monitor.c ****   RCC_ClkInitStruct.APB2CLKDivider = RCC_HCLK_DIV1;
 169:Core/Src/voltage_monitor.c **** 
 170:Core/Src/voltage_monitor.c ****   if (HAL_RCC_ClockConfig(&RCC_ClkInitStruct, FLASH_LATENCY_0) != HAL_OK)
 171:Core/Src/voltage_monitor.c ****   {
 172:Core/Src/voltage_monitor.c ****     Error_Handler();
 173:Core/Src/voltage_monitor.c ****   }
 174:Core/Src/voltage_monitor.c **** }
 175:Core/Src/voltage_monitor.c **** 
 176:Core/Src/voltage_monitor.c **** /**
 177:Core/Src/voltage_monitor.c ****   * @brief ADC1 Initialization Function (single channel, ADC1_IN1 = PA0)
 178:Core/Src/voltage_monitor.c ****   * @retval None
 179:Core/Src/voltage_monitor.c ****   */
 180:Core/Src/voltage_monitor.c **** static void MX_ADC1_Init(void)
 181:Core/Src/voltage_monitor.c **** {
 182:Core/Src/voltage_monitor.c ****   ADC_MultiModeTypeDef multimode = {0};
 183:Core/Src/voltage_monitor.c ****   ADC_ChannelConfTypeDef sConfig = {0};
 184:Core/Src/voltage_monitor.c **** 
 185:Core/Src/voltage_monitor.c ****   hadc1.Instance = ADC1;
 186:Core/Src/voltage_monitor.c ****   hadc1.Init.ClockPrescaler = ADC_CLOCK_SYNC_PCLK_DIV2;
 187:Core/Src/voltage_monitor.c ****   hadc1.Init.Resolution = ADC_RESOLUTION_12B;
 188:Core/Src/voltage_monitor.c ****   hadc1.Init.DataAlign = ADC_DATAALIGN_RIGHT;
 189:Core/Src/voltage_monitor.c ****   hadc1.Init.GainCompensation = 0;
 190:Core/Src/voltage_monitor.c ****   hadc1.Init.ScanConvMode = ADC_SCAN_DISABLE;
 191:Core/Src/voltage_monitor.c ****   hadc1.Init.EOCSelection = ADC_EOC_SINGLE_CONV;
 192:Core/Src/voltage_monitor.c ****   hadc1.Init.LowPowerAutoWait = DISABLE;
 193:Core/Src/voltage_monitor.c ****   hadc1.Init.ContinuousConvMode = DISABLE;
 194:Core/Src/voltage_monitor.c ****   hadc1.Init.NbrOfConversion = 1;
 195:Core/Src/voltage_monitor.c ****   hadc1.Init.DiscontinuousConvMode = DISABLE;
 196:Core/Src/voltage_monitor.c ****   hadc1.Init.ExternalTrigConv = ADC_SOFTWARE_START;
 197:Core/Src/voltage_monitor.c ****   hadc1.Init.ExternalTrigConvEdge = ADC_EXTERNALTRIGCONVEDGE_NONE;
 198:Core/Src/voltage_monitor.c ****   hadc1.Init.DMAContinuousRequests = DISABLE;
 199:Core/Src/voltage_monitor.c ****   hadc1.Init.Overrun = ADC_OVR_DATA_PRESERVED;
 200:Core/Src/voltage_monitor.c ****   hadc1.Init.OversamplingMode = DISABLE;
 201:Core/Src/voltage_monitor.c ****   if (HAL_ADC_Init(&hadc1) != HAL_OK)
 202:Core/Src/voltage_monitor.c ****   {
ARM GAS  /tmp/cclfvdy5.s 			page 5


 203:Core/Src/voltage_monitor.c ****     Error_Handler();
 204:Core/Src/voltage_monitor.c ****   }
 205:Core/Src/voltage_monitor.c **** 
 206:Core/Src/voltage_monitor.c ****   multimode.Mode = ADC_MODE_INDEPENDENT;
 207:Core/Src/voltage_monitor.c ****   if (HAL_ADCEx_MultiModeConfigChannel(&hadc1, &multimode) != HAL_OK)
 208:Core/Src/voltage_monitor.c ****   {
 209:Core/Src/voltage_monitor.c ****     Error_Handler();
 210:Core/Src/voltage_monitor.c ****   }
 211:Core/Src/voltage_monitor.c **** 
 212:Core/Src/voltage_monitor.c ****   sConfig.Channel = ADC_CHANNEL_1;            /* PA0 -> USB-C voltage sense */
 213:Core/Src/voltage_monitor.c ****   sConfig.Rank = ADC_REGULAR_RANK_1;
 214:Core/Src/voltage_monitor.c ****   sConfig.SamplingTime = ADC_SAMPLETIME_2CYCLES_5;
 215:Core/Src/voltage_monitor.c ****   sConfig.SingleDiff = ADC_SINGLE_ENDED;
 216:Core/Src/voltage_monitor.c ****   sConfig.OffsetNumber = ADC_OFFSET_NONE;
 217:Core/Src/voltage_monitor.c ****   sConfig.Offset = 0;
 218:Core/Src/voltage_monitor.c ****   if (HAL_ADC_ConfigChannel(&hadc1, &sConfig) != HAL_OK)
 219:Core/Src/voltage_monitor.c ****   {
 220:Core/Src/voltage_monitor.c ****     Error_Handler();
 221:Core/Src/voltage_monitor.c ****   }
 222:Core/Src/voltage_monitor.c **** }
 223:Core/Src/voltage_monitor.c **** 
 224:Core/Src/voltage_monitor.c **** /**
 225:Core/Src/voltage_monitor.c ****   * @brief USART1 Initialization Function (PB6=TX, PB7=RX, 115200 8N1)
 226:Core/Src/voltage_monitor.c ****   * @retval None
 227:Core/Src/voltage_monitor.c ****   */
 228:Core/Src/voltage_monitor.c **** static void MX_USART1_UART_Init(void)
 229:Core/Src/voltage_monitor.c **** {
 230:Core/Src/voltage_monitor.c ****   huart1.Instance = USART1;
 231:Core/Src/voltage_monitor.c ****   huart1.Init.BaudRate = 115200;
 232:Core/Src/voltage_monitor.c ****   huart1.Init.WordLength = UART_WORDLENGTH_8B;
 233:Core/Src/voltage_monitor.c ****   huart1.Init.StopBits = UART_STOPBITS_1;
 234:Core/Src/voltage_monitor.c ****   huart1.Init.Parity = UART_PARITY_NONE;
 235:Core/Src/voltage_monitor.c ****   huart1.Init.Mode = UART_MODE_TX_RX;
 236:Core/Src/voltage_monitor.c ****   huart1.Init.HwFlowCtl = UART_HWCONTROL_NONE;
 237:Core/Src/voltage_monitor.c ****   huart1.Init.OverSampling = UART_OVERSAMPLING_16;
 238:Core/Src/voltage_monitor.c ****   huart1.Init.OneBitSampling = UART_ONE_BIT_SAMPLE_DISABLE;
 239:Core/Src/voltage_monitor.c ****   huart1.Init.ClockPrescaler = UART_PRESCALER_DIV1;
 240:Core/Src/voltage_monitor.c ****   huart1.AdvancedInit.AdvFeatureInit = UART_ADVFEATURE_NO_INIT;
 241:Core/Src/voltage_monitor.c ****   if (HAL_UART_Init(&huart1) != HAL_OK)
 242:Core/Src/voltage_monitor.c ****   {
 243:Core/Src/voltage_monitor.c ****     Error_Handler();
 244:Core/Src/voltage_monitor.c ****   }
 245:Core/Src/voltage_monitor.c ****   if (HAL_UARTEx_SetTxFifoThreshold(&huart1, UART_TXFIFO_THRESHOLD_1_8) != HAL_OK)
 246:Core/Src/voltage_monitor.c ****   {
 247:Core/Src/voltage_monitor.c ****     Error_Handler();
 248:Core/Src/voltage_monitor.c ****   }
 249:Core/Src/voltage_monitor.c ****   if (HAL_UARTEx_SetRxFifoThreshold(&huart1, UART_RXFIFO_THRESHOLD_1_8) != HAL_OK)
 250:Core/Src/voltage_monitor.c ****   {
 251:Core/Src/voltage_monitor.c ****     Error_Handler();
 252:Core/Src/voltage_monitor.c ****   }
 253:Core/Src/voltage_monitor.c ****   if (HAL_UARTEx_DisableFifoMode(&huart1) != HAL_OK)
 254:Core/Src/voltage_monitor.c ****   {
 255:Core/Src/voltage_monitor.c ****     Error_Handler();
 256:Core/Src/voltage_monitor.c ****   }
 257:Core/Src/voltage_monitor.c **** }
 258:Core/Src/voltage_monitor.c **** 
 259:Core/Src/voltage_monitor.c **** /**
ARM GAS  /tmp/cclfvdy5.s 			page 6


 260:Core/Src/voltage_monitor.c ****   * @brief GPIO Initialization Function
 261:Core/Src/voltage_monitor.c ****   * @retval None
 262:Core/Src/voltage_monitor.c ****   * @note   PA0 (ADC) and PB6/PB7 (USART1) pins are configured by their
 263:Core/Src/voltage_monitor.c ****   *         respective HAL MspInit callbacks; here we only enable the clocks.
 264:Core/Src/voltage_monitor.c ****   */
 265:Core/Src/voltage_monitor.c **** static void MX_GPIO_Init(void)
 266:Core/Src/voltage_monitor.c **** {
  28              		.loc 1 266 1 view -0
  29              		.cfi_startproc
  30              		@ args = 0, pretend = 0, frame = 8
  31              		@ frame_needed = 0, uses_anonymous_args = 0
  32              		@ link register save eliminated.
  33 0000 82B0     		sub	sp, sp, #8
  34              	.LCFI0:
  35              		.cfi_def_cfa_offset 8
 267:Core/Src/voltage_monitor.c ****   __HAL_RCC_GPIOA_CLK_ENABLE();
  36              		.loc 1 267 3 view .LVU1
  37              	.LBB4:
  38              		.loc 1 267 3 view .LVU2
  39              		.loc 1 267 3 view .LVU3
  40 0002 0A4B     		ldr	r3, .L3
  41 0004 DA6C     		ldr	r2, [r3, #76]
  42 0006 42F00102 		orr	r2, r2, #1
  43 000a DA64     		str	r2, [r3, #76]
  44              		.loc 1 267 3 view .LVU4
  45 000c DA6C     		ldr	r2, [r3, #76]
  46 000e 02F00102 		and	r2, r2, #1
  47 0012 0092     		str	r2, [sp]
  48              		.loc 1 267 3 view .LVU5
  49 0014 009A     		ldr	r2, [sp]
  50              	.LBE4:
  51              		.loc 1 267 3 view .LVU6
 268:Core/Src/voltage_monitor.c ****   __HAL_RCC_GPIOB_CLK_ENABLE();
  52              		.loc 1 268 3 view .LVU7
  53              	.LBB5:
  54              		.loc 1 268 3 view .LVU8
  55              		.loc 1 268 3 view .LVU9
  56 0016 DA6C     		ldr	r2, [r3, #76]
  57 0018 42F00202 		orr	r2, r2, #2
  58 001c DA64     		str	r2, [r3, #76]
  59              		.loc 1 268 3 view .LVU10
  60 001e DB6C     		ldr	r3, [r3, #76]
  61 0020 03F00203 		and	r3, r3, #2
  62 0024 0193     		str	r3, [sp, #4]
  63              		.loc 1 268 3 view .LVU11
  64 0026 019B     		ldr	r3, [sp, #4]
  65              	.LBE5:
  66              		.loc 1 268 3 view .LVU12
 269:Core/Src/voltage_monitor.c **** }
  67              		.loc 1 269 1 is_stmt 0 view .LVU13
  68 0028 02B0     		add	sp, sp, #8
  69              	.LCFI1:
  70              		.cfi_def_cfa_offset 0
  71              		@ sp needed
  72 002a 7047     		bx	lr
  73              	.L4:
  74              		.align	2
ARM GAS  /tmp/cclfvdy5.s 			page 7


  75              	.L3:
  76 002c 00100240 		.word	1073876992
  77              		.cfi_endproc
  78              	.LFE337:
  80              		.section	.text.ADC_ReadOnce,"ax",%progbits
  81              		.align	1
  82              		.syntax unified
  83              		.thumb
  84              		.thumb_func
  85              		.fpu fpv4-sp-d16
  87              	ADC_ReadOnce:
  88              	.LFB333:
 123:Core/Src/voltage_monitor.c ****   uint32_t value = 0;
  89              		.loc 1 123 1 is_stmt 1 view -0
  90              		.cfi_startproc
  91              		@ args = 0, pretend = 0, frame = 0
  92              		@ frame_needed = 0, uses_anonymous_args = 0
  93 0000 10B5     		push	{r4, lr}
  94              	.LCFI2:
  95              		.cfi_def_cfa_offset 8
  96              		.cfi_offset 4, -8
  97              		.cfi_offset 14, -4
 124:Core/Src/voltage_monitor.c **** 
  98              		.loc 1 124 3 view .LVU15
  99              	.LVL0:
 126:Core/Src/voltage_monitor.c ****   if (HAL_ADC_PollForConversion(&hadc1, 10u) == HAL_OK)
 100              		.loc 1 126 3 view .LVU16
 101 0002 0A4C     		ldr	r4, .L10
 102 0004 2046     		mov	r0, r4
 103 0006 FFF7FEFF 		bl	HAL_ADC_Start
 104              	.LVL1:
 127:Core/Src/voltage_monitor.c ****   {
 105              		.loc 1 127 3 view .LVU17
 127:Core/Src/voltage_monitor.c ****   {
 106              		.loc 1 127 7 is_stmt 0 view .LVU18
 107 000a 0A21     		movs	r1, #10
 108 000c 2046     		mov	r0, r4
 109 000e FFF7FEFF 		bl	HAL_ADC_PollForConversion
 110              	.LVL2:
 127:Core/Src/voltage_monitor.c ****   {
 111              		.loc 1 127 6 view .LVU19
 112 0012 28B1     		cbz	r0, .L9
 124:Core/Src/voltage_monitor.c **** 
 113              		.loc 1 124 12 view .LVU20
 114 0014 0024     		movs	r4, #0
 115              	.LVL3:
 116              	.L6:
 131:Core/Src/voltage_monitor.c **** 
 117              		.loc 1 131 3 is_stmt 1 view .LVU21
 118 0016 0548     		ldr	r0, .L10
 119 0018 FFF7FEFF 		bl	HAL_ADC_Stop
 120              	.LVL4:
 133:Core/Src/voltage_monitor.c **** }
 121              		.loc 1 133 3 view .LVU22
 134:Core/Src/voltage_monitor.c **** /* USER CODE END 4 */
 122              		.loc 1 134 1 is_stmt 0 view .LVU23
 123 001c 2046     		mov	r0, r4
ARM GAS  /tmp/cclfvdy5.s 			page 8


 124 001e 10BD     		pop	{r4, pc}
 125              	.LVL5:
 126              	.L9:
 129:Core/Src/voltage_monitor.c ****   }
 127              		.loc 1 129 5 is_stmt 1 view .LVU24
 129:Core/Src/voltage_monitor.c ****   }
 128              		.loc 1 129 13 is_stmt 0 view .LVU25
 129 0020 2046     		mov	r0, r4
 130 0022 FFF7FEFF 		bl	HAL_ADC_GetValue
 131              	.LVL6:
 132 0026 0446     		mov	r4, r0
 133              	.LVL7:
 129:Core/Src/voltage_monitor.c ****   }
 134              		.loc 1 129 13 view .LVU26
 135 0028 F5E7     		b	.L6
 136              	.L11:
 137 002a 00BF     		.align	2
 138              	.L10:
 139 002c 00000000 		.word	.LANCHOR0
 140              		.cfi_endproc
 141              	.LFE333:
 143              		.section	.text.Error_Handler,"ax",%progbits
 144              		.align	1
 145              		.global	Error_Handler
 146              		.syntax unified
 147              		.thumb
 148              		.thumb_func
 149              		.fpu fpv4-sp-d16
 151              	Error_Handler:
 152              	.LFB338:
 270:Core/Src/voltage_monitor.c **** 
 271:Core/Src/voltage_monitor.c **** /**
 272:Core/Src/voltage_monitor.c ****   * @brief  This function is executed in case of error occurrence.
 273:Core/Src/voltage_monitor.c ****   * @retval None
 274:Core/Src/voltage_monitor.c ****   */
 275:Core/Src/voltage_monitor.c **** void Error_Handler(void)
 276:Core/Src/voltage_monitor.c **** {
 153              		.loc 1 276 1 is_stmt 1 view -0
 154              		.cfi_startproc
 155              		@ Volatile: function does not return.
 156              		@ args = 0, pretend = 0, frame = 0
 157              		@ frame_needed = 0, uses_anonymous_args = 0
 158              		@ link register save eliminated.
 277:Core/Src/voltage_monitor.c ****   __disable_irq();
 159              		.loc 1 277 3 view .LVU28
 160              	.LBB6:
 161              	.LBI6:
 162              		.file 2 "Drivers/CMSIS/Include/cmsis_gcc.h"
   1:Drivers/CMSIS/Include/cmsis_gcc.h **** /**************************************************************************//**
   2:Drivers/CMSIS/Include/cmsis_gcc.h ****  * @file     cmsis_gcc.h
   3:Drivers/CMSIS/Include/cmsis_gcc.h ****  * @brief    CMSIS compiler GCC header file
   4:Drivers/CMSIS/Include/cmsis_gcc.h ****  * @version  V5.2.0
   5:Drivers/CMSIS/Include/cmsis_gcc.h ****  * @date     08. May 2019
   6:Drivers/CMSIS/Include/cmsis_gcc.h ****  ******************************************************************************/
   7:Drivers/CMSIS/Include/cmsis_gcc.h **** /*
   8:Drivers/CMSIS/Include/cmsis_gcc.h ****  * Copyright (c) 2009-2019 Arm Limited. All rights reserved.
   9:Drivers/CMSIS/Include/cmsis_gcc.h ****  *
ARM GAS  /tmp/cclfvdy5.s 			page 9


  10:Drivers/CMSIS/Include/cmsis_gcc.h ****  * SPDX-License-Identifier: Apache-2.0
  11:Drivers/CMSIS/Include/cmsis_gcc.h ****  *
  12:Drivers/CMSIS/Include/cmsis_gcc.h ****  * Licensed under the Apache License, Version 2.0 (the License); you may
  13:Drivers/CMSIS/Include/cmsis_gcc.h ****  * not use this file except in compliance with the License.
  14:Drivers/CMSIS/Include/cmsis_gcc.h ****  * You may obtain a copy of the License at
  15:Drivers/CMSIS/Include/cmsis_gcc.h ****  *
  16:Drivers/CMSIS/Include/cmsis_gcc.h ****  * www.apache.org/licenses/LICENSE-2.0
  17:Drivers/CMSIS/Include/cmsis_gcc.h ****  *
  18:Drivers/CMSIS/Include/cmsis_gcc.h ****  * Unless required by applicable law or agreed to in writing, software
  19:Drivers/CMSIS/Include/cmsis_gcc.h ****  * distributed under the License is distributed on an AS IS BASIS, WITHOUT
  20:Drivers/CMSIS/Include/cmsis_gcc.h ****  * WARRANTIES OR CONDITIONS OF ANY KIND, either express or implied.
  21:Drivers/CMSIS/Include/cmsis_gcc.h ****  * See the License for the specific language governing permissions and
  22:Drivers/CMSIS/Include/cmsis_gcc.h ****  * limitations under the License.
  23:Drivers/CMSIS/Include/cmsis_gcc.h ****  */
  24:Drivers/CMSIS/Include/cmsis_gcc.h **** 
  25:Drivers/CMSIS/Include/cmsis_gcc.h **** #ifndef __CMSIS_GCC_H
  26:Drivers/CMSIS/Include/cmsis_gcc.h **** #define __CMSIS_GCC_H
  27:Drivers/CMSIS/Include/cmsis_gcc.h **** 
  28:Drivers/CMSIS/Include/cmsis_gcc.h **** /* ignore some GCC warnings */
  29:Drivers/CMSIS/Include/cmsis_gcc.h **** #pragma GCC diagnostic push
  30:Drivers/CMSIS/Include/cmsis_gcc.h **** #pragma GCC diagnostic ignored "-Wsign-conversion"
  31:Drivers/CMSIS/Include/cmsis_gcc.h **** #pragma GCC diagnostic ignored "-Wconversion"
  32:Drivers/CMSIS/Include/cmsis_gcc.h **** #pragma GCC diagnostic ignored "-Wunused-parameter"
  33:Drivers/CMSIS/Include/cmsis_gcc.h **** 
  34:Drivers/CMSIS/Include/cmsis_gcc.h **** /* Fallback for __has_builtin */
  35:Drivers/CMSIS/Include/cmsis_gcc.h **** #ifndef __has_builtin
  36:Drivers/CMSIS/Include/cmsis_gcc.h ****   #define __has_builtin(x) (0)
  37:Drivers/CMSIS/Include/cmsis_gcc.h **** #endif
  38:Drivers/CMSIS/Include/cmsis_gcc.h **** 
  39:Drivers/CMSIS/Include/cmsis_gcc.h **** /* CMSIS compiler specific defines */
  40:Drivers/CMSIS/Include/cmsis_gcc.h **** #ifndef   __ASM
  41:Drivers/CMSIS/Include/cmsis_gcc.h ****   #define __ASM                                  __asm
  42:Drivers/CMSIS/Include/cmsis_gcc.h **** #endif
  43:Drivers/CMSIS/Include/cmsis_gcc.h **** #ifndef   __INLINE
  44:Drivers/CMSIS/Include/cmsis_gcc.h ****   #define __INLINE                               inline
  45:Drivers/CMSIS/Include/cmsis_gcc.h **** #endif
  46:Drivers/CMSIS/Include/cmsis_gcc.h **** #ifndef   __STATIC_INLINE
  47:Drivers/CMSIS/Include/cmsis_gcc.h ****   #define __STATIC_INLINE                        static inline
  48:Drivers/CMSIS/Include/cmsis_gcc.h **** #endif
  49:Drivers/CMSIS/Include/cmsis_gcc.h **** #ifndef   __STATIC_FORCEINLINE                 
  50:Drivers/CMSIS/Include/cmsis_gcc.h ****   #define __STATIC_FORCEINLINE                   __attribute__((always_inline)) static inline
  51:Drivers/CMSIS/Include/cmsis_gcc.h **** #endif                                           
  52:Drivers/CMSIS/Include/cmsis_gcc.h **** #ifndef   __NO_RETURN
  53:Drivers/CMSIS/Include/cmsis_gcc.h ****   #define __NO_RETURN                            __attribute__((__noreturn__))
  54:Drivers/CMSIS/Include/cmsis_gcc.h **** #endif
  55:Drivers/CMSIS/Include/cmsis_gcc.h **** #ifndef   __USED
  56:Drivers/CMSIS/Include/cmsis_gcc.h ****   #define __USED                                 __attribute__((used))
  57:Drivers/CMSIS/Include/cmsis_gcc.h **** #endif
  58:Drivers/CMSIS/Include/cmsis_gcc.h **** #ifndef   __WEAK
  59:Drivers/CMSIS/Include/cmsis_gcc.h ****   #define __WEAK                                 __attribute__((weak))
  60:Drivers/CMSIS/Include/cmsis_gcc.h **** #endif
  61:Drivers/CMSIS/Include/cmsis_gcc.h **** #ifndef   __PACKED
  62:Drivers/CMSIS/Include/cmsis_gcc.h ****   #define __PACKED                               __attribute__((packed, aligned(1)))
  63:Drivers/CMSIS/Include/cmsis_gcc.h **** #endif
  64:Drivers/CMSIS/Include/cmsis_gcc.h **** #ifndef   __PACKED_STRUCT
  65:Drivers/CMSIS/Include/cmsis_gcc.h ****   #define __PACKED_STRUCT                        struct __attribute__((packed, aligned(1)))
  66:Drivers/CMSIS/Include/cmsis_gcc.h **** #endif
ARM GAS  /tmp/cclfvdy5.s 			page 10


  67:Drivers/CMSIS/Include/cmsis_gcc.h **** #ifndef   __PACKED_UNION
  68:Drivers/CMSIS/Include/cmsis_gcc.h ****   #define __PACKED_UNION                         union __attribute__((packed, aligned(1)))
  69:Drivers/CMSIS/Include/cmsis_gcc.h **** #endif
  70:Drivers/CMSIS/Include/cmsis_gcc.h **** #ifndef   __UNALIGNED_UINT32        /* deprecated */
  71:Drivers/CMSIS/Include/cmsis_gcc.h ****   #pragma GCC diagnostic push
  72:Drivers/CMSIS/Include/cmsis_gcc.h ****   #pragma GCC diagnostic ignored "-Wpacked"
  73:Drivers/CMSIS/Include/cmsis_gcc.h ****   #pragma GCC diagnostic ignored "-Wattributes"
  74:Drivers/CMSIS/Include/cmsis_gcc.h ****   struct __attribute__((packed)) T_UINT32 { uint32_t v; };
  75:Drivers/CMSIS/Include/cmsis_gcc.h ****   #pragma GCC diagnostic pop
  76:Drivers/CMSIS/Include/cmsis_gcc.h ****   #define __UNALIGNED_UINT32(x)                  (((struct T_UINT32 *)(x))->v)
  77:Drivers/CMSIS/Include/cmsis_gcc.h **** #endif
  78:Drivers/CMSIS/Include/cmsis_gcc.h **** #ifndef   __UNALIGNED_UINT16_WRITE
  79:Drivers/CMSIS/Include/cmsis_gcc.h ****   #pragma GCC diagnostic push
  80:Drivers/CMSIS/Include/cmsis_gcc.h ****   #pragma GCC diagnostic ignored "-Wpacked"
  81:Drivers/CMSIS/Include/cmsis_gcc.h ****   #pragma GCC diagnostic ignored "-Wattributes"
  82:Drivers/CMSIS/Include/cmsis_gcc.h ****   __PACKED_STRUCT T_UINT16_WRITE { uint16_t v; };
  83:Drivers/CMSIS/Include/cmsis_gcc.h ****   #pragma GCC diagnostic pop
  84:Drivers/CMSIS/Include/cmsis_gcc.h ****   #define __UNALIGNED_UINT16_WRITE(addr, val)    (void)((((struct T_UINT16_WRITE *)(void *)(addr))-
  85:Drivers/CMSIS/Include/cmsis_gcc.h **** #endif
  86:Drivers/CMSIS/Include/cmsis_gcc.h **** #ifndef   __UNALIGNED_UINT16_READ
  87:Drivers/CMSIS/Include/cmsis_gcc.h ****   #pragma GCC diagnostic push
  88:Drivers/CMSIS/Include/cmsis_gcc.h ****   #pragma GCC diagnostic ignored "-Wpacked"
  89:Drivers/CMSIS/Include/cmsis_gcc.h ****   #pragma GCC diagnostic ignored "-Wattributes"
  90:Drivers/CMSIS/Include/cmsis_gcc.h ****   __PACKED_STRUCT T_UINT16_READ { uint16_t v; };
  91:Drivers/CMSIS/Include/cmsis_gcc.h ****   #pragma GCC diagnostic pop
  92:Drivers/CMSIS/Include/cmsis_gcc.h ****   #define __UNALIGNED_UINT16_READ(addr)          (((const struct T_UINT16_READ *)(const void *)(add
  93:Drivers/CMSIS/Include/cmsis_gcc.h **** #endif
  94:Drivers/CMSIS/Include/cmsis_gcc.h **** #ifndef   __UNALIGNED_UINT32_WRITE
  95:Drivers/CMSIS/Include/cmsis_gcc.h ****   #pragma GCC diagnostic push
  96:Drivers/CMSIS/Include/cmsis_gcc.h ****   #pragma GCC diagnostic ignored "-Wpacked"
  97:Drivers/CMSIS/Include/cmsis_gcc.h ****   #pragma GCC diagnostic ignored "-Wattributes"
  98:Drivers/CMSIS/Include/cmsis_gcc.h ****   __PACKED_STRUCT T_UINT32_WRITE { uint32_t v; };
  99:Drivers/CMSIS/Include/cmsis_gcc.h ****   #pragma GCC diagnostic pop
 100:Drivers/CMSIS/Include/cmsis_gcc.h ****   #define __UNALIGNED_UINT32_WRITE(addr, val)    (void)((((struct T_UINT32_WRITE *)(void *)(addr))-
 101:Drivers/CMSIS/Include/cmsis_gcc.h **** #endif
 102:Drivers/CMSIS/Include/cmsis_gcc.h **** #ifndef   __UNALIGNED_UINT32_READ
 103:Drivers/CMSIS/Include/cmsis_gcc.h ****   #pragma GCC diagnostic push
 104:Drivers/CMSIS/Include/cmsis_gcc.h ****   #pragma GCC diagnostic ignored "-Wpacked"
 105:Drivers/CMSIS/Include/cmsis_gcc.h ****   #pragma GCC diagnostic ignored "-Wattributes"
 106:Drivers/CMSIS/Include/cmsis_gcc.h ****   __PACKED_STRUCT T_UINT32_READ { uint32_t v; };
 107:Drivers/CMSIS/Include/cmsis_gcc.h ****   #pragma GCC diagnostic pop
 108:Drivers/CMSIS/Include/cmsis_gcc.h ****   #define __UNALIGNED_UINT32_READ(addr)          (((const struct T_UINT32_READ *)(const void *)(add
 109:Drivers/CMSIS/Include/cmsis_gcc.h **** #endif
 110:Drivers/CMSIS/Include/cmsis_gcc.h **** #ifndef   __ALIGNED
 111:Drivers/CMSIS/Include/cmsis_gcc.h ****   #define __ALIGNED(x)                           __attribute__((aligned(x)))
 112:Drivers/CMSIS/Include/cmsis_gcc.h **** #endif
 113:Drivers/CMSIS/Include/cmsis_gcc.h **** #ifndef   __RESTRICT
 114:Drivers/CMSIS/Include/cmsis_gcc.h ****   #define __RESTRICT                             __restrict
 115:Drivers/CMSIS/Include/cmsis_gcc.h **** #endif
 116:Drivers/CMSIS/Include/cmsis_gcc.h **** #ifndef   __COMPILER_BARRIER
 117:Drivers/CMSIS/Include/cmsis_gcc.h ****   #define __COMPILER_BARRIER()                   __ASM volatile("":::"memory")
 118:Drivers/CMSIS/Include/cmsis_gcc.h **** #endif
 119:Drivers/CMSIS/Include/cmsis_gcc.h **** 
 120:Drivers/CMSIS/Include/cmsis_gcc.h **** /* #########################  Startup and Lowlevel Init  ######################## */
 121:Drivers/CMSIS/Include/cmsis_gcc.h **** 
 122:Drivers/CMSIS/Include/cmsis_gcc.h **** #ifndef __PROGRAM_START
 123:Drivers/CMSIS/Include/cmsis_gcc.h **** 
ARM GAS  /tmp/cclfvdy5.s 			page 11


 124:Drivers/CMSIS/Include/cmsis_gcc.h **** /**
 125:Drivers/CMSIS/Include/cmsis_gcc.h ****   \brief   Initializes data and bss sections
 126:Drivers/CMSIS/Include/cmsis_gcc.h ****   \details This default implementations initialized all data and additional bss
 127:Drivers/CMSIS/Include/cmsis_gcc.h ****            sections relying on .copy.table and .zero.table specified properly
 128:Drivers/CMSIS/Include/cmsis_gcc.h ****            in the used linker script.
 129:Drivers/CMSIS/Include/cmsis_gcc.h ****   
 130:Drivers/CMSIS/Include/cmsis_gcc.h ****  */
 131:Drivers/CMSIS/Include/cmsis_gcc.h **** __STATIC_FORCEINLINE __NO_RETURN void __cmsis_start(void)
 132:Drivers/CMSIS/Include/cmsis_gcc.h **** {
 133:Drivers/CMSIS/Include/cmsis_gcc.h ****   extern void _start(void) __NO_RETURN;
 134:Drivers/CMSIS/Include/cmsis_gcc.h ****   
 135:Drivers/CMSIS/Include/cmsis_gcc.h ****   typedef struct {
 136:Drivers/CMSIS/Include/cmsis_gcc.h ****     uint32_t const* src;
 137:Drivers/CMSIS/Include/cmsis_gcc.h ****     uint32_t* dest;
 138:Drivers/CMSIS/Include/cmsis_gcc.h ****     uint32_t  wlen;
 139:Drivers/CMSIS/Include/cmsis_gcc.h ****   } __copy_table_t;
 140:Drivers/CMSIS/Include/cmsis_gcc.h ****   
 141:Drivers/CMSIS/Include/cmsis_gcc.h ****   typedef struct {
 142:Drivers/CMSIS/Include/cmsis_gcc.h ****     uint32_t* dest;
 143:Drivers/CMSIS/Include/cmsis_gcc.h ****     uint32_t  wlen;
 144:Drivers/CMSIS/Include/cmsis_gcc.h ****   } __zero_table_t;
 145:Drivers/CMSIS/Include/cmsis_gcc.h ****   
 146:Drivers/CMSIS/Include/cmsis_gcc.h ****   extern const __copy_table_t __copy_table_start__;
 147:Drivers/CMSIS/Include/cmsis_gcc.h ****   extern const __copy_table_t __copy_table_end__;
 148:Drivers/CMSIS/Include/cmsis_gcc.h ****   extern const __zero_table_t __zero_table_start__;
 149:Drivers/CMSIS/Include/cmsis_gcc.h ****   extern const __zero_table_t __zero_table_end__;
 150:Drivers/CMSIS/Include/cmsis_gcc.h **** 
 151:Drivers/CMSIS/Include/cmsis_gcc.h ****   for (__copy_table_t const* pTable = &__copy_table_start__; pTable < &__copy_table_end__; ++pTable
 152:Drivers/CMSIS/Include/cmsis_gcc.h ****     for(uint32_t i=0u; i<pTable->wlen; ++i) {
 153:Drivers/CMSIS/Include/cmsis_gcc.h ****       pTable->dest[i] = pTable->src[i];
 154:Drivers/CMSIS/Include/cmsis_gcc.h ****     }
 155:Drivers/CMSIS/Include/cmsis_gcc.h ****   }
 156:Drivers/CMSIS/Include/cmsis_gcc.h ****  
 157:Drivers/CMSIS/Include/cmsis_gcc.h ****   for (__zero_table_t const* pTable = &__zero_table_start__; pTable < &__zero_table_end__; ++pTable
 158:Drivers/CMSIS/Include/cmsis_gcc.h ****     for(uint32_t i=0u; i<pTable->wlen; ++i) {
 159:Drivers/CMSIS/Include/cmsis_gcc.h ****       pTable->dest[i] = 0u;
 160:Drivers/CMSIS/Include/cmsis_gcc.h ****     }
 161:Drivers/CMSIS/Include/cmsis_gcc.h ****   }
 162:Drivers/CMSIS/Include/cmsis_gcc.h ****  
 163:Drivers/CMSIS/Include/cmsis_gcc.h ****   _start();
 164:Drivers/CMSIS/Include/cmsis_gcc.h **** }
 165:Drivers/CMSIS/Include/cmsis_gcc.h ****   
 166:Drivers/CMSIS/Include/cmsis_gcc.h **** #define __PROGRAM_START           __cmsis_start
 167:Drivers/CMSIS/Include/cmsis_gcc.h **** #endif
 168:Drivers/CMSIS/Include/cmsis_gcc.h **** 
 169:Drivers/CMSIS/Include/cmsis_gcc.h **** #ifndef __INITIAL_SP
 170:Drivers/CMSIS/Include/cmsis_gcc.h **** #define __INITIAL_SP              __StackTop
 171:Drivers/CMSIS/Include/cmsis_gcc.h **** #endif
 172:Drivers/CMSIS/Include/cmsis_gcc.h **** 
 173:Drivers/CMSIS/Include/cmsis_gcc.h **** #ifndef __STACK_LIMIT
 174:Drivers/CMSIS/Include/cmsis_gcc.h **** #define __STACK_LIMIT             __StackLimit
 175:Drivers/CMSIS/Include/cmsis_gcc.h **** #endif
 176:Drivers/CMSIS/Include/cmsis_gcc.h **** 
 177:Drivers/CMSIS/Include/cmsis_gcc.h **** #ifndef __VECTOR_TABLE
 178:Drivers/CMSIS/Include/cmsis_gcc.h **** #define __VECTOR_TABLE            __Vectors
 179:Drivers/CMSIS/Include/cmsis_gcc.h **** #endif
 180:Drivers/CMSIS/Include/cmsis_gcc.h **** 
ARM GAS  /tmp/cclfvdy5.s 			page 12


 181:Drivers/CMSIS/Include/cmsis_gcc.h **** #ifndef __VECTOR_TABLE_ATTRIBUTE
 182:Drivers/CMSIS/Include/cmsis_gcc.h **** #define __VECTOR_TABLE_ATTRIBUTE  __attribute((used, section(".vectors")))
 183:Drivers/CMSIS/Include/cmsis_gcc.h **** #endif
 184:Drivers/CMSIS/Include/cmsis_gcc.h **** 
 185:Drivers/CMSIS/Include/cmsis_gcc.h **** /* ###########################  Core Function Access  ########################### */
 186:Drivers/CMSIS/Include/cmsis_gcc.h **** /** \ingroup  CMSIS_Core_FunctionInterface
 187:Drivers/CMSIS/Include/cmsis_gcc.h ****     \defgroup CMSIS_Core_RegAccFunctions CMSIS Core Register Access Functions
 188:Drivers/CMSIS/Include/cmsis_gcc.h ****   @{
 189:Drivers/CMSIS/Include/cmsis_gcc.h ****  */
 190:Drivers/CMSIS/Include/cmsis_gcc.h **** 
 191:Drivers/CMSIS/Include/cmsis_gcc.h **** /**
 192:Drivers/CMSIS/Include/cmsis_gcc.h ****   \brief   Enable IRQ Interrupts
 193:Drivers/CMSIS/Include/cmsis_gcc.h ****   \details Enables IRQ interrupts by clearing the I-bit in the CPSR.
 194:Drivers/CMSIS/Include/cmsis_gcc.h ****            Can only be executed in Privileged modes.
 195:Drivers/CMSIS/Include/cmsis_gcc.h ****  */
 196:Drivers/CMSIS/Include/cmsis_gcc.h **** __STATIC_FORCEINLINE void __enable_irq(void)
 197:Drivers/CMSIS/Include/cmsis_gcc.h **** {
 198:Drivers/CMSIS/Include/cmsis_gcc.h ****   __ASM volatile ("cpsie i" : : : "memory");
 199:Drivers/CMSIS/Include/cmsis_gcc.h **** }
 200:Drivers/CMSIS/Include/cmsis_gcc.h **** 
 201:Drivers/CMSIS/Include/cmsis_gcc.h **** 
 202:Drivers/CMSIS/Include/cmsis_gcc.h **** /**
 203:Drivers/CMSIS/Include/cmsis_gcc.h ****   \brief   Disable IRQ Interrupts
 204:Drivers/CMSIS/Include/cmsis_gcc.h ****   \details Disables IRQ interrupts by setting the I-bit in the CPSR.
 205:Drivers/CMSIS/Include/cmsis_gcc.h ****            Can only be executed in Privileged modes.
 206:Drivers/CMSIS/Include/cmsis_gcc.h ****  */
 207:Drivers/CMSIS/Include/cmsis_gcc.h **** __STATIC_FORCEINLINE void __disable_irq(void)
 163              		.loc 2 207 27 view .LVU29
 164              	.LBB7:
 208:Drivers/CMSIS/Include/cmsis_gcc.h **** {
 209:Drivers/CMSIS/Include/cmsis_gcc.h ****   __ASM volatile ("cpsid i" : : : "memory");
 165              		.loc 2 209 3 view .LVU30
 166              		.syntax unified
 167              	@ 209 "Drivers/CMSIS/Include/cmsis_gcc.h" 1
 168 0000 72B6     		cpsid i
 169              	@ 0 "" 2
 170              		.thumb
 171              		.syntax unified
 172              	.L13:
 173              	.LBE7:
 174              	.LBE6:
 278:Core/Src/voltage_monitor.c ****   while (1)
 175              		.loc 1 278 3 discriminator 1 view .LVU31
 279:Core/Src/voltage_monitor.c ****   {
 280:Core/Src/voltage_monitor.c ****   }
 176              		.loc 1 280 3 discriminator 1 view .LVU32
 278:Core/Src/voltage_monitor.c ****   while (1)
 177              		.loc 1 278 9 discriminator 1 view .LVU33
 178 0002 FEE7     		b	.L13
 179              		.cfi_endproc
 180              	.LFE338:
 182              		.section	.text.MX_ADC1_Init,"ax",%progbits
 183              		.align	1
 184              		.syntax unified
 185              		.thumb
 186              		.thumb_func
 187              		.fpu fpv4-sp-d16
ARM GAS  /tmp/cclfvdy5.s 			page 13


 189              	MX_ADC1_Init:
 190              	.LFB335:
 181:Core/Src/voltage_monitor.c ****   ADC_MultiModeTypeDef multimode = {0};
 191              		.loc 1 181 1 view -0
 192              		.cfi_startproc
 193              		@ args = 0, pretend = 0, frame = 48
 194              		@ frame_needed = 0, uses_anonymous_args = 0
 195 0000 10B5     		push	{r4, lr}
 196              	.LCFI3:
 197              		.cfi_def_cfa_offset 8
 198              		.cfi_offset 4, -8
 199              		.cfi_offset 14, -4
 200 0002 8CB0     		sub	sp, sp, #48
 201              	.LCFI4:
 202              		.cfi_def_cfa_offset 56
 182:Core/Src/voltage_monitor.c ****   ADC_ChannelConfTypeDef sConfig = {0};
 203              		.loc 1 182 3 view .LVU35
 182:Core/Src/voltage_monitor.c ****   ADC_ChannelConfTypeDef sConfig = {0};
 204              		.loc 1 182 24 is_stmt 0 view .LVU36
 205 0004 0024     		movs	r4, #0
 206 0006 0994     		str	r4, [sp, #36]
 207 0008 0A94     		str	r4, [sp, #40]
 208 000a 0B94     		str	r4, [sp, #44]
 183:Core/Src/voltage_monitor.c **** 
 209              		.loc 1 183 3 is_stmt 1 view .LVU37
 183:Core/Src/voltage_monitor.c **** 
 210              		.loc 1 183 26 is_stmt 0 view .LVU38
 211 000c 2022     		movs	r2, #32
 212 000e 2146     		mov	r1, r4
 213 0010 01A8     		add	r0, sp, #4
 214 0012 FFF7FEFF 		bl	memset
 215              	.LVL8:
 185:Core/Src/voltage_monitor.c ****   hadc1.Init.ClockPrescaler = ADC_CLOCK_SYNC_PCLK_DIV2;
 216              		.loc 1 185 3 is_stmt 1 view .LVU39
 185:Core/Src/voltage_monitor.c ****   hadc1.Init.ClockPrescaler = ADC_CLOCK_SYNC_PCLK_DIV2;
 217              		.loc 1 185 18 is_stmt 0 view .LVU40
 218 0016 1E48     		ldr	r0, .L22
 219 0018 4FF0A043 		mov	r3, #1342177280
 220 001c 0360     		str	r3, [r0]
 186:Core/Src/voltage_monitor.c ****   hadc1.Init.Resolution = ADC_RESOLUTION_12B;
 221              		.loc 1 186 3 is_stmt 1 view .LVU41
 186:Core/Src/voltage_monitor.c ****   hadc1.Init.Resolution = ADC_RESOLUTION_12B;
 222              		.loc 1 186 29 is_stmt 0 view .LVU42
 223 001e 4FF40033 		mov	r3, #131072
 224 0022 4360     		str	r3, [r0, #4]
 187:Core/Src/voltage_monitor.c ****   hadc1.Init.DataAlign = ADC_DATAALIGN_RIGHT;
 225              		.loc 1 187 3 is_stmt 1 view .LVU43
 187:Core/Src/voltage_monitor.c ****   hadc1.Init.DataAlign = ADC_DATAALIGN_RIGHT;
 226              		.loc 1 187 25 is_stmt 0 view .LVU44
 227 0024 8460     		str	r4, [r0, #8]
 188:Core/Src/voltage_monitor.c ****   hadc1.Init.GainCompensation = 0;
 228              		.loc 1 188 3 is_stmt 1 view .LVU45
 188:Core/Src/voltage_monitor.c ****   hadc1.Init.GainCompensation = 0;
 229              		.loc 1 188 24 is_stmt 0 view .LVU46
 230 0026 C460     		str	r4, [r0, #12]
 189:Core/Src/voltage_monitor.c ****   hadc1.Init.ScanConvMode = ADC_SCAN_DISABLE;
 231              		.loc 1 189 3 is_stmt 1 view .LVU47
ARM GAS  /tmp/cclfvdy5.s 			page 14


 189:Core/Src/voltage_monitor.c ****   hadc1.Init.ScanConvMode = ADC_SCAN_DISABLE;
 232              		.loc 1 189 31 is_stmt 0 view .LVU48
 233 0028 0461     		str	r4, [r0, #16]
 190:Core/Src/voltage_monitor.c ****   hadc1.Init.EOCSelection = ADC_EOC_SINGLE_CONV;
 234              		.loc 1 190 3 is_stmt 1 view .LVU49
 190:Core/Src/voltage_monitor.c ****   hadc1.Init.EOCSelection = ADC_EOC_SINGLE_CONV;
 235              		.loc 1 190 27 is_stmt 0 view .LVU50
 236 002a 4461     		str	r4, [r0, #20]
 191:Core/Src/voltage_monitor.c ****   hadc1.Init.LowPowerAutoWait = DISABLE;
 237              		.loc 1 191 3 is_stmt 1 view .LVU51
 191:Core/Src/voltage_monitor.c ****   hadc1.Init.LowPowerAutoWait = DISABLE;
 238              		.loc 1 191 27 is_stmt 0 view .LVU52
 239 002c 0423     		movs	r3, #4
 240 002e 8361     		str	r3, [r0, #24]
 192:Core/Src/voltage_monitor.c ****   hadc1.Init.ContinuousConvMode = DISABLE;
 241              		.loc 1 192 3 is_stmt 1 view .LVU53
 192:Core/Src/voltage_monitor.c ****   hadc1.Init.ContinuousConvMode = DISABLE;
 242              		.loc 1 192 31 is_stmt 0 view .LVU54
 243 0030 0477     		strb	r4, [r0, #28]
 193:Core/Src/voltage_monitor.c ****   hadc1.Init.NbrOfConversion = 1;
 244              		.loc 1 193 3 is_stmt 1 view .LVU55
 193:Core/Src/voltage_monitor.c ****   hadc1.Init.NbrOfConversion = 1;
 245              		.loc 1 193 33 is_stmt 0 view .LVU56
 246 0032 4477     		strb	r4, [r0, #29]
 194:Core/Src/voltage_monitor.c ****   hadc1.Init.DiscontinuousConvMode = DISABLE;
 247              		.loc 1 194 3 is_stmt 1 view .LVU57
 194:Core/Src/voltage_monitor.c ****   hadc1.Init.DiscontinuousConvMode = DISABLE;
 248              		.loc 1 194 30 is_stmt 0 view .LVU58
 249 0034 0123     		movs	r3, #1
 250 0036 0362     		str	r3, [r0, #32]
 195:Core/Src/voltage_monitor.c ****   hadc1.Init.ExternalTrigConv = ADC_SOFTWARE_START;
 251              		.loc 1 195 3 is_stmt 1 view .LVU59
 195:Core/Src/voltage_monitor.c ****   hadc1.Init.ExternalTrigConv = ADC_SOFTWARE_START;
 252              		.loc 1 195 36 is_stmt 0 view .LVU60
 253 0038 80F82440 		strb	r4, [r0, #36]
 196:Core/Src/voltage_monitor.c ****   hadc1.Init.ExternalTrigConvEdge = ADC_EXTERNALTRIGCONVEDGE_NONE;
 254              		.loc 1 196 3 is_stmt 1 view .LVU61
 196:Core/Src/voltage_monitor.c ****   hadc1.Init.ExternalTrigConvEdge = ADC_EXTERNALTRIGCONVEDGE_NONE;
 255              		.loc 1 196 31 is_stmt 0 view .LVU62
 256 003c C462     		str	r4, [r0, #44]
 197:Core/Src/voltage_monitor.c ****   hadc1.Init.DMAContinuousRequests = DISABLE;
 257              		.loc 1 197 3 is_stmt 1 view .LVU63
 197:Core/Src/voltage_monitor.c ****   hadc1.Init.DMAContinuousRequests = DISABLE;
 258              		.loc 1 197 35 is_stmt 0 view .LVU64
 259 003e 0463     		str	r4, [r0, #48]
 198:Core/Src/voltage_monitor.c ****   hadc1.Init.Overrun = ADC_OVR_DATA_PRESERVED;
 260              		.loc 1 198 3 is_stmt 1 view .LVU65
 198:Core/Src/voltage_monitor.c ****   hadc1.Init.Overrun = ADC_OVR_DATA_PRESERVED;
 261              		.loc 1 198 36 is_stmt 0 view .LVU66
 262 0040 80F83840 		strb	r4, [r0, #56]
 199:Core/Src/voltage_monitor.c ****   hadc1.Init.OversamplingMode = DISABLE;
 263              		.loc 1 199 3 is_stmt 1 view .LVU67
 199:Core/Src/voltage_monitor.c ****   hadc1.Init.OversamplingMode = DISABLE;
 264              		.loc 1 199 22 is_stmt 0 view .LVU68
 265 0044 C463     		str	r4, [r0, #60]
 200:Core/Src/voltage_monitor.c ****   if (HAL_ADC_Init(&hadc1) != HAL_OK)
 266              		.loc 1 200 3 is_stmt 1 view .LVU69
ARM GAS  /tmp/cclfvdy5.s 			page 15


 200:Core/Src/voltage_monitor.c ****   if (HAL_ADC_Init(&hadc1) != HAL_OK)
 267              		.loc 1 200 31 is_stmt 0 view .LVU70
 268 0046 80F84040 		strb	r4, [r0, #64]
 201:Core/Src/voltage_monitor.c ****   {
 269              		.loc 1 201 3 is_stmt 1 view .LVU71
 201:Core/Src/voltage_monitor.c ****   {
 270              		.loc 1 201 7 is_stmt 0 view .LVU72
 271 004a FFF7FEFF 		bl	HAL_ADC_Init
 272              	.LVL9:
 201:Core/Src/voltage_monitor.c ****   {
 273              		.loc 1 201 6 view .LVU73
 274 004e C8B9     		cbnz	r0, .L19
 206:Core/Src/voltage_monitor.c ****   if (HAL_ADCEx_MultiModeConfigChannel(&hadc1, &multimode) != HAL_OK)
 275              		.loc 1 206 3 is_stmt 1 view .LVU74
 206:Core/Src/voltage_monitor.c ****   if (HAL_ADCEx_MultiModeConfigChannel(&hadc1, &multimode) != HAL_OK)
 276              		.loc 1 206 18 is_stmt 0 view .LVU75
 277 0050 0023     		movs	r3, #0
 278 0052 0993     		str	r3, [sp, #36]
 207:Core/Src/voltage_monitor.c ****   {
 279              		.loc 1 207 3 is_stmt 1 view .LVU76
 207:Core/Src/voltage_monitor.c ****   {
 280              		.loc 1 207 7 is_stmt 0 view .LVU77
 281 0054 09A9     		add	r1, sp, #36
 282 0056 0E48     		ldr	r0, .L22
 283 0058 FFF7FEFF 		bl	HAL_ADCEx_MultiModeConfigChannel
 284              	.LVL10:
 207:Core/Src/voltage_monitor.c ****   {
 285              		.loc 1 207 6 view .LVU78
 286 005c A0B9     		cbnz	r0, .L20
 212:Core/Src/voltage_monitor.c ****   sConfig.Rank = ADC_REGULAR_RANK_1;
 287              		.loc 1 212 3 is_stmt 1 view .LVU79
 212:Core/Src/voltage_monitor.c ****   sConfig.Rank = ADC_REGULAR_RANK_1;
 288              		.loc 1 212 19 is_stmt 0 view .LVU80
 289 005e 0D4B     		ldr	r3, .L22+4
 290 0060 0193     		str	r3, [sp, #4]
 213:Core/Src/voltage_monitor.c ****   sConfig.SamplingTime = ADC_SAMPLETIME_2CYCLES_5;
 291              		.loc 1 213 3 is_stmt 1 view .LVU81
 213:Core/Src/voltage_monitor.c ****   sConfig.SamplingTime = ADC_SAMPLETIME_2CYCLES_5;
 292              		.loc 1 213 16 is_stmt 0 view .LVU82
 293 0062 0623     		movs	r3, #6
 294 0064 0293     		str	r3, [sp, #8]
 214:Core/Src/voltage_monitor.c ****   sConfig.SingleDiff = ADC_SINGLE_ENDED;
 295              		.loc 1 214 3 is_stmt 1 view .LVU83
 214:Core/Src/voltage_monitor.c ****   sConfig.SingleDiff = ADC_SINGLE_ENDED;
 296              		.loc 1 214 24 is_stmt 0 view .LVU84
 297 0066 0023     		movs	r3, #0
 298 0068 0393     		str	r3, [sp, #12]
 215:Core/Src/voltage_monitor.c ****   sConfig.OffsetNumber = ADC_OFFSET_NONE;
 299              		.loc 1 215 3 is_stmt 1 view .LVU85
 215:Core/Src/voltage_monitor.c ****   sConfig.OffsetNumber = ADC_OFFSET_NONE;
 300              		.loc 1 215 22 is_stmt 0 view .LVU86
 301 006a 7F22     		movs	r2, #127
 302 006c 0492     		str	r2, [sp, #16]
 216:Core/Src/voltage_monitor.c ****   sConfig.Offset = 0;
 303              		.loc 1 216 3 is_stmt 1 view .LVU87
 216:Core/Src/voltage_monitor.c ****   sConfig.Offset = 0;
 304              		.loc 1 216 24 is_stmt 0 view .LVU88
ARM GAS  /tmp/cclfvdy5.s 			page 16


 305 006e 0422     		movs	r2, #4
 306 0070 0592     		str	r2, [sp, #20]
 217:Core/Src/voltage_monitor.c ****   if (HAL_ADC_ConfigChannel(&hadc1, &sConfig) != HAL_OK)
 307              		.loc 1 217 3 is_stmt 1 view .LVU89
 217:Core/Src/voltage_monitor.c ****   if (HAL_ADC_ConfigChannel(&hadc1, &sConfig) != HAL_OK)
 308              		.loc 1 217 18 is_stmt 0 view .LVU90
 309 0072 0693     		str	r3, [sp, #24]
 218:Core/Src/voltage_monitor.c ****   {
 310              		.loc 1 218 3 is_stmt 1 view .LVU91
 218:Core/Src/voltage_monitor.c ****   {
 311              		.loc 1 218 7 is_stmt 0 view .LVU92
 312 0074 0DEB0201 		add	r1, sp, r2
 313 0078 0548     		ldr	r0, .L22
 314 007a FFF7FEFF 		bl	HAL_ADC_ConfigChannel
 315              	.LVL11:
 218:Core/Src/voltage_monitor.c ****   {
 316              		.loc 1 218 6 view .LVU93
 317 007e 28B9     		cbnz	r0, .L21
 222:Core/Src/voltage_monitor.c **** 
 318              		.loc 1 222 1 view .LVU94
 319 0080 0CB0     		add	sp, sp, #48
 320              	.LCFI5:
 321              		.cfi_remember_state
 322              		.cfi_def_cfa_offset 8
 323              		@ sp needed
 324 0082 10BD     		pop	{r4, pc}
 325              	.L19:
 326              	.LCFI6:
 327              		.cfi_restore_state
 203:Core/Src/voltage_monitor.c ****   }
 328              		.loc 1 203 5 is_stmt 1 view .LVU95
 329 0084 FFF7FEFF 		bl	Error_Handler
 330              	.LVL12:
 331              	.L20:
 209:Core/Src/voltage_monitor.c ****   }
 332              		.loc 1 209 5 view .LVU96
 333 0088 FFF7FEFF 		bl	Error_Handler
 334              	.LVL13:
 335              	.L21:
 220:Core/Src/voltage_monitor.c ****   }
 336              		.loc 1 220 5 view .LVU97
 337 008c FFF7FEFF 		bl	Error_Handler
 338              	.LVL14:
 339              	.L23:
 340              		.align	2
 341              	.L22:
 342 0090 00000000 		.word	.LANCHOR0
 343 0094 02003004 		.word	70254594
 344              		.cfi_endproc
 345              	.LFE335:
 347              		.section	.text.MX_USART1_UART_Init,"ax",%progbits
 348              		.align	1
 349              		.syntax unified
 350              		.thumb
 351              		.thumb_func
 352              		.fpu fpv4-sp-d16
 354              	MX_USART1_UART_Init:
ARM GAS  /tmp/cclfvdy5.s 			page 17


 355              	.LFB336:
 229:Core/Src/voltage_monitor.c ****   huart1.Instance = USART1;
 356              		.loc 1 229 1 view -0
 357              		.cfi_startproc
 358              		@ args = 0, pretend = 0, frame = 0
 359              		@ frame_needed = 0, uses_anonymous_args = 0
 360 0000 08B5     		push	{r3, lr}
 361              	.LCFI7:
 362              		.cfi_def_cfa_offset 8
 363              		.cfi_offset 3, -8
 364              		.cfi_offset 14, -4
 230:Core/Src/voltage_monitor.c ****   huart1.Init.BaudRate = 115200;
 365              		.loc 1 230 3 view .LVU99
 230:Core/Src/voltage_monitor.c ****   huart1.Init.BaudRate = 115200;
 366              		.loc 1 230 19 is_stmt 0 view .LVU100
 367 0002 1548     		ldr	r0, .L34
 368 0004 154B     		ldr	r3, .L34+4
 369 0006 0360     		str	r3, [r0]
 231:Core/Src/voltage_monitor.c ****   huart1.Init.WordLength = UART_WORDLENGTH_8B;
 370              		.loc 1 231 3 is_stmt 1 view .LVU101
 231:Core/Src/voltage_monitor.c ****   huart1.Init.WordLength = UART_WORDLENGTH_8B;
 371              		.loc 1 231 24 is_stmt 0 view .LVU102
 372 0008 4FF4E133 		mov	r3, #115200
 373 000c 4360     		str	r3, [r0, #4]
 232:Core/Src/voltage_monitor.c ****   huart1.Init.StopBits = UART_STOPBITS_1;
 374              		.loc 1 232 3 is_stmt 1 view .LVU103
 232:Core/Src/voltage_monitor.c ****   huart1.Init.StopBits = UART_STOPBITS_1;
 375              		.loc 1 232 26 is_stmt 0 view .LVU104
 376 000e 0023     		movs	r3, #0
 377 0010 8360     		str	r3, [r0, #8]
 233:Core/Src/voltage_monitor.c ****   huart1.Init.Parity = UART_PARITY_NONE;
 378              		.loc 1 233 3 is_stmt 1 view .LVU105
 233:Core/Src/voltage_monitor.c ****   huart1.Init.Parity = UART_PARITY_NONE;
 379              		.loc 1 233 24 is_stmt 0 view .LVU106
 380 0012 C360     		str	r3, [r0, #12]
 234:Core/Src/voltage_monitor.c ****   huart1.Init.Mode = UART_MODE_TX_RX;
 381              		.loc 1 234 3 is_stmt 1 view .LVU107
 234:Core/Src/voltage_monitor.c ****   huart1.Init.Mode = UART_MODE_TX_RX;
 382              		.loc 1 234 22 is_stmt 0 view .LVU108
 383 0014 0361     		str	r3, [r0, #16]
 235:Core/Src/voltage_monitor.c ****   huart1.Init.HwFlowCtl = UART_HWCONTROL_NONE;
 384              		.loc 1 235 3 is_stmt 1 view .LVU109
 235:Core/Src/voltage_monitor.c ****   huart1.Init.HwFlowCtl = UART_HWCONTROL_NONE;
 385              		.loc 1 235 20 is_stmt 0 view .LVU110
 386 0016 0C22     		movs	r2, #12
 387 0018 4261     		str	r2, [r0, #20]
 236:Core/Src/voltage_monitor.c ****   huart1.Init.OverSampling = UART_OVERSAMPLING_16;
 388              		.loc 1 236 3 is_stmt 1 view .LVU111
 236:Core/Src/voltage_monitor.c ****   huart1.Init.OverSampling = UART_OVERSAMPLING_16;
 389              		.loc 1 236 25 is_stmt 0 view .LVU112
 390 001a 8361     		str	r3, [r0, #24]
 237:Core/Src/voltage_monitor.c ****   huart1.Init.OneBitSampling = UART_ONE_BIT_SAMPLE_DISABLE;
 391              		.loc 1 237 3 is_stmt 1 view .LVU113
 237:Core/Src/voltage_monitor.c ****   huart1.Init.OneBitSampling = UART_ONE_BIT_SAMPLE_DISABLE;
 392              		.loc 1 237 28 is_stmt 0 view .LVU114
 393 001c C361     		str	r3, [r0, #28]
 238:Core/Src/voltage_monitor.c ****   huart1.Init.ClockPrescaler = UART_PRESCALER_DIV1;
ARM GAS  /tmp/cclfvdy5.s 			page 18


 394              		.loc 1 238 3 is_stmt 1 view .LVU115
 238:Core/Src/voltage_monitor.c ****   huart1.Init.ClockPrescaler = UART_PRESCALER_DIV1;
 395              		.loc 1 238 30 is_stmt 0 view .LVU116
 396 001e 0362     		str	r3, [r0, #32]
 239:Core/Src/voltage_monitor.c ****   huart1.AdvancedInit.AdvFeatureInit = UART_ADVFEATURE_NO_INIT;
 397              		.loc 1 239 3 is_stmt 1 view .LVU117
 239:Core/Src/voltage_monitor.c ****   huart1.AdvancedInit.AdvFeatureInit = UART_ADVFEATURE_NO_INIT;
 398              		.loc 1 239 30 is_stmt 0 view .LVU118
 399 0020 4362     		str	r3, [r0, #36]
 240:Core/Src/voltage_monitor.c ****   if (HAL_UART_Init(&huart1) != HAL_OK)
 400              		.loc 1 240 3 is_stmt 1 view .LVU119
 240:Core/Src/voltage_monitor.c ****   if (HAL_UART_Init(&huart1) != HAL_OK)
 401              		.loc 1 240 38 is_stmt 0 view .LVU120
 402 0022 8362     		str	r3, [r0, #40]
 241:Core/Src/voltage_monitor.c ****   {
 403              		.loc 1 241 3 is_stmt 1 view .LVU121
 241:Core/Src/voltage_monitor.c ****   {
 404              		.loc 1 241 7 is_stmt 0 view .LVU122
 405 0024 FFF7FEFF 		bl	HAL_UART_Init
 406              	.LVL15:
 241:Core/Src/voltage_monitor.c ****   {
 407              		.loc 1 241 6 view .LVU123
 408 0028 70B9     		cbnz	r0, .L30
 245:Core/Src/voltage_monitor.c ****   {
 409              		.loc 1 245 3 is_stmt 1 view .LVU124
 245:Core/Src/voltage_monitor.c ****   {
 410              		.loc 1 245 7 is_stmt 0 view .LVU125
 411 002a 0021     		movs	r1, #0
 412 002c 0A48     		ldr	r0, .L34
 413 002e FFF7FEFF 		bl	HAL_UARTEx_SetTxFifoThreshold
 414              	.LVL16:
 245:Core/Src/voltage_monitor.c ****   {
 415              		.loc 1 245 6 view .LVU126
 416 0032 58B9     		cbnz	r0, .L31
 249:Core/Src/voltage_monitor.c ****   {
 417              		.loc 1 249 3 is_stmt 1 view .LVU127
 249:Core/Src/voltage_monitor.c ****   {
 418              		.loc 1 249 7 is_stmt 0 view .LVU128
 419 0034 0021     		movs	r1, #0
 420 0036 0848     		ldr	r0, .L34
 421 0038 FFF7FEFF 		bl	HAL_UARTEx_SetRxFifoThreshold
 422              	.LVL17:
 249:Core/Src/voltage_monitor.c ****   {
 423              		.loc 1 249 6 view .LVU129
 424 003c 40B9     		cbnz	r0, .L32
 253:Core/Src/voltage_monitor.c ****   {
 425              		.loc 1 253 3 is_stmt 1 view .LVU130
 253:Core/Src/voltage_monitor.c ****   {
 426              		.loc 1 253 7 is_stmt 0 view .LVU131
 427 003e 0648     		ldr	r0, .L34
 428 0040 FFF7FEFF 		bl	HAL_UARTEx_DisableFifoMode
 429              	.LVL18:
 253:Core/Src/voltage_monitor.c ****   {
 430              		.loc 1 253 6 view .LVU132
 431 0044 30B9     		cbnz	r0, .L33
 257:Core/Src/voltage_monitor.c **** 
 432              		.loc 1 257 1 view .LVU133
ARM GAS  /tmp/cclfvdy5.s 			page 19


 433 0046 08BD     		pop	{r3, pc}
 434              	.L30:
 243:Core/Src/voltage_monitor.c ****   }
 435              		.loc 1 243 5 is_stmt 1 view .LVU134
 436 0048 FFF7FEFF 		bl	Error_Handler
 437              	.LVL19:
 438              	.L31:
 247:Core/Src/voltage_monitor.c ****   }
 439              		.loc 1 247 5 view .LVU135
 440 004c FFF7FEFF 		bl	Error_Handler
 441              	.LVL20:
 442              	.L32:
 251:Core/Src/voltage_monitor.c ****   }
 443              		.loc 1 251 5 view .LVU136
 444 0050 FFF7FEFF 		bl	Error_Handler
 445              	.LVL21:
 446              	.L33:
 255:Core/Src/voltage_monitor.c ****   }
 447              		.loc 1 255 5 view .LVU137
 448 0054 FFF7FEFF 		bl	Error_Handler
 449              	.LVL22:
 450              	.L35:
 451              		.align	2
 452              	.L34:
 453 0058 00000000 		.word	.LANCHOR1
 454 005c 00380140 		.word	1073821696
 455              		.cfi_endproc
 456              	.LFE336:
 458              		.section	.text.SystemClock_Config,"ax",%progbits
 459              		.align	1
 460              		.global	SystemClock_Config
 461              		.syntax unified
 462              		.thumb
 463              		.thumb_func
 464              		.fpu fpv4-sp-d16
 466              	SystemClock_Config:
 467              	.LFB334:
 142:Core/Src/voltage_monitor.c ****   RCC_OscInitTypeDef RCC_OscInitStruct = {0};
 468              		.loc 1 142 1 view -0
 469              		.cfi_startproc
 470              		@ args = 0, pretend = 0, frame = 80
 471              		@ frame_needed = 0, uses_anonymous_args = 0
 472 0000 00B5     		push	{lr}
 473              	.LCFI8:
 474              		.cfi_def_cfa_offset 4
 475              		.cfi_offset 14, -4
 476 0002 95B0     		sub	sp, sp, #84
 477              	.LCFI9:
 478              		.cfi_def_cfa_offset 88
 143:Core/Src/voltage_monitor.c ****   RCC_ClkInitTypeDef RCC_ClkInitStruct = {0};
 479              		.loc 1 143 3 view .LVU139
 143:Core/Src/voltage_monitor.c ****   RCC_ClkInitTypeDef RCC_ClkInitStruct = {0};
 480              		.loc 1 143 22 is_stmt 0 view .LVU140
 481 0004 3822     		movs	r2, #56
 482 0006 0021     		movs	r1, #0
 483 0008 06A8     		add	r0, sp, #24
 484 000a FFF7FEFF 		bl	memset
ARM GAS  /tmp/cclfvdy5.s 			page 20


 485              	.LVL23:
 144:Core/Src/voltage_monitor.c **** 
 486              		.loc 1 144 3 is_stmt 1 view .LVU141
 144:Core/Src/voltage_monitor.c **** 
 487              		.loc 1 144 22 is_stmt 0 view .LVU142
 488 000e 0023     		movs	r3, #0
 489 0010 0193     		str	r3, [sp, #4]
 490 0012 0293     		str	r3, [sp, #8]
 491 0014 0393     		str	r3, [sp, #12]
 492 0016 0493     		str	r3, [sp, #16]
 493 0018 0593     		str	r3, [sp, #20]
 146:Core/Src/voltage_monitor.c **** 
 494              		.loc 1 146 3 is_stmt 1 view .LVU143
 495 001a 4FF40070 		mov	r0, #512
 496 001e FFF7FEFF 		bl	HAL_PWREx_ControlVoltageScaling
 497              	.LVL24:
 148:Core/Src/voltage_monitor.c ****   RCC_OscInitStruct.HSIState = RCC_HSI_ON;
 498              		.loc 1 148 3 view .LVU144
 148:Core/Src/voltage_monitor.c ****   RCC_OscInitStruct.HSIState = RCC_HSI_ON;
 499              		.loc 1 148 36 is_stmt 0 view .LVU145
 500 0022 0223     		movs	r3, #2
 501 0024 0693     		str	r3, [sp, #24]
 149:Core/Src/voltage_monitor.c ****   RCC_OscInitStruct.HSICalibrationValue = RCC_HSICALIBRATION_DEFAULT;
 502              		.loc 1 149 3 is_stmt 1 view .LVU146
 149:Core/Src/voltage_monitor.c ****   RCC_OscInitStruct.HSICalibrationValue = RCC_HSICALIBRATION_DEFAULT;
 503              		.loc 1 149 30 is_stmt 0 view .LVU147
 504 0026 4FF48072 		mov	r2, #256
 505 002a 0992     		str	r2, [sp, #36]
 150:Core/Src/voltage_monitor.c ****   RCC_OscInitStruct.PLL.PLLState = RCC_PLL_ON;
 506              		.loc 1 150 3 is_stmt 1 view .LVU148
 150:Core/Src/voltage_monitor.c ****   RCC_OscInitStruct.PLL.PLLState = RCC_PLL_ON;
 507              		.loc 1 150 41 is_stmt 0 view .LVU149
 508 002c 4022     		movs	r2, #64
 509 002e 0A92     		str	r2, [sp, #40]
 151:Core/Src/voltage_monitor.c ****   RCC_OscInitStruct.PLL.PLLSource = RCC_PLLSOURCE_HSI;
 510              		.loc 1 151 3 is_stmt 1 view .LVU150
 151:Core/Src/voltage_monitor.c ****   RCC_OscInitStruct.PLL.PLLSource = RCC_PLLSOURCE_HSI;
 511              		.loc 1 151 34 is_stmt 0 view .LVU151
 512 0030 0D93     		str	r3, [sp, #52]
 152:Core/Src/voltage_monitor.c ****   RCC_OscInitStruct.PLL.PLLM = RCC_PLLM_DIV1;
 513              		.loc 1 152 3 is_stmt 1 view .LVU152
 152:Core/Src/voltage_monitor.c ****   RCC_OscInitStruct.PLL.PLLM = RCC_PLLM_DIV1;
 514              		.loc 1 152 35 is_stmt 0 view .LVU153
 515 0032 0E93     		str	r3, [sp, #56]
 153:Core/Src/voltage_monitor.c ****   RCC_OscInitStruct.PLL.PLLN = 12;
 516              		.loc 1 153 3 is_stmt 1 view .LVU154
 153:Core/Src/voltage_monitor.c ****   RCC_OscInitStruct.PLL.PLLN = 12;
 517              		.loc 1 153 30 is_stmt 0 view .LVU155
 518 0034 0122     		movs	r2, #1
 519 0036 0F92     		str	r2, [sp, #60]
 154:Core/Src/voltage_monitor.c ****   RCC_OscInitStruct.PLL.PLLP = RCC_PLLP_DIV2;
 520              		.loc 1 154 3 is_stmt 1 view .LVU156
 154:Core/Src/voltage_monitor.c ****   RCC_OscInitStruct.PLL.PLLP = RCC_PLLP_DIV2;
 521              		.loc 1 154 30 is_stmt 0 view .LVU157
 522 0038 0C22     		movs	r2, #12
 523 003a 1092     		str	r2, [sp, #64]
 155:Core/Src/voltage_monitor.c ****   RCC_OscInitStruct.PLL.PLLQ = RCC_PLLQ_DIV4;
ARM GAS  /tmp/cclfvdy5.s 			page 21


 524              		.loc 1 155 3 is_stmt 1 view .LVU158
 155:Core/Src/voltage_monitor.c ****   RCC_OscInitStruct.PLL.PLLQ = RCC_PLLQ_DIV4;
 525              		.loc 1 155 30 is_stmt 0 view .LVU159
 526 003c 1193     		str	r3, [sp, #68]
 156:Core/Src/voltage_monitor.c ****   RCC_OscInitStruct.PLL.PLLR = RCC_PLLR_DIV2;
 527              		.loc 1 156 3 is_stmt 1 view .LVU160
 156:Core/Src/voltage_monitor.c ****   RCC_OscInitStruct.PLL.PLLR = RCC_PLLR_DIV2;
 528              		.loc 1 156 30 is_stmt 0 view .LVU161
 529 003e 0422     		movs	r2, #4
 530 0040 1292     		str	r2, [sp, #72]
 157:Core/Src/voltage_monitor.c ****   if (HAL_RCC_OscConfig(&RCC_OscInitStruct) != HAL_OK)
 531              		.loc 1 157 3 is_stmt 1 view .LVU162
 157:Core/Src/voltage_monitor.c ****   if (HAL_RCC_OscConfig(&RCC_OscInitStruct) != HAL_OK)
 532              		.loc 1 157 30 is_stmt 0 view .LVU163
 533 0042 1393     		str	r3, [sp, #76]
 158:Core/Src/voltage_monitor.c ****   {
 534              		.loc 1 158 3 is_stmt 1 view .LVU164
 158:Core/Src/voltage_monitor.c ****   {
 535              		.loc 1 158 7 is_stmt 0 view .LVU165
 536 0044 06A8     		add	r0, sp, #24
 537 0046 FFF7FEFF 		bl	HAL_RCC_OscConfig
 538              	.LVL25:
 158:Core/Src/voltage_monitor.c ****   {
 539              		.loc 1 158 6 view .LVU166
 540 004a 70B9     		cbnz	r0, .L40
 163:Core/Src/voltage_monitor.c ****                               |RCC_CLOCKTYPE_PCLK1|RCC_CLOCKTYPE_PCLK2;
 541              		.loc 1 163 3 is_stmt 1 view .LVU167
 163:Core/Src/voltage_monitor.c ****                               |RCC_CLOCKTYPE_PCLK1|RCC_CLOCKTYPE_PCLK2;
 542              		.loc 1 163 31 is_stmt 0 view .LVU168
 543 004c 0F23     		movs	r3, #15
 544 004e 0193     		str	r3, [sp, #4]
 165:Core/Src/voltage_monitor.c ****   RCC_ClkInitStruct.AHBCLKDivider = RCC_SYSCLK_DIV1;
 545              		.loc 1 165 3 is_stmt 1 view .LVU169
 165:Core/Src/voltage_monitor.c ****   RCC_ClkInitStruct.AHBCLKDivider = RCC_SYSCLK_DIV1;
 546              		.loc 1 165 34 is_stmt 0 view .LVU170
 547 0050 0123     		movs	r3, #1
 548 0052 0293     		str	r3, [sp, #8]
 166:Core/Src/voltage_monitor.c ****   RCC_ClkInitStruct.APB1CLKDivider = RCC_HCLK_DIV1;
 549              		.loc 1 166 3 is_stmt 1 view .LVU171
 166:Core/Src/voltage_monitor.c ****   RCC_ClkInitStruct.APB1CLKDivider = RCC_HCLK_DIV1;
 550              		.loc 1 166 35 is_stmt 0 view .LVU172
 551 0054 0021     		movs	r1, #0
 552 0056 0391     		str	r1, [sp, #12]
 167:Core/Src/voltage_monitor.c ****   RCC_ClkInitStruct.APB2CLKDivider = RCC_HCLK_DIV1;
 553              		.loc 1 167 3 is_stmt 1 view .LVU173
 167:Core/Src/voltage_monitor.c ****   RCC_ClkInitStruct.APB2CLKDivider = RCC_HCLK_DIV1;
 554              		.loc 1 167 36 is_stmt 0 view .LVU174
 555 0058 0491     		str	r1, [sp, #16]
 168:Core/Src/voltage_monitor.c **** 
 556              		.loc 1 168 3 is_stmt 1 view .LVU175
 168:Core/Src/voltage_monitor.c **** 
 557              		.loc 1 168 36 is_stmt 0 view .LVU176
 558 005a 0591     		str	r1, [sp, #20]
 170:Core/Src/voltage_monitor.c ****   {
 559              		.loc 1 170 3 is_stmt 1 view .LVU177
 170:Core/Src/voltage_monitor.c ****   {
 560              		.loc 1 170 7 is_stmt 0 view .LVU178
ARM GAS  /tmp/cclfvdy5.s 			page 22


 561 005c 01A8     		add	r0, sp, #4
 562 005e FFF7FEFF 		bl	HAL_RCC_ClockConfig
 563              	.LVL26:
 170:Core/Src/voltage_monitor.c ****   {
 564              		.loc 1 170 6 view .LVU179
 565 0062 20B9     		cbnz	r0, .L41
 174:Core/Src/voltage_monitor.c **** 
 566              		.loc 1 174 1 view .LVU180
 567 0064 15B0     		add	sp, sp, #84
 568              	.LCFI10:
 569              		.cfi_remember_state
 570              		.cfi_def_cfa_offset 4
 571              		@ sp needed
 572 0066 5DF804FB 		ldr	pc, [sp], #4
 573              	.L40:
 574              	.LCFI11:
 575              		.cfi_restore_state
 160:Core/Src/voltage_monitor.c ****   }
 576              		.loc 1 160 5 is_stmt 1 view .LVU181
 577 006a FFF7FEFF 		bl	Error_Handler
 578              	.LVL27:
 579              	.L41:
 172:Core/Src/voltage_monitor.c ****   }
 580              		.loc 1 172 5 view .LVU182
 581 006e FFF7FEFF 		bl	Error_Handler
 582              	.LVL28:
 583              		.cfi_endproc
 584              	.LFE334:
 586              		.section	.rodata.main.str1.4,"aMS",%progbits,1
 587              		.align	2
 588              	.LC0:
 589 0000 5553422D 		.ascii	"USB-C voltage monitor ready\015\012\000"
 589      4320766F 
 589      6C746167 
 589      65206D6F 
 589      6E69746F 
 590 001e 0000     		.align	2
 591              	.LC1:
 592 0020 56555342 		.ascii	"VUSB=%lu.%03lu V  (adc=%lu, vpin=%lu mV)\015\012\000"
 592      3D256C75 
 592      2E253033 
 592      6C752056 
 592      20202861 
 593              		.section	.text.main,"ax",%progbits
 594              		.align	1
 595              		.global	main
 596              		.syntax unified
 597              		.thumb
 598              		.thumb_func
 599              		.fpu fpv4-sp-d16
 601              	main:
 602              	.LFB332:
  71:Core/Src/voltage_monitor.c ****   /* MCU Configuration--------------------------------------------------------*/
 603              		.loc 1 71 1 view -0
 604              		.cfi_startproc
 605              		@ args = 0, pretend = 0, frame = 80
 606              		@ frame_needed = 0, uses_anonymous_args = 0
ARM GAS  /tmp/cclfvdy5.s 			page 23


 607 0000 00B5     		push	{lr}
 608              	.LCFI12:
 609              		.cfi_def_cfa_offset 4
 610              		.cfi_offset 14, -4
 611 0002 99B0     		sub	sp, sp, #100
 612              	.LCFI13:
 613              		.cfi_def_cfa_offset 104
  73:Core/Src/voltage_monitor.c ****   SystemClock_Config();
 614              		.loc 1 73 3 view .LVU184
 615 0004 FFF7FEFF 		bl	HAL_Init
 616              	.LVL29:
  74:Core/Src/voltage_monitor.c **** 
 617              		.loc 1 74 3 view .LVU185
 618 0008 FFF7FEFF 		bl	SystemClock_Config
 619              	.LVL30:
  77:Core/Src/voltage_monitor.c ****   MX_ADC1_Init();
 620              		.loc 1 77 3 view .LVU186
 621 000c FFF7FEFF 		bl	MX_GPIO_Init
 622              	.LVL31:
  78:Core/Src/voltage_monitor.c ****   MX_USART1_UART_Init();
 623              		.loc 1 78 3 view .LVU187
 624 0010 FFF7FEFF 		bl	MX_ADC1_Init
 625              	.LVL32:
  79:Core/Src/voltage_monitor.c **** 
 626              		.loc 1 79 3 view .LVU188
 627 0014 FFF7FEFF 		bl	MX_USART1_UART_Init
 628              	.LVL33:
  83:Core/Src/voltage_monitor.c **** 
 629              		.loc 1 83 3 view .LVU189
 630 0018 7F21     		movs	r1, #127
 631 001a 1948     		ldr	r0, .L45
 632 001c FFF7FEFF 		bl	HAL_ADCEx_Calibration_Start
 633              	.LVL34:
 634              	.LBB8:
  86:Core/Src/voltage_monitor.c ****     HAL_UART_Transmit(&huart1, (uint8_t *)banner, strlen(banner), HAL_MAX_DELAY);
 635              		.loc 1 86 5 view .LVU190
  87:Core/Src/voltage_monitor.c ****   }
 636              		.loc 1 87 5 view .LVU191
 637 0020 4FF0FF33 		mov	r3, #-1
 638 0024 1D22     		movs	r2, #29
 639 0026 1749     		ldr	r1, .L45+4
 640 0028 1748     		ldr	r0, .L45+8
 641 002a FFF7FEFF 		bl	HAL_UART_Transmit
 642              	.LVL35:
 643              	.L43:
 644              	.LBE8:
  92:Core/Src/voltage_monitor.c ****   {
 645              		.loc 1 92 3 discriminator 1 view .LVU192
 646              	.LBB9:
  95:Core/Src/voltage_monitor.c **** 
 647              		.loc 1 95 5 discriminator 1 view .LVU193
  95:Core/Src/voltage_monitor.c **** 
 648              		.loc 1 95 21 is_stmt 0 discriminator 1 view .LVU194
 649 002e FFF7FEFF 		bl	ADC_ReadOnce
 650              	.LVL36:
  98:Core/Src/voltage_monitor.c **** 
 651              		.loc 1 98 5 is_stmt 1 discriminator 1 view .LVU195
ARM GAS  /tmp/cclfvdy5.s 			page 24


  98:Core/Src/voltage_monitor.c **** 
 652              		.loc 1 98 29 is_stmt 0 discriminator 1 view .LVU196
 653 0032 40F6E443 		movw	r3, #3300
 654 0036 00FB03F3 		mul	r3, r0, r3
  98:Core/Src/voltage_monitor.c **** 
 655              		.loc 1 98 14 discriminator 1 view .LVU197
 656 003a 144A     		ldr	r2, .L45+12
 657 003c A2FB0312 		umull	r1, r2, r2, r3
 658 0040 9B1A     		subs	r3, r3, r2
 659 0042 02EB5302 		add	r2, r2, r3, lsr #1
 660 0046 D20A     		lsrs	r2, r2, #11
 661              	.LVL37:
 101:Core/Src/voltage_monitor.c **** 
 662              		.loc 1 101 5 is_stmt 1 discriminator 1 view .LVU198
 103:Core/Src/voltage_monitor.c ****     int n = snprintf(line, sizeof(line),
 663              		.loc 1 103 5 discriminator 1 view .LVU199
 104:Core/Src/voltage_monitor.c ****                      "VUSB=%lu.%03lu V  (adc=%lu, vpin=%lu mV)\r\n",
 664              		.loc 1 104 5 discriminator 1 view .LVU200
 104:Core/Src/voltage_monitor.c ****                      "VUSB=%lu.%03lu V  (adc=%lu, vpin=%lu mV)\r\n",
 665              		.loc 1 104 13 is_stmt 0 discriminator 1 view .LVU201
 666 0048 114B     		ldr	r3, .L45+16
 667 004a A3FB0213 		umull	r1, r3, r3, r2
 668 004e 9B09     		lsrs	r3, r3, #6
 669 0050 0292     		str	r2, [sp, #8]
 670 0052 0190     		str	r0, [sp, #4]
 671 0054 4FF47A71 		mov	r1, #1000
 672 0058 01FB1322 		mls	r2, r1, r3, r2
 673              	.LVL38:
 104:Core/Src/voltage_monitor.c ****                      "VUSB=%lu.%03lu V  (adc=%lu, vpin=%lu mV)\r\n",
 674              		.loc 1 104 13 discriminator 1 view .LVU202
 675 005c 0092     		str	r2, [sp]
 676 005e 0D4A     		ldr	r2, .L45+20
 677 0060 5021     		movs	r1, #80
 678 0062 04A8     		add	r0, sp, #16
 679              	.LVL39:
 104:Core/Src/voltage_monitor.c ****                      "VUSB=%lu.%03lu V  (adc=%lu, vpin=%lu mV)\r\n",
 680              		.loc 1 104 13 discriminator 1 view .LVU203
 681 0064 FFF7FEFF 		bl	snprintf
 682              	.LVL40:
 110:Core/Src/voltage_monitor.c **** 
 683              		.loc 1 110 5 is_stmt 1 discriminator 1 view .LVU204
 684 0068 4FF0FF33 		mov	r3, #-1
 685 006c 82B2     		uxth	r2, r0
 686 006e 04A9     		add	r1, sp, #16
 687 0070 0548     		ldr	r0, .L45+8
 688              	.LVL41:
 110:Core/Src/voltage_monitor.c **** 
 689              		.loc 1 110 5 is_stmt 0 discriminator 1 view .LVU205
 690 0072 FFF7FEFF 		bl	HAL_UART_Transmit
 691              	.LVL42:
 112:Core/Src/voltage_monitor.c ****     /* USER CODE END 3 */
 692              		.loc 1 112 5 is_stmt 1 discriminator 1 view .LVU206
 693 0076 C820     		movs	r0, #200
 694 0078 FFF7FEFF 		bl	HAL_Delay
 695              	.LVL43:
 696              	.LBE9:
  92:Core/Src/voltage_monitor.c ****   {
ARM GAS  /tmp/cclfvdy5.s 			page 25


 697              		.loc 1 92 9 discriminator 1 view .LVU207
 698 007c D7E7     		b	.L43
 699              	.L46:
 700 007e 00BF     		.align	2
 701              	.L45:
 702 0080 00000000 		.word	.LANCHOR0
 703 0084 00000000 		.word	.LC0
 704 0088 00000000 		.word	.LANCHOR1
 705 008c 01011000 		.word	1048833
 706 0090 D34D6210 		.word	274877907
 707 0094 20000000 		.word	.LC1
 708              		.cfi_endproc
 709              	.LFE332:
 711              		.global	huart1
 712              		.global	hadc1
 713              		.section	.bss.hadc1,"aw",%nobits
 714              		.align	2
 715              		.set	.LANCHOR0,. + 0
 718              	hadc1:
 719 0000 00000000 		.space	108
 719      00000000 
 719      00000000 
 719      00000000 
 719      00000000 
 720              		.section	.bss.huart1,"aw",%nobits
 721              		.align	2
 722              		.set	.LANCHOR1,. + 0
 725              	huart1:
 726 0000 00000000 		.space	148
 726      00000000 
 726      00000000 
 726      00000000 
 726      00000000 
 727              		.text
 728              	.Letext0:
 729              		.file 3 "/usr/lib/gcc/arm-none-eabi/10.3.1/include/stdint.h"
 730              		.file 4 "Drivers/CMSIS/Device/ST/STM32G4xx/Include/stm32g474xx.h"
 731              		.file 5 "Drivers/CMSIS/Device/ST/STM32G4xx/Include/stm32g4xx.h"
 732              		.file 6 "Drivers/STM32G4xx_HAL_Driver/Inc/stm32g4xx_hal_def.h"
 733              		.file 7 "Drivers/STM32G4xx_HAL_Driver/Inc/stm32g4xx_hal_rcc.h"
 734              		.file 8 "Drivers/STM32G4xx_HAL_Driver/Inc/stm32g4xx_hal_dma.h"
 735              		.file 9 "Drivers/STM32G4xx_HAL_Driver/Inc/stm32g4xx_hal_adc.h"
 736              		.file 10 "Drivers/STM32G4xx_HAL_Driver/Inc/stm32g4xx_hal_adc_ex.h"
 737              		.file 11 "Drivers/STM32G4xx_HAL_Driver/Inc/stm32g4xx_hal_uart.h"
 738              		.file 12 "Drivers/STM32G4xx_HAL_Driver/Inc/stm32g4xx_hal_uart_ex.h"
 739              		.file 13 "Drivers/STM32G4xx_HAL_Driver/Inc/stm32g4xx_hal_pwr_ex.h"
 740              		.file 14 "/usr/include/newlib/stdio.h"
 741              		.file 15 "Drivers/STM32G4xx_HAL_Driver/Inc/stm32g4xx_hal.h"
 742              		.file 16 "<built-in>"
ARM GAS  /tmp/cclfvdy5.s 			page 26


DEFINED SYMBOLS
                            *ABS*:0000000000000000 voltage_monitor.c
     /tmp/cclfvdy5.s:18     .text.MX_GPIO_Init:0000000000000000 $t
     /tmp/cclfvdy5.s:25     .text.MX_GPIO_Init:0000000000000000 MX_GPIO_Init
     /tmp/cclfvdy5.s:76     .text.MX_GPIO_Init:000000000000002c $d
     /tmp/cclfvdy5.s:81     .text.ADC_ReadOnce:0000000000000000 $t
     /tmp/cclfvdy5.s:87     .text.ADC_ReadOnce:0000000000000000 ADC_ReadOnce
     /tmp/cclfvdy5.s:139    .text.ADC_ReadOnce:000000000000002c $d
     /tmp/cclfvdy5.s:144    .text.Error_Handler:0000000000000000 $t
     /tmp/cclfvdy5.s:151    .text.Error_Handler:0000000000000000 Error_Handler
     /tmp/cclfvdy5.s:183    .text.MX_ADC1_Init:0000000000000000 $t
     /tmp/cclfvdy5.s:189    .text.MX_ADC1_Init:0000000000000000 MX_ADC1_Init
     /tmp/cclfvdy5.s:342    .text.MX_ADC1_Init:0000000000000090 $d
     /tmp/cclfvdy5.s:348    .text.MX_USART1_UART_Init:0000000000000000 $t
     /tmp/cclfvdy5.s:354    .text.MX_USART1_UART_Init:0000000000000000 MX_USART1_UART_Init
     /tmp/cclfvdy5.s:453    .text.MX_USART1_UART_Init:0000000000000058 $d
     /tmp/cclfvdy5.s:459    .text.SystemClock_Config:0000000000000000 $t
     /tmp/cclfvdy5.s:466    .text.SystemClock_Config:0000000000000000 SystemClock_Config
     /tmp/cclfvdy5.s:587    .rodata.main.str1.4:0000000000000000 $d
     /tmp/cclfvdy5.s:594    .text.main:0000000000000000 $t
     /tmp/cclfvdy5.s:601    .text.main:0000000000000000 main
     /tmp/cclfvdy5.s:702    .text.main:0000000000000080 $d
     /tmp/cclfvdy5.s:725    .bss.huart1:0000000000000000 huart1
     /tmp/cclfvdy5.s:718    .bss.hadc1:0000000000000000 hadc1
     /tmp/cclfvdy5.s:714    .bss.hadc1:0000000000000000 $d
     /tmp/cclfvdy5.s:721    .bss.huart1:0000000000000000 $d

UNDEFINED SYMBOLS
HAL_ADC_Start
HAL_ADC_PollForConversion
HAL_ADC_Stop
HAL_ADC_GetValue
memset
HAL_ADC_Init
HAL_ADCEx_MultiModeConfigChannel
HAL_ADC_ConfigChannel
HAL_UART_Init
HAL_UARTEx_SetTxFifoThreshold
HAL_UARTEx_SetRxFifoThreshold
HAL_UARTEx_DisableFifoMode
HAL_PWREx_ControlVoltageScaling
HAL_RCC_OscConfig
HAL_RCC_ClockConfig
HAL_Init
HAL_ADCEx_Calibration_Start
HAL_UART_Transmit
snprintf
HAL_Delay
